cd /users2/cpca56132020/moliveira/folders/Nopol_QUIXBUGS_KTH/Nopol_QuixBugs_KTH_;
export JAVA_TOOL_OPTIONS="-Dfile.encoding=UTF8 -Duser.language=en-US -Duser.country=US -Duser.language=en";
TZ="America/New_York"; export TZ;
export PATH="/users2/cpca56132020/moliveira/deps/jdk-8/bin:$PATH";
export JAVA_HOME="/users2/cpca56132020/moliveira/deps/jdk-8/bin";
time java -Xmx4g -Xms1g -cp /users2/cpca56132020/moliveira/RepairThemAll/script/../repair_tools/nopol.jar:/users2/cpca56132020/moliveira/deps/jdk-8/bin/../lib/tools.jar fr.inria.lille.repair.Main \
	--mode repair \
	--type pre_then_cond \
	--oracle angelic \
	--synthesis smt \
	--flocal gzoltar \
	--json \
	--solver z3 \
	--solver-path /users2/cpca56132020/moliveira/RepairThemAll/script/../libs/z3/build/z3 \
	--complianceLevel 8 \
	--source src/main/java \
	--classpath "target/classes:target/test-classes:/users2/cpca56132020/moliveira/.m2/repository/junit/junit/4.11/junit-4.11.jar:/users2/cpca56132020/moliveira/.m2/repository/org/hamcrest/hamcrest-core/1.3/hamcrest-core-1.3.jar:/users2/cpca56132020/moliveira/RepairThemAll/script/../repair_tools/nopol.jar";
	echo "\n\nNode: `hostname`\n";
	echo "\n\nDate: `date`\n";
Picked up JAVA_TOOL_OPTIONS: -Dfile.encoding=UTF8 -Duser.language=en-US -Duser.country=US -Duser.language=en
07:53:08.215 [main] INFO  fr.inria.lille.repair.nopol.NoPol - Source files: [src/main/java]
07:53:08.217 [main] INFO  fr.inria.lille.repair.nopol.NoPol - Classpath: [file:/users2/cpca56132020/moliveira/folders/Nopol_QUIXBUGS_KTH/Nopol_QuixBugs_KTH_/target/classes/, file:/users2/cpca56132020/moliveira/folders/Nopol_QUIXBUGS_KTH/Nopol_QuixBugs_KTH_/target/test-classes/, file:/users2/cpca56132020/moliveira/.m2/repository/junit/junit/4.11/junit-4.11.jar, file:/users2/cpca56132020/moliveira/.m2/repository/org/hamcrest/hamcrest-core/1.3/hamcrest-core-1.3.jar, file:/users2/cpca56132020/moliveira/RepairThemAll/script/../repair_tools/nopol.jar]
07:53:08.217 [main] INFO  fr.inria.lille.repair.nopol.NoPol - Statement type: PRE_THEN_COND
07:53:08.218 [main] INFO  fr.inria.lille.repair.nopol.NoPol - Args: [java_testcases.junit.KTH_Test]
07:53:08.220 [main] INFO  fr.inria.lille.repair.nopol.NoPol - Config: Config{synthesisDepth=3, collectStaticMethods=true, collectStaticFields=false, collectLiterals=false, onlyOneSynthesisResult=true, sortExpressions=true, maxLineInvocationPerTest=250, timeoutMethodInvocation=2000, dataCollectionTimeoutInSecondForSynthesis=900, addWeight=0.19478, subWeight=0.04554, mulWeight=0.0102, divWeight=0.00613, andWeight=0.10597, orWeight=0.05708, eqWeight=0.22798, nEqWeight=0.0, lessEqWeight=0.0255, lessWeight=0.0947, methodCallWeight=0.1, fieldAccessWeight=0.08099, constantWeight=0.14232, variableWeight=0.05195, mode=REPAIR, type=PRE_THEN_COND, synthesis=SMT, oracle=ANGELIC, solver=Z3, solverPath='/users2/cpca56132020/moliveira/RepairThemAll/script/../libs/z3/build/z3', projectSources=[src/main/java], projectClasspath='[Ljava.net.URL;@16c0663d', projectTests=[java_testcases.junit.KTH_Test], complianceLevel=8, outputFolder=., json=true}
07:53:08.220 [main] INFO  fr.inria.lille.repair.nopol.NoPol - Available processors (cores): 1
07:53:08.223 [main] INFO  fr.inria.lille.repair.nopol.NoPol - Free memory: 968 MB
07:53:08.223 [main] INFO  fr.inria.lille.repair.nopol.NoPol - Maximum memory: 3 GB
07:53:08.223 [main] INFO  fr.inria.lille.repair.nopol.NoPol - Total memory available to JVM: 989 MB
07:53:08.223 [main] INFO  fr.inria.lille.repair.nopol.NoPol - Java version: 1.8.0_282
07:53:08.227 [main] INFO  fr.inria.lille.repair.nopol.NoPol - JAVA_HOME: /users2/cpca56132020/moliveira/deps/jdk-8/bin
07:53:08.227 [main] INFO  fr.inria.lille.repair.nopol.NoPol - PATH: /users2/cpca56132020/moliveira/deps/jdk-8/bin:/users2/cpca56132020/moliveira/deps/Maven/apache-maven/bin:/users2/cpca56132020/moliveira/deps/Gradle/gradle-6.8.3/bin:/usr/condabin:/usr/local/bin:/usr/bin:/usr/local/sbin:/usr/sbin:/users2/cpca56132020/moliveira/.local/bin:/users2/cpca56132020/moliveira/bin
07:53:15.949 [pool-2-thread-1] DEBUG fr.inria.lille.repair.nopol.NoPol - statement #1
07:53:15.951 [pool-2-thread-1] DEBUG fr.inria.lille.repair.nopol.NoPol - Analysing SourceLocation java_programs.KTH:25 which is executed by 4 tests
74752
07:53:16.116 [pool-2-thread-1] DEBUG fr.inria.lille.repair.nopol.NoPol - looking with class fr.inria.lille.repair.nopol.spoon.smt.ConditionalAdder
07:53:16.822 [pool-3-thread-1] ERROR x.java.compiler.DynamicClassCompiler - [Compilation errors]
KTH.java:47: error: missing return statement
    }
    ^
07:53:16.832 [pool-3-thread-1] ERROR f.i.l.r.n.s.ConstraintModelBuilder - Unable to compile the change: 
public class KTH {
    public static java.lang.Integer kth(java.util.ArrayList<java.lang.Integer> arr, int k) {
        int pivot = arr.get(0);
        java.util.ArrayList<java.lang.Integer> below;
        java.util.ArrayList<java.lang.Integer> above;
        below = new java.util.ArrayList<java.lang.Integer>(arr.size());
        above = new java.util.ArrayList<java.lang.Integer>(arr.size());
        for (java.lang.Integer x : arr) {
            if (x < pivot) {
                below.add(x);
            } else
                if (x > pivot) {
                    above.add(x);
                }

        }
        int num_less = below.size();
        int num_lessoreq = arr.size() - above.size();
        if (k < num_less) {
            return java_programs.KTH.kth(below, k);
        } else
            if (k >= num_lessoreq) {
                boolean spoonDefaultValue = false;
                try {
                    spoonDefaultValue = true;
                } catch (java.lang.Exception __NopolProcessorException) {
                }
                boolean runtimeAngelicValue = fr.inria.lille.repair.nopol.synth.AngelicExecution.angelicValue(spoonDefaultValue);
                if (fr.inria.lille.commons.trace.RuntimeValues.instance(0).isEnabled()) {
                    fr.inria.lille.commons.trace.RuntimeValues.instance(0).collectionStarts();
                    try{fr.inria.lille.commons.trace.RuntimeValues.instance(0).collectInput("arr",arr);} catch (Exception ex1) {ex1.printStackTrace();};
                    try{fr.inria.lille.commons.trace.RuntimeValues.instance(0).collectInput("pivot",pivot);} catch (Exception ex1) {ex1.printStackTrace();};
                    try{fr.inria.lille.commons.trace.RuntimeValues.instance(0).collectInput("k",k);} catch (Exception ex1) {ex1.printStackTrace();};
                    try{fr.inria.lille.commons.trace.RuntimeValues.instance(0).collectInput("num_less",num_less);} catch (Exception ex1) {ex1.printStackTrace();};
                    try{fr.inria.lille.commons.trace.RuntimeValues.instance(0).collectInput("num_lessoreq",num_lessoreq);} catch (Exception ex1) {ex1.printStackTrace();};
                    fr.inria.lille.commons.trace.RuntimeValues.instance(0).collectOutput(runtimeAngelicValue);
                    fr.inria.lille.commons.trace.RuntimeValues.instance(0).collectionEnds();
                }
                if (runtimeAngelicValue)
                    return java_programs.KTH.kth(above, k);

            } else {
                return pivot;
            }

    }
}
07:53:16.832 [pool-2-thread-1] ERROR fr.inria.lille.repair.nopol.NoPol - Error ExecutionException java.util.concurrent.ExecutionException: xxl.java.compiler.DynamicCompilationException: Aborting: dynamic compilation failed
07:53:16.832 [pool-2-thread-1] DEBUG fr.inria.lille.repair.nopol.NoPol - statement #2
07:53:16.833 [pool-2-thread-1] DEBUG fr.inria.lille.repair.nopol.NoPol - Analysing SourceLocation java_programs.KTH:16 which is executed by 6 tests
74752
07:53:16.894 [pool-2-thread-1] DEBUG fr.inria.lille.repair.nopol.NoPol - looking with class fr.inria.lille.repair.nopol.spoon.smt.ConditionalAdder
07:53:17.232 [pool-5-thread-1] DEBUG tests.output - Failing tests with false: 
[test_1(java_testcases.junit.KTH_Test): expected:<7> but was:<3>, test_0(java_testcases.junit.KTH_Test): expected:<5> but was:<1>, test_5(java_testcases.junit.KTH_Test): expected:<6> but was:<2>, test_6(java_testcases.junit.KTH_Test): expected:<322> but was:<45>]
07:53:17.232 [pool-5-thread-1] DEBUG tests.output - Failing tests with true: 
[test_1(java_testcases.junit.KTH_Test): Index: 0, Size: 0, test_0(java_testcases.junit.KTH_Test): Index: 0, Size: 0, test_5(java_testcases.junit.KTH_Test): Index: 0, Size: 0, test_6(java_testcases.junit.KTH_Test): Index: 0, Size: 0]
07:53:17.232 [pool-5-thread-1] INFO  f.i.l.r.n.synth.SMTNopolSynthesizer - Not enough specifications: 0. A trivial patch is "true" or "false", please write new tests specifying SourceLocation java_programs.KTH:16.
07:53:17.234 [pool-2-thread-1] DEBUG fr.inria.lille.repair.nopol.NoPol - statement #3
07:53:17.234 [pool-2-thread-1] DEBUG fr.inria.lille.repair.nopol.NoPol - Analysing SourceLocation java_programs.KTH:24 which is executed by 7 tests
74752
07:53:17.320 [pool-2-thread-1] DEBUG fr.inria.lille.repair.nopol.NoPol - looking with class fr.inria.lille.repair.nopol.spoon.smt.ConditionalAdder
07:53:17.752 [pool-15-thread-1] ERROR x.java.compiler.DynamicClassCompiler - [Compilation errors]
KTH.java:46: error: missing return statement
    }
    ^
07:53:17.756 [pool-15-thread-1] ERROR f.i.l.r.n.s.ConstraintModelBuilder - Unable to compile the change: 
public class KTH {
    public static java.lang.Integer kth(java.util.ArrayList<java.lang.Integer> arr, int k) {
        int pivot = arr.get(0);
        java.util.ArrayList<java.lang.Integer> below;
        java.util.ArrayList<java.lang.Integer> above;
        below = new java.util.ArrayList<java.lang.Integer>(arr.size());
        above = new java.util.ArrayList<java.lang.Integer>(arr.size());
        for (java.lang.Integer x : arr) {
            if (x < pivot) {
                below.add(x);
            } else
                if (x > pivot) {
                    above.add(x);
                }

        }
        int num_less = below.size();
        int num_lessoreq = arr.size() - above.size();
        if (k < num_less) {
            return java_programs.KTH.kth(below, k);
        } else {
            boolean spoonDefaultValue = false;
            try {
                spoonDefaultValue = true;
            } catch (java.lang.Exception __NopolProcessorException) {
            }
            boolean runtimeAngelicValue = fr.inria.lille.repair.nopol.synth.AngelicExecution.angelicValue(spoonDefaultValue);
            if (fr.inria.lille.commons.trace.RuntimeValues.instance(2).isEnabled()) {
                fr.inria.lille.commons.trace.RuntimeValues.instance(2).collectionStarts();
                try{fr.inria.lille.commons.trace.RuntimeValues.instance(2).collectInput("arr",arr);} catch (Exception ex1) {ex1.printStackTrace();};
                try{fr.inria.lille.commons.trace.RuntimeValues.instance(2).collectInput("pivot",pivot);} catch (Exception ex1) {ex1.printStackTrace();};
                try{fr.inria.lille.commons.trace.RuntimeValues.instance(2).collectInput("k",k);} catch (Exception ex1) {ex1.printStackTrace();};
                try{fr.inria.lille.commons.trace.RuntimeValues.instance(2).collectInput("num_less",num_less);} catch (Exception ex1) {ex1.printStackTrace();};
                try{fr.inria.lille.commons.trace.RuntimeValues.instance(2).collectInput("k >= num_lessoreq",k >= num_lessoreq);} catch (Exception ex1) {ex1.printStackTrace();};
                try{fr.inria.lille.commons.trace.RuntimeValues.instance(2).collectInput("num_lessoreq",num_lessoreq);} catch (Exception ex1) {ex1.printStackTrace();};
                fr.inria.lille.commons.trace.RuntimeValues.instance(2).collectOutput(runtimeAngelicValue);
                fr.inria.lille.commons.trace.RuntimeValues.instance(2).collectionEnds();
            }
            if (runtimeAngelicValue) if (k >= num_lessoreq) {
                return java_programs.KTH.kth(above, k);
            } else {
                return pivot;
            }
        }
    }
}
07:53:17.759 [pool-2-thread-1] ERROR fr.inria.lille.repair.nopol.NoPol - Error ExecutionException java.util.concurrent.ExecutionException: xxl.java.compiler.DynamicCompilationException: Aborting: dynamic compilation failed
07:53:17.759 [pool-2-thread-1] DEBUG fr.inria.lille.repair.nopol.NoPol - looking with class fr.inria.lille.repair.nopol.spoon.smt.ConditionalReplacer
07:53:18.021 [pool-17-thread-1] DEBUG tests.output - Failing tests with false: 
[test_1(java_testcases.junit.KTH_Test): expected:<7> but was:<3>, test_0(java_testcases.junit.KTH_Test): expected:<5> but was:<1>, test_5(java_testcases.junit.KTH_Test): expected:<6> but was:<2>, test_6(java_testcases.junit.KTH_Test): expected:<322> but was:<45>]
07:53:18.021 [pool-17-thread-1] DEBUG tests.output - Failing tests with true: 
[test_1(java_testcases.junit.KTH_Test): Index: 0, Size: 0, test_0(java_testcases.junit.KTH_Test): Index: 0, Size: 0, test_5(java_testcases.junit.KTH_Test): Index: 0, Size: 0, test_6(java_testcases.junit.KTH_Test): Index: 0, Size: 0]
07:53:18.021 [pool-17-thread-1] INFO  f.i.l.r.n.synth.SMTNopolSynthesizer - Not enough specifications: 0. A trivial patch is "true" or "false", please write new tests specifying SourceLocation java_programs.KTH:24.
07:53:18.021 [pool-2-thread-1] DEBUG fr.inria.lille.repair.nopol.NoPol - statement #4
07:53:18.021 [pool-2-thread-1] DEBUG fr.inria.lille.repair.nopol.NoPol - Analysing SourceLocation java_programs.KTH:22 which is executed by 7 tests
74752
07:53:18.107 [pool-2-thread-1] DEBUG fr.inria.lille.repair.nopol.NoPol - looking with class fr.inria.lille.repair.nopol.spoon.smt.ConditionalReplacer
07:53:18.373 [pool-27-thread-1] DEBUG tests.output - Failing tests with false: 
[test_1(java_testcases.junit.KTH_Test): Index: 0, Size: 0, test_0(java_testcases.junit.KTH_Test): Index: 0, Size: 0, test_5(java_testcases.junit.KTH_Test): expected:<6> but was:<45>, test_6(java_testcases.junit.KTH_Test): Index: 0, Size: 0]
07:53:18.373 [pool-27-thread-1] DEBUG tests.output - Failing tests with true: 
[test_1(java_testcases.junit.KTH_Test): Index: 0, Size: 0, test_0(java_testcases.junit.KTH_Test): Index: 0, Size: 0, test_5(java_testcases.junit.KTH_Test): Index: 0, Size: 0, test_6(java_testcases.junit.KTH_Test): Index: 0, Size: 0]
07:53:18.373 [pool-27-thread-1] INFO  f.i.l.r.n.synth.SMTNopolSynthesizer - Not enough specifications: 0. A trivial patch is "true" or "false", please write new tests specifying SourceLocation java_programs.KTH:22.
07:53:18.373 [pool-2-thread-1] DEBUG fr.inria.lille.repair.nopol.NoPol - statement #5
07:53:18.373 [pool-2-thread-1] DEBUG fr.inria.lille.repair.nopol.NoPol - Analysing SourceLocation java_programs.KTH:21 which is executed by 7 tests
74752
07:53:18.425 [pool-2-thread-1] DEBUG fr.inria.lille.repair.nopol.NoPol - statement #6
07:53:18.425 [pool-2-thread-1] DEBUG fr.inria.lille.repair.nopol.NoPol - Analysing SourceLocation java_programs.KTH:20 which is executed by 7 tests
74752
07:53:18.507 [pool-2-thread-1] DEBUG fr.inria.lille.repair.nopol.NoPol - statement #7
07:53:18.507 [pool-2-thread-1] DEBUG fr.inria.lille.repair.nopol.NoPol - Analysing SourceLocation java_programs.KTH:18 which is executed by 7 tests
74752
07:53:18.575 [pool-2-thread-1] DEBUG fr.inria.lille.repair.nopol.NoPol - statement #8
07:53:18.575 [pool-2-thread-1] DEBUG fr.inria.lille.repair.nopol.NoPol - Analysing SourceLocation java_programs.KTH:15 which is executed by 7 tests
74752
07:53:18.639 [pool-2-thread-1] DEBUG fr.inria.lille.repair.nopol.NoPol - looking with class fr.inria.lille.repair.nopol.spoon.smt.ConditionalAdder
07:53:18.865 [pool-37-thread-1] DEBUG tests.output - Failing tests with false: 
[test_1(java_testcases.junit.KTH_Test): expected:<7> but was:<3>, test_0(java_testcases.junit.KTH_Test): expected:<5> but was:<1>, test_5(java_testcases.junit.KTH_Test): expected:<6> but was:<2>, test_6(java_testcases.junit.KTH_Test): expected:<322> but was:<45>]
07:53:18.865 [pool-37-thread-1] DEBUG tests.output - Failing tests with true: 
[test_1(java_testcases.junit.KTH_Test): Index: 0, Size: 0, test_0(java_testcases.junit.KTH_Test): Index: 0, Size: 0, test_5(java_testcases.junit.KTH_Test): Index: 0, Size: 0, test_6(java_testcases.junit.KTH_Test): Index: 0, Size: 0]
07:53:18.865 [pool-37-thread-1] INFO  f.i.l.r.n.synth.SMTNopolSynthesizer - Not enough specifications: 0. A trivial patch is "true" or "false", please write new tests specifying SourceLocation java_programs.KTH:15.
07:53:18.865 [pool-2-thread-1] DEBUG fr.inria.lille.repair.nopol.NoPol - looking with class fr.inria.lille.repair.nopol.spoon.smt.ConditionalReplacer
07:53:28.440 [pool-47-thread-1] DEBUG tests.output - Failing tests with false: 
[test_1(java_testcases.junit.KTH_Test): expected:<7> but was:<3>, test_0(java_testcases.junit.KTH_Test): expected:<5> but was:<1>, test_5(java_testcases.junit.KTH_Test): expected:<6> but was:<2>, test_6(java_testcases.junit.KTH_Test): expected:<322> but was:<45>]
07:53:28.441 [pool-47-thread-1] DEBUG tests.output - Failing tests with true: 
[test_1(java_testcases.junit.KTH_Test): null, test_0(java_testcases.junit.KTH_Test): test timed out after 3000 milliseconds, test_5(java_testcases.junit.KTH_Test): test timed out after 3000 milliseconds, test_6(java_testcases.junit.KTH_Test): test timed out after 3000 milliseconds]
07:53:28.441 [pool-47-thread-1] INFO  f.i.l.r.n.synth.SMTNopolSynthesizer - Not enough specifications: 0. A trivial patch is "true" or "false", please write new tests specifying SourceLocation java_programs.KTH:15.
07:53:28.441 [pool-2-thread-1] DEBUG fr.inria.lille.repair.nopol.NoPol - statement #9
07:53:28.441 [pool-2-thread-1] DEBUG fr.inria.lille.repair.nopol.NoPol - Analysing SourceLocation java_programs.KTH:13 which is executed by 7 tests
74752
07:53:28.567 [pool-2-thread-1] DEBUG fr.inria.lille.repair.nopol.NoPol - looking with class fr.inria.lille.repair.nopol.spoon.smt.ConditionalAdder
07:53:29.737 [pool-57-thread-1] DEBUG tests.output - Failing tests with false: 
[test_1(java_testcases.junit.KTH_Test): expected:<7> but was:<3>, test_0(java_testcases.junit.KTH_Test): expected:<5> but was:<1>, test_5(java_testcases.junit.KTH_Test): expected:<6> but was:<45>, test_6(java_testcases.junit.KTH_Test): expected:<322> but was:<45>]
07:53:29.737 [pool-57-thread-1] DEBUG tests.output - Failing tests with true: 
[test_1(java_testcases.junit.KTH_Test): Index: 0, Size: 0, test_0(java_testcases.junit.KTH_Test): Index: 0, Size: 0, test_5(java_testcases.junit.KTH_Test): Index: 0, Size: 0, test_6(java_testcases.junit.KTH_Test): Index: 0, Size: 0]
07:53:29.738 [pool-57-thread-1] INFO  f.i.l.r.n.synth.SMTNopolSynthesizer - Not enough specifications: 0. A trivial patch is "true" or "false", please write new tests specifying SourceLocation java_programs.KTH:13.
07:53:29.738 [pool-2-thread-1] DEBUG fr.inria.lille.repair.nopol.NoPol - looking with class fr.inria.lille.repair.nopol.spoon.smt.ConditionalReplacer
07:53:40.145 [pool-67-thread-1] DEBUG tests.output - Failing tests with false: 
[test_1(java_testcases.junit.KTH_Test): Index: 0, Size: 0, test_0(java_testcases.junit.KTH_Test): Index: 0, Size: 0, test_5(java_testcases.junit.KTH_Test): expected:<6> but was:<45>, test_6(java_testcases.junit.KTH_Test): Index: 0, Size: 0]
07:53:40.147 [pool-67-thread-1] DEBUG tests.output - Failing tests with true: 
[test_1(java_testcases.junit.KTH_Test): null, test_0(java_testcases.junit.KTH_Test): test timed out after 3000 milliseconds, test_5(java_testcases.junit.KTH_Test): test timed out after 3000 milliseconds, test_6(java_testcases.junit.KTH_Test): test timed out after 3000 milliseconds]
07:53:40.147 [pool-67-thread-1] INFO  f.i.l.r.n.synth.SMTNopolSynthesizer - Not enough specifications: 0. A trivial patch is "true" or "false", please write new tests specifying SourceLocation java_programs.KTH:13.
07:53:40.147 [pool-2-thread-1] DEBUG fr.inria.lille.repair.nopol.NoPol - statement #10
07:53:40.147 [pool-2-thread-1] DEBUG fr.inria.lille.repair.nopol.NoPol - Analysing SourceLocation java_programs.KTH:12 which is executed by 7 tests
74752
07:53:40.312 [pool-2-thread-1] DEBUG fr.inria.lille.repair.nopol.NoPol - looking with class fr.inria.lille.repair.nopol.spoon.smt.ConditionalAdder
07:53:42.114 [pool-77-thread-1] DEBUG tests.output - Failing tests with false: 
[test_1(java_testcases.junit.KTH_Test): expected:<7> but was:<3>, test_0(java_testcases.junit.KTH_Test): expected:<5> but was:<1>, test_5(java_testcases.junit.KTH_Test): expected:<6> but was:<45>, test_6(java_testcases.junit.KTH_Test): expected:<322> but was:<45>]
07:53:42.115 [pool-77-thread-1] DEBUG tests.output - Failing tests with true: 
[test_1(java_testcases.junit.KTH_Test): Index: 0, Size: 0, test_0(java_testcases.junit.KTH_Test): Index: 0, Size: 0, test_5(java_testcases.junit.KTH_Test): Index: 0, Size: 0, test_6(java_testcases.junit.KTH_Test): Index: 0, Size: 0]
07:53:42.115 [pool-77-thread-1] INFO  f.i.l.r.n.synth.SMTNopolSynthesizer - Not enough specifications: 0. A trivial patch is "true" or "false", please write new tests specifying SourceLocation java_programs.KTH:12.
07:53:42.115 [pool-2-thread-1] DEBUG fr.inria.lille.repair.nopol.NoPol - statement #11
07:53:42.115 [pool-2-thread-1] DEBUG fr.inria.lille.repair.nopol.NoPol - Analysing SourceLocation java_programs.KTH:11 which is executed by 7 tests
74752
07:53:42.265 [pool-2-thread-1] DEBUG fr.inria.lille.repair.nopol.NoPol - looking with class fr.inria.lille.repair.nopol.spoon.smt.ConditionalAdder
07:53:43.482 [pool-87-thread-1] ERROR x.java.compiler.DynamicClassCompiler - [Compilation errors]
KTH.java:30: error: variable above might not have been initialized
                    above.add(x);
                    ^
KTH.java:35: error: variable above might not have been initialized
        int num_lessoreq = arr.size() - above.size();
                                        ^
07:53:43.485 [pool-87-thread-1] ERROR f.i.l.r.n.s.ConstraintModelBuilder - Unable to compile the change: 
public class KTH {
    public static java.lang.Integer kth(java.util.ArrayList<java.lang.Integer> arr, int k) {
        int pivot = arr.get(0);
        java.util.ArrayList<java.lang.Integer> below;
        java.util.ArrayList<java.lang.Integer> above;
        below = new java.util.ArrayList<java.lang.Integer>(arr.size());
        boolean spoonDefaultValue = false;
        try {
            spoonDefaultValue = true;
        } catch (java.lang.Exception __NopolProcessorException) {
        }
        boolean runtimeAngelicValue = fr.inria.lille.repair.nopol.synth.AngelicExecution.angelicValue(spoonDefaultValue);
        if (fr.inria.lille.commons.trace.RuntimeValues.instance(10).isEnabled()) {
            fr.inria.lille.commons.trace.RuntimeValues.instance(10).collectionStarts();
            try{fr.inria.lille.commons.trace.RuntimeValues.instance(10).collectInput("arr",arr);} catch (Exception ex1) {ex1.printStackTrace();};
            try{fr.inria.lille.commons.trace.RuntimeValues.instance(10).collectInput("pivot",pivot);} catch (Exception ex1) {ex1.printStackTrace();};
            try{fr.inria.lille.commons.trace.RuntimeValues.instance(10).collectInput("k",k);} catch (Exception ex1) {ex1.printStackTrace();};
            fr.inria.lille.commons.trace.RuntimeValues.instance(10).collectOutput(runtimeAngelicValue);
            fr.inria.lille.commons.trace.RuntimeValues.instance(10).collectionEnds();
        }
        if (runtimeAngelicValue)
            above = new java.util.ArrayList<java.lang.Integer>(arr.size());

        for (java.lang.Integer x : arr) {
            if (x < pivot) {
                below.add(x);
            } else
                if (x > pivot) {
                    above.add(x);
                }

        }
        int num_less = below.size();
        int num_lessoreq = arr.size() - above.size();
        if (k < num_less) {
            return java_programs.KTH.kth(below, k);
        } else
            if (k >= num_lessoreq) {
                return java_programs.KTH.kth(above, k);
            } else {
                return pivot;
            }

    }
}
07:53:43.486 [pool-2-thread-1] ERROR fr.inria.lille.repair.nopol.NoPol - Error ExecutionException java.util.concurrent.ExecutionException: xxl.java.compiler.DynamicCompilationException: Aborting: dynamic compilation failed
07:53:43.486 [pool-2-thread-1] DEBUG fr.inria.lille.repair.nopol.NoPol - statement #12
07:53:43.486 [pool-2-thread-1] DEBUG fr.inria.lille.repair.nopol.NoPol - Analysing SourceLocation java_programs.KTH:10 which is executed by 7 tests
74752
07:53:43.646 [pool-2-thread-1] DEBUG fr.inria.lille.repair.nopol.NoPol - looking with class fr.inria.lille.repair.nopol.spoon.smt.ConditionalAdder
07:53:44.880 [pool-89-thread-1] ERROR x.java.compiler.DynamicClassCompiler - [Compilation errors]
KTH.java:27: error: variable below might not have been initialized
                below.add(x);
                ^
KTH.java:34: error: variable below might not have been initialized
        int num_less = below.size();
                       ^
07:53:44.883 [pool-89-thread-1] ERROR f.i.l.r.n.s.ConstraintModelBuilder - Unable to compile the change: 
public class KTH {
    public static java.lang.Integer kth(java.util.ArrayList<java.lang.Integer> arr, int k) {
        int pivot = arr.get(0);
        java.util.ArrayList<java.lang.Integer> below;
        java.util.ArrayList<java.lang.Integer> above;
        boolean spoonDefaultValue = false;
        try {
            spoonDefaultValue = true;
        } catch (java.lang.Exception __NopolProcessorException) {
        }
        boolean runtimeAngelicValue = fr.inria.lille.repair.nopol.synth.AngelicExecution.angelicValue(spoonDefaultValue);
        if (fr.inria.lille.commons.trace.RuntimeValues.instance(11).isEnabled()) {
            fr.inria.lille.commons.trace.RuntimeValues.instance(11).collectionStarts();
            try{fr.inria.lille.commons.trace.RuntimeValues.instance(11).collectInput("arr",arr);} catch (Exception ex1) {ex1.printStackTrace();};
            try{fr.inria.lille.commons.trace.RuntimeValues.instance(11).collectInput("pivot",pivot);} catch (Exception ex1) {ex1.printStackTrace();};
            try{fr.inria.lille.commons.trace.RuntimeValues.instance(11).collectInput("k",k);} catch (Exception ex1) {ex1.printStackTrace();};
            fr.inria.lille.commons.trace.RuntimeValues.instance(11).collectOutput(runtimeAngelicValue);
            fr.inria.lille.commons.trace.RuntimeValues.instance(11).collectionEnds();
        }
        if (runtimeAngelicValue)
            below = new java.util.ArrayList<java.lang.Integer>(arr.size());

        above = new java.util.ArrayList<java.lang.Integer>(arr.size());
        for (java.lang.Integer x : arr) {
            if (x < pivot) {
                below.add(x);
            } else
                if (x > pivot) {
                    above.add(x);
                }

        }
        int num_less = below.size();
        int num_lessoreq = arr.size() - above.size();
        if (k < num_less) {
            return java_programs.KTH.kth(below, k);
        } else
            if (k >= num_lessoreq) {
                return java_programs.KTH.kth(above, k);
            } else {
                return pivot;
            }

    }
}
07:53:44.884 [pool-2-thread-1] ERROR fr.inria.lille.repair.nopol.NoPol - Error ExecutionException java.util.concurrent.ExecutionException: xxl.java.compiler.DynamicCompilationException: Aborting: dynamic compilation failed
07:53:44.884 [pool-2-thread-1] DEBUG fr.inria.lille.repair.nopol.NoPol - statement #13
07:53:44.884 [pool-2-thread-1] DEBUG fr.inria.lille.repair.nopol.NoPol - Analysing SourceLocation java_programs.KTH:8 which is executed by 7 tests
74752
07:53:45.032 [pool-2-thread-1] DEBUG fr.inria.lille.repair.nopol.NoPol - statement #14
07:53:45.032 [pool-2-thread-1] DEBUG fr.inria.lille.repair.nopol.NoPol - Analysing SourceLocation java_programs.KTH:14 which is executed by 5 tests
74752
07:53:45.261 [pool-2-thread-1] DEBUG fr.inria.lille.repair.nopol.NoPol - looking with class fr.inria.lille.repair.nopol.spoon.smt.ConditionalAdder
07:53:46.803 [pool-91-thread-1] DEBUG tests.output - Failing tests with false: 
[test_1(java_testcases.junit.KTH_Test): Index: 0, Size: 0, test_0(java_testcases.junit.KTH_Test): Index: 0, Size: 0, test_5(java_testcases.junit.KTH_Test): expected:<6> but was:<45>, test_6(java_testcases.junit.KTH_Test): Index: 0, Size: 0]
07:53:46.803 [pool-91-thread-1] DEBUG tests.output - Failing tests with true: 
[test_1(java_testcases.junit.KTH_Test): Index: 0, Size: 0, test_0(java_testcases.junit.KTH_Test): Index: 0, Size: 0, test_5(java_testcases.junit.KTH_Test): Index: 0, Size: 0, test_6(java_testcases.junit.KTH_Test): Index: 0, Size: 0]
07:53:46.804 [pool-91-thread-1] INFO  f.i.l.r.n.synth.SMTNopolSynthesizer - Not enough specifications: 0. A trivial patch is "true" or "false", please write new tests specifying SourceLocation java_programs.KTH:14.
07:53:46.807 [pool-2-thread-1] DEBUG fr.inria.lille.repair.nopol.NoPol - statement #15
07:53:46.807 [pool-2-thread-1] DEBUG fr.inria.lille.repair.nopol.NoPol - Analysing SourceLocation java_programs.KTH:23 which is executed by 1 tests
74752
07:53:46.973 [pool-2-thread-1] DEBUG fr.inria.lille.repair.nopol.NoPol - looking with class fr.inria.lille.repair.nopol.spoon.smt.ConditionalAdder
07:53:47.649 [pool-101-thread-1] ERROR x.java.compiler.DynamicClassCompiler - [Compilation errors]
KTH.java:47: error: missing return statement
    }
    ^
07:53:47.653 [pool-101-thread-1] ERROR f.i.l.r.n.s.ConstraintModelBuilder - Unable to compile the change: 
public class KTH {
    public static java.lang.Integer kth(java.util.ArrayList<java.lang.Integer> arr, int k) {
        int pivot = arr.get(0);
        java.util.ArrayList<java.lang.Integer> below;
        java.util.ArrayList<java.lang.Integer> above;
        below = new java.util.ArrayList<java.lang.Integer>(arr.size());
        above = new java.util.ArrayList<java.lang.Integer>(arr.size());
        for (java.lang.Integer x : arr) {
            if (x < pivot) {
                below.add(x);
            } else
                if (x > pivot) {
                    above.add(x);
                }

        }
        int num_less = below.size();
        int num_lessoreq = arr.size() - above.size();
        if (k < num_less) {
            boolean spoonDefaultValue = false;
            try {
                spoonDefaultValue = true;
            } catch (java.lang.Exception __NopolProcessorException) {
            }
            boolean runtimeAngelicValue = fr.inria.lille.repair.nopol.synth.AngelicExecution.angelicValue(spoonDefaultValue);
            if (fr.inria.lille.commons.trace.RuntimeValues.instance(13).isEnabled()) {
                fr.inria.lille.commons.trace.RuntimeValues.instance(13).collectionStarts();
                try{fr.inria.lille.commons.trace.RuntimeValues.instance(13).collectInput("arr",arr);} catch (Exception ex1) {ex1.printStackTrace();};
                try{fr.inria.lille.commons.trace.RuntimeValues.instance(13).collectInput("pivot",pivot);} catch (Exception ex1) {ex1.printStackTrace();};
                try{fr.inria.lille.commons.trace.RuntimeValues.instance(13).collectInput("k",k);} catch (Exception ex1) {ex1.printStackTrace();};
                try{fr.inria.lille.commons.trace.RuntimeValues.instance(13).collectInput("num_less",num_less);} catch (Exception ex1) {ex1.printStackTrace();};
                try{fr.inria.lille.commons.trace.RuntimeValues.instance(13).collectInput("num_lessoreq",num_lessoreq);} catch (Exception ex1) {ex1.printStackTrace();};
                fr.inria.lille.commons.trace.RuntimeValues.instance(13).collectOutput(runtimeAngelicValue);
                fr.inria.lille.commons.trace.RuntimeValues.instance(13).collectionEnds();
            }
            if (runtimeAngelicValue)
                return java_programs.KTH.kth(below, k);

        } else
            if (k >= num_lessoreq) {
                return java_programs.KTH.kth(above, k);
            } else {
                return pivot;
            }

    }
}
07:53:47.654 [pool-2-thread-1] ERROR fr.inria.lille.repair.nopol.NoPol - Error ExecutionException java.util.concurrent.ExecutionException: xxl.java.compiler.DynamicCompilationException: Aborting: dynamic compilation failed
07:53:47.654 [pool-2-thread-1] INFO  fr.inria.lille.repair.nopol.NoPol - ----INFORMATION----
07:53:47.682 [pool-2-thread-1] INFO  fr.inria.lille.repair.nopol.NoPol - Nb classes : 3
07:53:47.682 [pool-2-thread-1] INFO  fr.inria.lille.repair.nopol.NoPol - Nb methods : 9
07:53:47.682 [pool-2-thread-1] INFO  fr.inria.lille.repair.nopol.NoPol - Nb Statements Analyzed : 14
07:53:47.682 [pool-2-thread-1] INFO  fr.inria.lille.repair.nopol.NoPol - Nb Statements with Angelic Value Found : 0
07:53:47.682 [pool-2-thread-1] INFO  fr.inria.lille.repair.nopol.NoPol - Nb inputs in SMT : 0
07:53:47.713 [pool-2-thread-1] INFO  fr.inria.lille.repair.nopol.NoPol - Nb SMT level: 0
07:53:47.713 [pool-2-thread-1] INFO  fr.inria.lille.repair.nopol.NoPol - Nb variables in SMT : 0
07:53:47.713 [pool-2-thread-1] INFO  fr.inria.lille.repair.nopol.NoPol - NoPol Execution time : 39441ms
07:53:47.713 [pool-2-thread-1] INFO  fr.inria.lille.repair.nopol.NoPol - 
NO_ANGELIC_VALUE

real	0m40.226s
user	0m34.139s
sys	0m5.507s
\n\nNode: hpc060.ncg.ingrid.pt\n
\n\nDate: Tue Mar 30 07:53:48 EDT 2021\n
