10:00:43.162 fr.inria.lille.repair.nopol.NoPol - Source files: [src/main/java]
10:00:43.169 fr.inria.lille.repair.nopol.NoPol - Classpath: [file:/users2/cpca56132020/moliveira/folders/Nopol_QUIXBUGS_FLATTEN/Nopol_QuixBugs_FLATTEN_/target/classes/, file:/users2/cpca56132020/moliveira/folders/Nopol_QUIXBUGS_FLATTEN/Nopol_QuixBugs_FLATTEN_/target/test-classes/, file:/users2/cpca56132020/moliveira/.m2/repository/junit/junit/4.11/junit-4.11.jar, file:/users2/cpca56132020/moliveira/.m2/repository/org/hamcrest/hamcrest-core/1.3/hamcrest-core-1.3.jar, file:/users2/cpca56132020/moliveira/RepairThemAll/script/../repair_tools/nopol.jar]
10:00:43.169 fr.inria.lille.repair.nopol.NoPol - Statement type: PRE_THEN_COND
10:00:43.170 fr.inria.lille.repair.nopol.NoPol - Args: [java_testcases.junit.FLATTEN_Test]
10:00:43.172 fr.inria.lille.repair.nopol.NoPol - Config: Config{synthesisDepth=3, collectStaticMethods=true, collectStaticFields=false, collectLiterals=false, onlyOneSynthesisResult=true, sortExpressions=true, maxLineInvocationPerTest=250, timeoutMethodInvocation=2000, dataCollectionTimeoutInSecondForSynthesis=900, addWeight=0.19478, subWeight=0.04554, mulWeight=0.0102, divWeight=0.00613, andWeight=0.10597, orWeight=0.05708, eqWeight=0.22798, nEqWeight=0.0, lessEqWeight=0.0255, lessWeight=0.0947, methodCallWeight=0.1, fieldAccessWeight=0.08099, constantWeight=0.14232, variableWeight=0.05195, mode=REPAIR, type=PRE_THEN_COND, synthesis=SMT, oracle=ANGELIC, solver=Z3, solverPath='/users2/cpca56132020/moliveira/RepairThemAll/script/../libs/z3/build/z3', projectSources=[src/main/java], projectClasspath='[Ljava.net.URL;@16c0663d', projectTests=[java_testcases.junit.FLATTEN_Test], complianceLevel=8, outputFolder=., json=true}
10:00:43.172 fr.inria.lille.repair.nopol.NoPol - Available processors (cores): 1
10:00:43.175 fr.inria.lille.repair.nopol.NoPol - Free memory: 968 MB
10:00:43.175 fr.inria.lille.repair.nopol.NoPol - Maximum memory: 3 GB
10:00:43.175 fr.inria.lille.repair.nopol.NoPol - Total memory available to JVM: 989 MB
10:00:43.175 fr.inria.lille.repair.nopol.NoPol - Java version: 1.8.0_272
10:00:43.181 fr.inria.lille.repair.nopol.NoPol - JAVA_HOME: /usr/lib/jvm/java-1.8.0-openjdk/bin
10:00:43.182 fr.inria.lille.repair.nopol.NoPol - PATH: /usr/lib/jvm/java-1.8.0-openjdk/bin:/users2/cpca56132020/moliveira/deps/Maven/apache-maven/bin:/users2/cpca56132020/moliveira/deps/Gradle/gradle-6.8.3/bin:/usr/condabin:/usr/local/bin:/usr/bin:/usr/local/sbin:/usr/sbin:/users2/cpca56132020/moliveira/.local/bin:/users2/cpca56132020/moliveira/bin
10:00:48.740 fr.inria.lille.repair.nopol.NoPol - statement #1
10:00:48.740 fr.inria.lille.repair.nopol.NoPol - Analysing SourceLocation java_programs.FLATTEN:26 which is executed by 6 tests
10:00:48.936 fr.inria.lille.repair.nopol.NoPol - looking with class fr.inria.lille.repair.nopol.spoon.smt.ConditionalAdder
10:00:49.660 x.java.compiler.DynamicClassCompiler - [Compilation errors]
FLATTEN.java:32: error: missing return statement
    }
    ^
Note: FLATTEN.java uses unchecked or unsafe operations.
Note: Recompile with -Xlint:unchecked for details.
10:00:49.678 f.i.l.r.n.s.ConstraintModelBuilder - Unable to compile the change: 
public class FLATTEN {
    public static java.lang.Object flatten(java.lang.Object arr) {
        if (arr instanceof java.util.ArrayList) {
            java.util.ArrayList narr = ((java.util.ArrayList) (arr));
            java.util.ArrayList result = new java.util.ArrayList(50);
            for (java.lang.Object x : narr) {
                if (x instanceof java.util.ArrayList) {
                    result.addAll(((java.util.ArrayList) (java_programs.FLATTEN.flatten(x))));
                } else {
                    result.add(java_programs.FLATTEN.flatten(x));
                }
            }
            return result;
        } else {
            boolean spoonDefaultValue = false;
            try {
                spoonDefaultValue = true;
            } catch (java.lang.Exception __NopolProcessorException) {
            }
            boolean runtimeAngelicValue = fr.inria.lille.repair.nopol.synth.AngelicExecution.angelicValue(spoonDefaultValue);
            if (fr.inria.lille.commons.trace.RuntimeValues.instance(0).isEnabled()) {
                fr.inria.lille.commons.trace.RuntimeValues.instance(0).collectionStarts();
                try{fr.inria.lille.commons.trace.RuntimeValues.instance(0).collectInput("arr",arr);} catch (Exception ex1) {ex1.printStackTrace();};
                fr.inria.lille.commons.trace.RuntimeValues.instance(0).collectOutput(runtimeAngelicValue);
                fr.inria.lille.commons.trace.RuntimeValues.instance(0).collectionEnds();
            }
            if (runtimeAngelicValue)
                return java_programs.FLATTEN.flatten(arr);

        }
    }
}
10:00:49.678 fr.inria.lille.repair.nopol.NoPol - Error ExecutionException java.util.concurrent.ExecutionException: xxl.java.compiler.DynamicCompilationException: Aborting: dynamic compilation failed
10:00:49.678 fr.inria.lille.repair.nopol.NoPol - statement #2
10:00:49.678 fr.inria.lille.repair.nopol.NoPol - Analysing SourceLocation java_programs.FLATTEN:21 which is executed by 6 tests
10:00:49.744 fr.inria.lille.repair.nopol.NoPol - looking with class fr.inria.lille.repair.nopol.spoon.smt.ConditionalAdder
10:00:50.181 tests.output - Failing tests with false: 
[test_2(java_testcases.junit.FLATTEN_Test): expected:<[[1,1]]> but was:<[[]]>, test_0(java_testcases.junit.FLATTEN_Test): expected:<[[1,2,3,4,5]]> but was:<[[]]>, test_6(java_testcases.junit.FLATTEN_Test): expected:<[[a,b,c,d,e]]> but was:<[[]]>, test_5(java_testcases.junit.FLATTEN_Test): expected:<[[moe,curly,larry]]> but was:<[[]]>, test_4(java_testcases.junit.FLATTEN_Test): expected:<[[1,4,6]]> but was:<[[]]>, test_3(java_testcases.junit.FLATTEN_Test): expected:<[[1,2,3,4]]> but was:<[[]]>]
10:00:50.181 tests.output - Failing tests with true: 
[test_2(java_testcases.junit.FLATTEN_Test): null, test_0(java_testcases.junit.FLATTEN_Test): null, test_6(java_testcases.junit.FLATTEN_Test): null, test_5(java_testcases.junit.FLATTEN_Test): null, test_4(java_testcases.junit.FLATTEN_Test): null, test_3(java_testcases.junit.FLATTEN_Test): null]
10:00:50.182 f.i.l.r.n.synth.SMTNopolSynthesizer - Not enough specifications: 0. A trivial patch is "true" or "false", please write new tests specifying SourceLocation java_programs.FLATTEN:21.
10:00:50.182 fr.inria.lille.repair.nopol.NoPol - statement #3
10:00:50.183 fr.inria.lille.repair.nopol.NoPol - Analysing SourceLocation java_programs.FLATTEN:18 which is executed by 7 tests
10:00:50.229 fr.inria.lille.repair.nopol.NoPol - looking with class fr.inria.lille.repair.nopol.spoon.smt.ConditionalAdder
10:00:50.529 tests.output - Failing tests with false: 
[test_2(java_testcases.junit.FLATTEN_Test): expected:<[[1,1]]> but was:<[[]]>, test_0(java_testcases.junit.FLATTEN_Test): expected:<[[1,2,3,4,5]]> but was:<[[]]>, test_6(java_testcases.junit.FLATTEN_Test): expected:<[[a,b,c,d,e]]> but was:<[[]]>, test_5(java_testcases.junit.FLATTEN_Test): expected:<[[moe,curly,larry]]> but was:<[[]]>, test_4(java_testcases.junit.FLATTEN_Test): expected:<[[1,4,6]]> but was:<[[]]>, test_3(java_testcases.junit.FLATTEN_Test): expected:<[[1,2,3,4]]> but was:<[[]]>]
10:00:50.529 tests.output - Failing tests with true: 
[test_2(java_testcases.junit.FLATTEN_Test): null, test_0(java_testcases.junit.FLATTEN_Test): null, test_6(java_testcases.junit.FLATTEN_Test): null, test_5(java_testcases.junit.FLATTEN_Test): null, test_4(java_testcases.junit.FLATTEN_Test): null, test_3(java_testcases.junit.FLATTEN_Test): null]
10:00:50.529 f.i.l.r.n.synth.SMTNopolSynthesizer - Not enough specifications: 0. A trivial patch is "true" or "false", please write new tests specifying SourceLocation java_programs.FLATTEN:18.
10:00:50.529 fr.inria.lille.repair.nopol.NoPol - looking with class fr.inria.lille.repair.nopol.spoon.smt.ConditionalReplacer
10:00:50.864 tests.output - Failing tests with false: 
[test_2(java_testcases.junit.FLATTEN_Test): null, test_0(java_testcases.junit.FLATTEN_Test): null, test_6(java_testcases.junit.FLATTEN_Test): null, test_5(java_testcases.junit.FLATTEN_Test): null, test_4(java_testcases.junit.FLATTEN_Test): null, test_3(java_testcases.junit.FLATTEN_Test): null]
10:00:50.864 tests.output - Failing tests with true: 
[test_2(java_testcases.junit.FLATTEN_Test): null, test_0(java_testcases.junit.FLATTEN_Test): null, test_6(java_testcases.junit.FLATTEN_Test): null, test_5(java_testcases.junit.FLATTEN_Test): null, test_4(java_testcases.junit.FLATTEN_Test): null, test_3(java_testcases.junit.FLATTEN_Test): null]
10:00:50.864 f.i.l.r.n.synth.SMTNopolSynthesizer - Not enough specifications: 0. A trivial patch is "true" or "false", please write new tests specifying SourceLocation java_programs.FLATTEN:18.
10:00:50.864 fr.inria.lille.repair.nopol.NoPol - statement #4
10:00:50.864 fr.inria.lille.repair.nopol.NoPol - Analysing SourceLocation java_programs.FLATTEN:17 which is executed by 7 tests
10:00:50.920 fr.inria.lille.repair.nopol.NoPol - looking with class fr.inria.lille.repair.nopol.spoon.smt.ConditionalAdder
10:00:51.600 tests.output - Failing tests with false: 
[test_2(java_testcases.junit.FLATTEN_Test): expected:<[[1,1]]> but was:<[[]]>, test_0(java_testcases.junit.FLATTEN_Test): expected:<[[1,2,3,4,5]]> but was:<[[]]>, test_6(java_testcases.junit.FLATTEN_Test): expected:<[[a,b,c,d,e]]> but was:<[[]]>, test_5(java_testcases.junit.FLATTEN_Test): expected:<[[moe,curly,larry]]> but was:<[[]]>, test_4(java_testcases.junit.FLATTEN_Test): expected:<[[1,4,6]]> but was:<[[]]>, test_3(java_testcases.junit.FLATTEN_Test): expected:<[[1,2,3,4]]> but was:<[[]]>]
10:00:51.600 tests.output - Failing tests with true: 
[test_2(java_testcases.junit.FLATTEN_Test): null, test_0(java_testcases.junit.FLATTEN_Test): null, test_6(java_testcases.junit.FLATTEN_Test): null, test_5(java_testcases.junit.FLATTEN_Test): null, test_4(java_testcases.junit.FLATTEN_Test): null, test_3(java_testcases.junit.FLATTEN_Test): null]
10:00:51.601 f.i.l.r.n.synth.SMTNopolSynthesizer - Not enough specifications: 0. A trivial patch is "true" or "false", please write new tests specifying SourceLocation java_programs.FLATTEN:17.
10:00:51.601 fr.inria.lille.repair.nopol.NoPol - statement #5
10:00:51.601 fr.inria.lille.repair.nopol.NoPol - Analysing SourceLocation java_programs.FLATTEN:16 which is executed by 7 tests
10:00:51.664 fr.inria.lille.repair.nopol.NoPol - statement #6
10:00:51.664 fr.inria.lille.repair.nopol.NoPol - Analysing SourceLocation java_programs.FLATTEN:15 which is executed by 7 tests
10:00:51.730 fr.inria.lille.repair.nopol.NoPol - statement #7
10:00:51.730 fr.inria.lille.repair.nopol.NoPol - Analysing SourceLocation java_programs.FLATTEN:14 which is executed by 7 tests
10:00:51.799 fr.inria.lille.repair.nopol.NoPol - looking with class fr.inria.lille.repair.nopol.spoon.smt.ConditionalReplacer
10:01:26.165 tests.output - Failing tests with false: 
[test_2(java_testcases.junit.FLATTEN_Test): null, test_0(java_testcases.junit.FLATTEN_Test): test timed out after 3000 milliseconds, test_6(java_testcases.junit.FLATTEN_Test): test timed out after 3000 milliseconds, test_5(java_testcases.junit.FLATTEN_Test): test timed out after 3000 milliseconds, test_4(java_testcases.junit.FLATTEN_Test): test timed out after 3000 milliseconds, test_3(java_testcases.junit.FLATTEN_Test): test timed out after 3000 milliseconds]
10:01:26.169 tests.output - Failing tests with true: 
[test_2(java_testcases.junit.FLATTEN_Test): test timed out after 3000 milliseconds, test_0(java_testcases.junit.FLATTEN_Test): test timed out after 3000 milliseconds, test_6(java_testcases.junit.FLATTEN_Test): test timed out after 3000 milliseconds, test_5(java_testcases.junit.FLATTEN_Test): test timed out after 3000 milliseconds, test_4(java_testcases.junit.FLATTEN_Test): test timed out after 3000 milliseconds, test_3(java_testcases.junit.FLATTEN_Test): test timed out after 3000 milliseconds]
10:01:26.169 f.i.l.r.n.synth.SMTNopolSynthesizer - Not enough specifications: 0. A trivial patch is "true" or "false", please write new tests specifying SourceLocation java_programs.FLATTEN:14.
10:01:26.170 fr.inria.lille.repair.nopol.NoPol - statement #8
10:01:26.170 fr.inria.lille.repair.nopol.NoPol - Analysing SourceLocation java_programs.FLATTEN:19 which is executed by 3 tests
10:01:26.527 fr.inria.lille.repair.nopol.NoPol - looking with class fr.inria.lille.repair.nopol.spoon.smt.ConditionalAdder
10:01:30.499 tests.output - Failing tests with false: 
[test_2(java_testcases.junit.FLATTEN_Test): null, test_0(java_testcases.junit.FLATTEN_Test): null, test_6(java_testcases.junit.FLATTEN_Test): null, test_5(java_testcases.junit.FLATTEN_Test): null, test_4(java_testcases.junit.FLATTEN_Test): null, test_3(java_testcases.junit.FLATTEN_Test): null]
10:01:30.499 tests.output - Failing tests with true: 
[test_2(java_testcases.junit.FLATTEN_Test): null, test_0(java_testcases.junit.FLATTEN_Test): null, test_6(java_testcases.junit.FLATTEN_Test): null, test_5(java_testcases.junit.FLATTEN_Test): null, test_4(java_testcases.junit.FLATTEN_Test): null, test_3(java_testcases.junit.FLATTEN_Test): null]
10:01:30.499 f.i.l.r.n.synth.SMTNopolSynthesizer - Not enough specifications: 0. A trivial patch is "true" or "false", please write new tests specifying SourceLocation java_programs.FLATTEN:19.
10:01:30.500 fr.inria.lille.repair.nopol.NoPol - statement #9
10:01:30.500 fr.inria.lille.repair.nopol.NoPol - Analysing SourceLocation java_programs.FLATTEN:24 which is executed by 2 tests
10:01:30.973 fr.inria.lille.repair.nopol.NoPol - looking with class fr.inria.lille.repair.nopol.spoon.smt.ConditionalAdder
10:01:32.314 x.java.compiler.DynamicClassCompiler - [Compilation errors]
FLATTEN.java:34: error: missing return statement
    }
    ^
Note: FLATTEN.java uses unchecked or unsafe operations.
Note: Recompile with -Xlint:unchecked for details.
10:01:32.316 f.i.l.r.n.s.ConstraintModelBuilder - Unable to compile the change: 
public class FLATTEN {
    public static java.lang.Object flatten(java.lang.Object arr) {
        if (arr instanceof java.util.ArrayList) {
            java.util.ArrayList narr = ((java.util.ArrayList) (arr));
            java.util.ArrayList result = new java.util.ArrayList(50);
            for (java.lang.Object x : narr) {
                if (x instanceof java.util.ArrayList) {
                    result.addAll(((java.util.ArrayList) (java_programs.FLATTEN.flatten(x))));
                } else {
                    result.add(java_programs.FLATTEN.flatten(x));
                }
            }
            boolean spoonDefaultValue = false;
            try {
                spoonDefaultValue = true;
            } catch (java.lang.Exception __NopolProcessorException) {
            }
            boolean runtimeAngelicValue = fr.inria.lille.repair.nopol.synth.AngelicExecution.angelicValue(spoonDefaultValue);
            if (fr.inria.lille.commons.trace.RuntimeValues.instance(7).isEnabled()) {
                fr.inria.lille.commons.trace.RuntimeValues.instance(7).collectionStarts();
                try{fr.inria.lille.commons.trace.RuntimeValues.instance(7).collectInput("narr",narr);} catch (Exception ex1) {ex1.printStackTrace();};
                try{fr.inria.lille.commons.trace.RuntimeValues.instance(7).collectInput("result",result);} catch (Exception ex1) {ex1.printStackTrace();};
                try{fr.inria.lille.commons.trace.RuntimeValues.instance(7).collectInput("arr",arr);} catch (Exception ex1) {ex1.printStackTrace();};
                fr.inria.lille.commons.trace.RuntimeValues.instance(7).collectOutput(runtimeAngelicValue);
                fr.inria.lille.commons.trace.RuntimeValues.instance(7).collectionEnds();
            }
            if (runtimeAngelicValue)
                return result;

        } else {
            return java_programs.FLATTEN.flatten(arr);
        }
    }
}
10:01:32.321 fr.inria.lille.repair.nopol.NoPol - Error ExecutionException java.util.concurrent.ExecutionException: xxl.java.compiler.DynamicCompilationException: Aborting: dynamic compilation failed
10:01:32.321 fr.inria.lille.repair.nopol.NoPol - statement #10
10:01:32.321 fr.inria.lille.repair.nopol.NoPol - Analysing SourceLocation java_programs.FLATTEN:23 which is executed by 2 tests
10:01:32.668 fr.inria.lille.repair.nopol.NoPol - ----INFORMATION----
10:01:32.678 fr.inria.lille.repair.nopol.NoPol - Nb classes : 3
10:01:32.678 fr.inria.lille.repair.nopol.NoPol - Nb methods : 9
10:01:32.678 fr.inria.lille.repair.nopol.NoPol - Nb Statements Analyzed : 8
10:01:32.678 fr.inria.lille.repair.nopol.NoPol - Nb Statements with Angelic Value Found : 0
10:01:32.678 fr.inria.lille.repair.nopol.NoPol - Nb inputs in SMT : 0
10:01:32.737 fr.inria.lille.repair.nopol.NoPol - Nb SMT level: 0
10:01:32.737 fr.inria.lille.repair.nopol.NoPol - Nb variables in SMT : 0
10:01:32.737 fr.inria.lille.repair.nopol.NoPol - NoPol Execution time : 49508ms
10:01:32.737 fr.inria.lille.repair.nopol.NoPol - 
