07:53:15.255 fr.inria.lille.repair.nopol.NoPol - Source files: [src/main/java]
07:53:15.257 fr.inria.lille.repair.nopol.NoPol - Classpath: [file:/users2/cpca56132020/moliveira/folders/Nopol_QUIXBUGS_LCS_LENGTH/Nopol_QuixBugs_LCS_LENGTH_/target/classes/, file:/users2/cpca56132020/moliveira/folders/Nopol_QUIXBUGS_LCS_LENGTH/Nopol_QuixBugs_LCS_LENGTH_/target/test-classes/, file:/users2/cpca56132020/moliveira/.m2/repository/junit/junit/4.11/junit-4.11.jar, file:/users2/cpca56132020/moliveira/.m2/repository/org/hamcrest/hamcrest-core/1.3/hamcrest-core-1.3.jar, file:/users2/cpca56132020/moliveira/RepairThemAll/script/../repair_tools/nopol.jar]
07:53:15.257 fr.inria.lille.repair.nopol.NoPol - Statement type: PRE_THEN_COND
07:53:15.258 fr.inria.lille.repair.nopol.NoPol - Args: [java_testcases.junit.LCS_LENGTH_Test]
07:53:15.260 fr.inria.lille.repair.nopol.NoPol - Config: Config{synthesisDepth=3, collectStaticMethods=true, collectStaticFields=false, collectLiterals=false, onlyOneSynthesisResult=true, sortExpressions=true, maxLineInvocationPerTest=250, timeoutMethodInvocation=2000, dataCollectionTimeoutInSecondForSynthesis=900, addWeight=0.19478, subWeight=0.04554, mulWeight=0.0102, divWeight=0.00613, andWeight=0.10597, orWeight=0.05708, eqWeight=0.22798, nEqWeight=0.0, lessEqWeight=0.0255, lessWeight=0.0947, methodCallWeight=0.1, fieldAccessWeight=0.08099, constantWeight=0.14232, variableWeight=0.05195, mode=REPAIR, type=PRE_THEN_COND, synthesis=SMT, oracle=ANGELIC, solver=Z3, solverPath='/users2/cpca56132020/moliveira/RepairThemAll/script/../libs/z3/build/z3', projectSources=[src/main/java], projectClasspath='[Ljava.net.URL;@16c0663d', projectTests=[java_testcases.junit.LCS_LENGTH_Test], complianceLevel=8, outputFolder=., json=true}
07:53:15.260 fr.inria.lille.repair.nopol.NoPol - Available processors (cores): 1
07:53:15.267 fr.inria.lille.repair.nopol.NoPol - Free memory: 968 MB
07:53:15.267 fr.inria.lille.repair.nopol.NoPol - Maximum memory: 3 GB
07:53:15.267 fr.inria.lille.repair.nopol.NoPol - Total memory available to JVM: 989 MB
07:53:15.267 fr.inria.lille.repair.nopol.NoPol - Java version: 1.8.0_282
07:53:15.271 fr.inria.lille.repair.nopol.NoPol - JAVA_HOME: /users2/cpca56132020/moliveira/deps/jdk-8/bin
07:53:15.271 fr.inria.lille.repair.nopol.NoPol - PATH: /users2/cpca56132020/moliveira/deps/jdk-8/bin:/users2/cpca56132020/moliveira/deps/Maven/apache-maven/bin:/users2/cpca56132020/moliveira/deps/Gradle/gradle-6.8.3/bin:/usr/condabin:/usr/local/bin:/usr/bin:/usr/local/sbin:/usr/sbin:/users2/cpca56132020/moliveira/.local/bin:/users2/cpca56132020/moliveira/bin
07:53:19.071 fr.inria.lille.repair.nopol.NoPol - statement #1
07:53:19.072 fr.inria.lille.repair.nopol.NoPol - Analysing SourceLocation java_programs.LCS_LENGTH:40 which is executed by 8 tests
07:53:19.288 fr.inria.lille.repair.nopol.NoPol - statement #2
07:53:19.289 fr.inria.lille.repair.nopol.NoPol - Analysing SourceLocation java_programs.LCS_LENGTH:39 which is executed by 8 tests
07:53:19.401 fr.inria.lille.repair.nopol.NoPol - looking with class fr.inria.lille.repair.nopol.spoon.smt.ConditionalAdder
07:53:20.798 tests.output - Failing tests with false: 
[test_7(java_testcases.junit.LCS_LENGTH_Test): expected:<3> but was:<2>, test_6(java_testcases.junit.LCS_LENGTH_Test): expected:<6> but was:<1>, test_8(java_testcases.junit.LCS_LENGTH_Test): expected:<3> but was:<1>, test_3(java_testcases.junit.LCS_LENGTH_Test): expected:<3> but was:<1>, test_5(java_testcases.junit.LCS_LENGTH_Test): expected:<7> but was:<1>, test_4(java_testcases.junit.LCS_LENGTH_Test): expected:<3> but was:<1>, test_1(java_testcases.junit.LCS_LENGTH_Test): expected:<4> but was:<1>, test_0(java_testcases.junit.LCS_LENGTH_Test): expected:<2> but was:<1>]
07:53:20.798 tests.output - Failing tests with true: 
[test_7(java_testcases.junit.LCS_LENGTH_Test): expected:<3> but was:<2>, test_6(java_testcases.junit.LCS_LENGTH_Test): expected:<6> but was:<1>, test_8(java_testcases.junit.LCS_LENGTH_Test): expected:<3> but was:<1>, test_3(java_testcases.junit.LCS_LENGTH_Test): expected:<3> but was:<1>, test_5(java_testcases.junit.LCS_LENGTH_Test): expected:<7> but was:<1>, test_4(java_testcases.junit.LCS_LENGTH_Test): expected:<3> but was:<1>, test_1(java_testcases.junit.LCS_LENGTH_Test): expected:<4> but was:<1>, test_0(java_testcases.junit.LCS_LENGTH_Test): expected:<2> but was:<1>]
07:53:20.799 f.i.l.r.n.synth.SMTNopolSynthesizer - Not enough specifications: 0. A trivial patch is "true" or "false", please write new tests specifying SourceLocation java_programs.LCS_LENGTH:39.
07:53:20.800 fr.inria.lille.repair.nopol.NoPol - statement #3
07:53:20.800 fr.inria.lille.repair.nopol.NoPol - Analysing SourceLocation java_programs.LCS_LENGTH:38 which is executed by 8 tests
07:53:20.885 fr.inria.lille.repair.nopol.NoPol - looking with class fr.inria.lille.repair.nopol.spoon.smt.ConditionalAdder
07:53:21.547 tests.output - Failing tests with false: 
[test_7(java_testcases.junit.LCS_LENGTH_Test): expected:<3> but was:<1>, test_6(java_testcases.junit.LCS_LENGTH_Test): expected:<6> but was:<0>, test_8(java_testcases.junit.LCS_LENGTH_Test): expected:<3> but was:<0>, test_3(java_testcases.junit.LCS_LENGTH_Test): expected:<3> but was:<1>, test_5(java_testcases.junit.LCS_LENGTH_Test): expected:<7> but was:<1>, test_4(java_testcases.junit.LCS_LENGTH_Test): expected:<3> but was:<1>, test_1(java_testcases.junit.LCS_LENGTH_Test): expected:<4> but was:<1>, test_0(java_testcases.junit.LCS_LENGTH_Test): expected:<2> but was:<1>]
07:53:21.547 tests.output - Failing tests with true: 
[test_7(java_testcases.junit.LCS_LENGTH_Test): expected:<3> but was:<2>, test_6(java_testcases.junit.LCS_LENGTH_Test): expected:<6> but was:<1>, test_8(java_testcases.junit.LCS_LENGTH_Test): expected:<3> but was:<1>, test_3(java_testcases.junit.LCS_LENGTH_Test): expected:<3> but was:<1>, test_5(java_testcases.junit.LCS_LENGTH_Test): expected:<7> but was:<1>, test_4(java_testcases.junit.LCS_LENGTH_Test): expected:<3> but was:<1>, test_1(java_testcases.junit.LCS_LENGTH_Test): expected:<4> but was:<1>, test_0(java_testcases.junit.LCS_LENGTH_Test): expected:<2> but was:<1>]
07:53:21.547 f.i.l.r.n.synth.SMTNopolSynthesizer - Not enough specifications: 0. A trivial patch is "true" or "false", please write new tests specifying SourceLocation java_programs.LCS_LENGTH:38.
07:53:21.547 fr.inria.lille.repair.nopol.NoPol - statement #4
07:53:21.547 fr.inria.lille.repair.nopol.NoPol - Analysing SourceLocation java_programs.LCS_LENGTH:37 which is executed by 8 tests
07:53:21.619 fr.inria.lille.repair.nopol.NoPol - statement #5
07:53:21.619 fr.inria.lille.repair.nopol.NoPol - Analysing SourceLocation java_programs.LCS_LENGTH:36 which is executed by 8 tests
07:53:21.709 fr.inria.lille.repair.nopol.NoPol - statement #6
07:53:21.709 fr.inria.lille.repair.nopol.NoPol - Analysing SourceLocation java_programs.LCS_LENGTH:35 which is executed by 8 tests
07:53:21.822 fr.inria.lille.repair.nopol.NoPol - looking with class fr.inria.lille.repair.nopol.spoon.smt.ConditionalAdder
07:53:22.257 tests.output - Failing tests with false: 
[test_7(java_testcases.junit.LCS_LENGTH_Test): expected:<3> but was:<0>, test_6(java_testcases.junit.LCS_LENGTH_Test): expected:<6> but was:<0>, test_8(java_testcases.junit.LCS_LENGTH_Test): expected:<3> but was:<0>, test_3(java_testcases.junit.LCS_LENGTH_Test): expected:<3> but was:<0>, test_5(java_testcases.junit.LCS_LENGTH_Test): expected:<7> but was:<0>, test_4(java_testcases.junit.LCS_LENGTH_Test): expected:<3> but was:<0>, test_1(java_testcases.junit.LCS_LENGTH_Test): expected:<4> but was:<0>, test_0(java_testcases.junit.LCS_LENGTH_Test): expected:<2> but was:<0>]
07:53:22.258 tests.output - Failing tests with true: 
[test_7(java_testcases.junit.LCS_LENGTH_Test): expected:<3> but was:<2>, test_6(java_testcases.junit.LCS_LENGTH_Test): expected:<6> but was:<1>, test_8(java_testcases.junit.LCS_LENGTH_Test): expected:<3> but was:<1>, test_3(java_testcases.junit.LCS_LENGTH_Test): expected:<3> but was:<1>, test_5(java_testcases.junit.LCS_LENGTH_Test): expected:<7> but was:<1>, test_4(java_testcases.junit.LCS_LENGTH_Test): expected:<3> but was:<1>, test_1(java_testcases.junit.LCS_LENGTH_Test): expected:<4> but was:<1>, test_0(java_testcases.junit.LCS_LENGTH_Test): expected:<2> but was:<1>]
07:53:22.258 f.i.l.r.n.synth.SMTNopolSynthesizer - Not enough specifications: 0. A trivial patch is "true" or "false", please write new tests specifying SourceLocation java_programs.LCS_LENGTH:35.
07:53:22.258 fr.inria.lille.repair.nopol.NoPol - looking with class fr.inria.lille.repair.nopol.spoon.smt.ConditionalReplacer
07:53:22.809 tests.output - Failing tests with false: 
[test_7(java_testcases.junit.LCS_LENGTH_Test): expected:<3> but was:<1>, test_6(java_testcases.junit.LCS_LENGTH_Test): expected:<6> but was:<1>, test_8(java_testcases.junit.LCS_LENGTH_Test): expected:<3> but was:<1>, test_3(java_testcases.junit.LCS_LENGTH_Test): expected:<3> but was:<1>, test_5(java_testcases.junit.LCS_LENGTH_Test): expected:<7> but was:<1>, test_4(java_testcases.junit.LCS_LENGTH_Test): expected:<3> but was:<1>, test_1(java_testcases.junit.LCS_LENGTH_Test): expected:<4> but was:<1>, test_0(java_testcases.junit.LCS_LENGTH_Test): expected:<2> but was:<1>]
07:53:22.809 tests.output - Failing tests with true: 
[test_7(java_testcases.junit.LCS_LENGTH_Test): null, test_6(java_testcases.junit.LCS_LENGTH_Test): expected:<6> but was:<1>, test_8(java_testcases.junit.LCS_LENGTH_Test): expected:<3> but was:<1>, test_3(java_testcases.junit.LCS_LENGTH_Test): null, test_5(java_testcases.junit.LCS_LENGTH_Test): null, test_4(java_testcases.junit.LCS_LENGTH_Test): null, test_1(java_testcases.junit.LCS_LENGTH_Test): null, test_0(java_testcases.junit.LCS_LENGTH_Test): null]
07:53:22.809 f.i.l.r.n.synth.SMTNopolSynthesizer - Not enough specifications: 0. A trivial patch is "true" or "false", please write new tests specifying SourceLocation java_programs.LCS_LENGTH:35.
07:53:22.809 fr.inria.lille.repair.nopol.NoPol - statement #7
07:53:22.809 fr.inria.lille.repair.nopol.NoPol - Analysing SourceLocation java_programs.LCS_LENGTH:33 which is executed by 8 tests
07:53:22.898 fr.inria.lille.repair.nopol.NoPol - looking with class fr.inria.lille.repair.nopol.spoon.smt.ConditionalAdder
07:53:23.281 tests.output - Failing tests with false: 
[test_7(java_testcases.junit.LCS_LENGTH_Test): expected:<3> but was:<0>, test_6(java_testcases.junit.LCS_LENGTH_Test): expected:<6> but was:<0>, test_8(java_testcases.junit.LCS_LENGTH_Test): expected:<3> but was:<0>, test_3(java_testcases.junit.LCS_LENGTH_Test): expected:<3> but was:<0>, test_5(java_testcases.junit.LCS_LENGTH_Test): expected:<7> but was:<0>, test_4(java_testcases.junit.LCS_LENGTH_Test): expected:<3> but was:<0>, test_1(java_testcases.junit.LCS_LENGTH_Test): expected:<4> but was:<0>, test_0(java_testcases.junit.LCS_LENGTH_Test): expected:<2> but was:<0>]
07:53:23.281 tests.output - Failing tests with true: 
[test_7(java_testcases.junit.LCS_LENGTH_Test): expected:<3> but was:<2>, test_6(java_testcases.junit.LCS_LENGTH_Test): expected:<6> but was:<1>, test_8(java_testcases.junit.LCS_LENGTH_Test): expected:<3> but was:<1>, test_3(java_testcases.junit.LCS_LENGTH_Test): expected:<3> but was:<1>, test_5(java_testcases.junit.LCS_LENGTH_Test): expected:<7> but was:<1>, test_4(java_testcases.junit.LCS_LENGTH_Test): expected:<3> but was:<1>, test_1(java_testcases.junit.LCS_LENGTH_Test): expected:<4> but was:<1>, test_0(java_testcases.junit.LCS_LENGTH_Test): expected:<2> but was:<1>]
07:53:23.281 f.i.l.r.n.synth.SMTNopolSynthesizer - Not enough specifications: 0. A trivial patch is "true" or "false", please write new tests specifying SourceLocation java_programs.LCS_LENGTH:33.
07:53:23.281 fr.inria.lille.repair.nopol.NoPol - looking with class fr.inria.lille.repair.nopol.spoon.smt.ConditionalReplacer
07:53:23.627 tests.output - Failing tests with false: 
[test_7(java_testcases.junit.LCS_LENGTH_Test): expected:<3> but was:<0>, test_6(java_testcases.junit.LCS_LENGTH_Test): expected:<6> but was:<0>, test_8(java_testcases.junit.LCS_LENGTH_Test): expected:<3> but was:<0>, test_3(java_testcases.junit.LCS_LENGTH_Test): expected:<3> but was:<0>, test_5(java_testcases.junit.LCS_LENGTH_Test): expected:<7> but was:<0>, test_4(java_testcases.junit.LCS_LENGTH_Test): expected:<3> but was:<0>, test_1(java_testcases.junit.LCS_LENGTH_Test): expected:<4> but was:<0>, test_0(java_testcases.junit.LCS_LENGTH_Test): expected:<2> but was:<0>]
07:53:23.628 tests.output - Failing tests with true: 
[test_7(java_testcases.junit.LCS_LENGTH_Test): expected:<3> but was:<6>, test_6(java_testcases.junit.LCS_LENGTH_Test): expected:<6> but was:<9>, test_8(java_testcases.junit.LCS_LENGTH_Test): expected:<3> but was:<11>, test_4(java_testcases.junit.LCS_LENGTH_Test): expected:<3> but was:<6>, test_0(java_testcases.junit.LCS_LENGTH_Test): expected:<2> but was:<5>]
07:53:23.628 f.i.l.r.n.synth.SMTNopolSynthesizer - Not enough specifications: 0. A trivial patch is "true" or "false", please write new tests specifying SourceLocation java_programs.LCS_LENGTH:33.
07:53:23.628 fr.inria.lille.repair.nopol.NoPol - statement #8
07:53:23.628 fr.inria.lille.repair.nopol.NoPol - Analysing SourceLocation java_programs.LCS_LENGTH:26 which is executed by 8 tests
07:53:23.695 fr.inria.lille.repair.nopol.NoPol - looking with class fr.inria.lille.repair.nopol.spoon.smt.ConditionalAdder
07:53:23.961 tests.output - Failing tests with false: 
[test_7(java_testcases.junit.LCS_LENGTH_Test): expected:<3> but was:<2>, test_6(java_testcases.junit.LCS_LENGTH_Test): expected:<6> but was:<1>, test_8(java_testcases.junit.LCS_LENGTH_Test): expected:<3> but was:<1>, test_3(java_testcases.junit.LCS_LENGTH_Test): expected:<3> but was:<1>, test_5(java_testcases.junit.LCS_LENGTH_Test): expected:<7> but was:<1>, test_4(java_testcases.junit.LCS_LENGTH_Test): expected:<3> but was:<1>, test_1(java_testcases.junit.LCS_LENGTH_Test): expected:<4> but was:<1>, test_0(java_testcases.junit.LCS_LENGTH_Test): expected:<2> but was:<1>]
07:53:23.961 tests.output - Failing tests with true: 
[test_7(java_testcases.junit.LCS_LENGTH_Test): expected:<3> but was:<2>, test_6(java_testcases.junit.LCS_LENGTH_Test): expected:<6> but was:<1>, test_8(java_testcases.junit.LCS_LENGTH_Test): expected:<3> but was:<1>, test_3(java_testcases.junit.LCS_LENGTH_Test): expected:<3> but was:<1>, test_5(java_testcases.junit.LCS_LENGTH_Test): expected:<7> but was:<1>, test_4(java_testcases.junit.LCS_LENGTH_Test): expected:<3> but was:<1>, test_1(java_testcases.junit.LCS_LENGTH_Test): expected:<4> but was:<1>, test_0(java_testcases.junit.LCS_LENGTH_Test): expected:<2> but was:<1>]
07:53:23.961 f.i.l.r.n.synth.SMTNopolSynthesizer - Not enough specifications: 0. A trivial patch is "true" or "false", please write new tests specifying SourceLocation java_programs.LCS_LENGTH:26.
07:53:23.961 fr.inria.lille.repair.nopol.NoPol - statement #9
07:53:23.961 fr.inria.lille.repair.nopol.NoPol - Analysing SourceLocation java_programs.LCS_LENGTH:25 which is executed by 8 tests
07:53:24.022 fr.inria.lille.repair.nopol.NoPol - looking with class fr.inria.lille.repair.nopol.spoon.smt.ConditionalAdder
07:53:24.319 tests.output - Failing tests with false: 
[test_7(java_testcases.junit.LCS_LENGTH_Test): null, test_6(java_testcases.junit.LCS_LENGTH_Test): null, test_8(java_testcases.junit.LCS_LENGTH_Test): null, test_3(java_testcases.junit.LCS_LENGTH_Test): null, test_5(java_testcases.junit.LCS_LENGTH_Test): null, test_4(java_testcases.junit.LCS_LENGTH_Test): null, test_1(java_testcases.junit.LCS_LENGTH_Test): null, test_0(java_testcases.junit.LCS_LENGTH_Test): null]
07:53:24.319 tests.output - Failing tests with true: 
[test_7(java_testcases.junit.LCS_LENGTH_Test): expected:<3> but was:<2>, test_6(java_testcases.junit.LCS_LENGTH_Test): expected:<6> but was:<1>, test_8(java_testcases.junit.LCS_LENGTH_Test): expected:<3> but was:<1>, test_3(java_testcases.junit.LCS_LENGTH_Test): expected:<3> but was:<1>, test_5(java_testcases.junit.LCS_LENGTH_Test): expected:<7> but was:<1>, test_4(java_testcases.junit.LCS_LENGTH_Test): expected:<3> but was:<1>, test_1(java_testcases.junit.LCS_LENGTH_Test): expected:<4> but was:<1>, test_0(java_testcases.junit.LCS_LENGTH_Test): expected:<2> but was:<1>]
07:53:24.319 f.i.l.r.n.synth.SMTNopolSynthesizer - Not enough specifications: 0. A trivial patch is "true" or "false", please write new tests specifying SourceLocation java_programs.LCS_LENGTH:25.
07:53:24.319 fr.inria.lille.repair.nopol.NoPol - statement #10
07:53:24.319 fr.inria.lille.repair.nopol.NoPol - Analysing SourceLocation java_programs.LCS_LENGTH:24 which is executed by 8 tests
07:53:24.382 fr.inria.lille.repair.nopol.NoPol - statement #11
07:53:24.382 fr.inria.lille.repair.nopol.NoPol - Analysing SourceLocation java_programs.LCS_LENGTH:54 which is executed by 9 tests
07:53:24.474 fr.inria.lille.repair.nopol.NoPol - looking with class fr.inria.lille.repair.nopol.spoon.smt.ConditionalAdder
07:53:24.721 x.java.compiler.DynamicClassCompiler - [Compilation errors]
LCS_LENGTH.java:56: error: missing return statement
    }
    ^
07:53:24.729 f.i.l.r.n.s.ConstraintModelBuilder - Unable to compile the change: 
public class LCS_LENGTH {
    public static java.lang.Integer lcs_length(java.lang.String s, java.lang.String t) {
        java.util.Map<java.lang.Integer, java.util.Map<java.lang.Integer, java.lang.Integer>> dp = new java.util.HashMap<java.lang.Integer, java.util.Map<java.lang.Integer, java.lang.Integer>>();
        for (int i = 0; i < s.length(); i++) {
            java.util.Map<java.lang.Integer, java.lang.Integer> initialize = new java.util.HashMap<java.lang.Integer, java.lang.Integer>();
            dp.put(i, initialize);
            for (int j = 0; j < t.length(); j++) {
                java.util.Map<java.lang.Integer, java.lang.Integer> internal_map = dp.get(i);
                internal_map.put(j, 0);
                dp.put(i, internal_map);
            }
        }
        for (int i = 0; i < s.length(); i++) {
            for (int j = 0; j < t.length(); j++) {
                if (s.charAt(i) == t.charAt(j)) {
                    if (dp.containsKey(i - 1)) {
                        java.util.Map<java.lang.Integer, java.lang.Integer> internal_map = dp.get(i);
                        int insert_value = dp.get(i - 1).get(j) + 1;
                        internal_map.put(j, insert_value);
                        dp.put(i, internal_map);
                    } else {
                        java.util.Map<java.lang.Integer, java.lang.Integer> internal_map = dp.get(i);
                        internal_map.put(j, 1);
                        dp.put(i, internal_map);
                    }
                }
            }
        }
        if (!dp.isEmpty()) {
            java.util.List<java.lang.Integer> ret_list = new java.util.ArrayList<java.lang.Integer>();
            for (int i = 0; i < s.length(); i++) {
                ret_list.add(!dp.get(i).isEmpty() ? java.util.Collections.max(dp.get(i).values()) : 0);
            }
            boolean spoonDefaultValue = false;
            try {
                spoonDefaultValue = true;
            } catch (java.lang.Exception __NopolProcessorException) {
            }
            boolean runtimeAngelicValue = fr.inria.lille.repair.nopol.synth.AngelicExecution.angelicValue(spoonDefaultValue);
            if (fr.inria.lille.commons.trace.RuntimeValues.instance(8).isEnabled()) {
                fr.inria.lille.commons.trace.RuntimeValues.instance(8).collectionStarts();
                try{fr.inria.lille.commons.trace.RuntimeValues.instance(8).collectInput("s",s);} catch (Exception ex1) {ex1.printStackTrace();};
                try{fr.inria.lille.commons.trace.RuntimeValues.instance(8).collectInput("dp",dp);} catch (Exception ex1) {ex1.printStackTrace();};
                try{fr.inria.lille.commons.trace.RuntimeValues.instance(8).collectInput("t",t);} catch (Exception ex1) {ex1.printStackTrace();};
                try{fr.inria.lille.commons.trace.RuntimeValues.instance(8).collectInput("ret_list",ret_list);} catch (Exception ex1) {ex1.printStackTrace();};
                fr.inria.lille.commons.trace.RuntimeValues.instance(8).collectOutput(runtimeAngelicValue);
                fr.inria.lille.commons.trace.RuntimeValues.instance(8).collectionEnds();
            }
            if (runtimeAngelicValue)
                return java.util.Collections.max(ret_list);

        } else {
            return 0;
        }
    }
}
07:53:24.738 fr.inria.lille.repair.nopol.NoPol - Error ExecutionException java.util.concurrent.ExecutionException: xxl.java.compiler.DynamicCompilationException: Aborting: dynamic compilation failed
07:53:24.738 fr.inria.lille.repair.nopol.NoPol - statement #12
07:53:24.738 fr.inria.lille.repair.nopol.NoPol - Analysing SourceLocation java_programs.LCS_LENGTH:52 which is executed by 9 tests
07:53:24.819 fr.inria.lille.repair.nopol.NoPol - looking with class fr.inria.lille.repair.nopol.spoon.smt.ConditionalAdder
07:53:25.088 tests.output - Failing tests with false: 
[test_7(java_testcases.junit.LCS_LENGTH_Test): null, test_6(java_testcases.junit.LCS_LENGTH_Test): null, test_8(java_testcases.junit.LCS_LENGTH_Test): null, test_3(java_testcases.junit.LCS_LENGTH_Test): null, test_5(java_testcases.junit.LCS_LENGTH_Test): null, test_4(java_testcases.junit.LCS_LENGTH_Test): null, test_1(java_testcases.junit.LCS_LENGTH_Test): null, test_0(java_testcases.junit.LCS_LENGTH_Test): null]
07:53:25.088 tests.output - Failing tests with true: 
[test_7(java_testcases.junit.LCS_LENGTH_Test): expected:<3> but was:<2>, test_6(java_testcases.junit.LCS_LENGTH_Test): expected:<6> but was:<1>, test_8(java_testcases.junit.LCS_LENGTH_Test): expected:<3> but was:<1>, test_3(java_testcases.junit.LCS_LENGTH_Test): expected:<3> but was:<1>, test_5(java_testcases.junit.LCS_LENGTH_Test): expected:<7> but was:<1>, test_4(java_testcases.junit.LCS_LENGTH_Test): expected:<3> but was:<1>, test_1(java_testcases.junit.LCS_LENGTH_Test): expected:<4> but was:<1>, test_0(java_testcases.junit.LCS_LENGTH_Test): expected:<2> but was:<1>]
07:53:25.088 f.i.l.r.n.synth.SMTNopolSynthesizer - Not enough specifications: 0. A trivial patch is "true" or "false", please write new tests specifying SourceLocation java_programs.LCS_LENGTH:52.
07:53:25.088 fr.inria.lille.repair.nopol.NoPol - statement #13
07:53:25.089 fr.inria.lille.repair.nopol.NoPol - Analysing SourceLocation java_programs.LCS_LENGTH:51 which is executed by 9 tests
07:53:25.170 fr.inria.lille.repair.nopol.NoPol - looking with class fr.inria.lille.repair.nopol.spoon.smt.ConditionalAdder
07:53:25.742 tests.output - Failing tests with false: 
[test_7(java_testcases.junit.LCS_LENGTH_Test): null, test_6(java_testcases.junit.LCS_LENGTH_Test): null, test_8(java_testcases.junit.LCS_LENGTH_Test): null, test_3(java_testcases.junit.LCS_LENGTH_Test): null, test_5(java_testcases.junit.LCS_LENGTH_Test): null, test_4(java_testcases.junit.LCS_LENGTH_Test): null, test_1(java_testcases.junit.LCS_LENGTH_Test): null, test_0(java_testcases.junit.LCS_LENGTH_Test): null]
07:53:25.742 tests.output - Failing tests with true: 
[test_7(java_testcases.junit.LCS_LENGTH_Test): expected:<3> but was:<2>, test_6(java_testcases.junit.LCS_LENGTH_Test): expected:<6> but was:<1>, test_8(java_testcases.junit.LCS_LENGTH_Test): expected:<3> but was:<1>, test_3(java_testcases.junit.LCS_LENGTH_Test): expected:<3> but was:<1>, test_5(java_testcases.junit.LCS_LENGTH_Test): expected:<7> but was:<1>, test_4(java_testcases.junit.LCS_LENGTH_Test): expected:<3> but was:<1>, test_1(java_testcases.junit.LCS_LENGTH_Test): expected:<4> but was:<1>, test_0(java_testcases.junit.LCS_LENGTH_Test): expected:<2> but was:<1>]
07:53:25.743 f.i.l.r.n.synth.SMTNopolSynthesizer - Not enough specifications: 0. A trivial patch is "true" or "false", please write new tests specifying SourceLocation java_programs.LCS_LENGTH:51.
07:53:25.743 fr.inria.lille.repair.nopol.NoPol - statement #14
07:53:25.743 fr.inria.lille.repair.nopol.NoPol - Analysing SourceLocation java_programs.LCS_LENGTH:50 which is executed by 9 tests
07:53:25.836 fr.inria.lille.repair.nopol.NoPol - statement #15
07:53:25.836 fr.inria.lille.repair.nopol.NoPol - Analysing SourceLocation java_programs.LCS_LENGTH:49 which is executed by 9 tests
07:53:25.935 fr.inria.lille.repair.nopol.NoPol - looking with class fr.inria.lille.repair.nopol.spoon.smt.ConditionalReplacer
07:53:26.343 tests.output - Failing tests with false: 
[test_7(java_testcases.junit.LCS_LENGTH_Test): expected:<3> but was:<0>, test_6(java_testcases.junit.LCS_LENGTH_Test): expected:<6> but was:<0>, test_8(java_testcases.junit.LCS_LENGTH_Test): expected:<3> but was:<0>, test_3(java_testcases.junit.LCS_LENGTH_Test): expected:<3> but was:<0>, test_5(java_testcases.junit.LCS_LENGTH_Test): expected:<7> but was:<0>, test_4(java_testcases.junit.LCS_LENGTH_Test): expected:<3> but was:<0>, test_1(java_testcases.junit.LCS_LENGTH_Test): expected:<4> but was:<0>, test_0(java_testcases.junit.LCS_LENGTH_Test): expected:<2> but was:<0>]
07:53:26.343 tests.output - Failing tests with true: 
[test_7(java_testcases.junit.LCS_LENGTH_Test): expected:<3> but was:<2>, test_6(java_testcases.junit.LCS_LENGTH_Test): expected:<6> but was:<1>, test_8(java_testcases.junit.LCS_LENGTH_Test): expected:<3> but was:<1>, test_3(java_testcases.junit.LCS_LENGTH_Test): expected:<3> but was:<1>, test_5(java_testcases.junit.LCS_LENGTH_Test): expected:<7> but was:<1>, test_4(java_testcases.junit.LCS_LENGTH_Test): expected:<3> but was:<1>, test_1(java_testcases.junit.LCS_LENGTH_Test): expected:<4> but was:<1>, test_0(java_testcases.junit.LCS_LENGTH_Test): expected:<2> but was:<1>]
07:53:26.344 f.i.l.r.n.synth.SMTNopolSynthesizer - Not enough specifications: 0. A trivial patch is "true" or "false", please write new tests specifying SourceLocation java_programs.LCS_LENGTH:49.
07:53:26.344 fr.inria.lille.repair.nopol.NoPol - statement #16
07:53:26.344 fr.inria.lille.repair.nopol.NoPol - Analysing SourceLocation java_programs.LCS_LENGTH:32 which is executed by 9 tests
07:53:26.437 fr.inria.lille.repair.nopol.NoPol - looking with class fr.inria.lille.repair.nopol.spoon.smt.ConditionalAdder
07:53:26.863 tests.output - Failing tests with false: 
[test_7(java_testcases.junit.LCS_LENGTH_Test): expected:<3> but was:<0>, test_6(java_testcases.junit.LCS_LENGTH_Test): expected:<6> but was:<0>, test_8(java_testcases.junit.LCS_LENGTH_Test): expected:<3> but was:<0>, test_3(java_testcases.junit.LCS_LENGTH_Test): expected:<3> but was:<0>, test_5(java_testcases.junit.LCS_LENGTH_Test): expected:<7> but was:<0>, test_4(java_testcases.junit.LCS_LENGTH_Test): expected:<3> but was:<0>, test_1(java_testcases.junit.LCS_LENGTH_Test): expected:<4> but was:<0>, test_0(java_testcases.junit.LCS_LENGTH_Test): expected:<2> but was:<0>]
07:53:26.864 tests.output - Failing tests with true: 
[test_7(java_testcases.junit.LCS_LENGTH_Test): expected:<3> but was:<2>, test_6(java_testcases.junit.LCS_LENGTH_Test): expected:<6> but was:<1>, test_8(java_testcases.junit.LCS_LENGTH_Test): expected:<3> but was:<1>, test_3(java_testcases.junit.LCS_LENGTH_Test): expected:<3> but was:<1>, test_5(java_testcases.junit.LCS_LENGTH_Test): expected:<7> but was:<1>, test_4(java_testcases.junit.LCS_LENGTH_Test): expected:<3> but was:<1>, test_1(java_testcases.junit.LCS_LENGTH_Test): expected:<4> but was:<1>, test_0(java_testcases.junit.LCS_LENGTH_Test): expected:<2> but was:<1>]
07:53:26.864 f.i.l.r.n.synth.SMTNopolSynthesizer - Not enough specifications: 0. A trivial patch is "true" or "false", please write new tests specifying SourceLocation java_programs.LCS_LENGTH:32.
07:53:26.870 fr.inria.lille.repair.nopol.NoPol - statement #17
07:53:26.870 fr.inria.lille.repair.nopol.NoPol - Analysing SourceLocation java_programs.LCS_LENGTH:31 which is executed by 9 tests
07:53:26.933 fr.inria.lille.repair.nopol.NoPol - looking with class fr.inria.lille.repair.nopol.spoon.smt.ConditionalAdder
07:53:27.336 tests.output - Failing tests with false: 
[test_7(java_testcases.junit.LCS_LENGTH_Test): expected:<3> but was:<0>, test_6(java_testcases.junit.LCS_LENGTH_Test): expected:<6> but was:<0>, test_8(java_testcases.junit.LCS_LENGTH_Test): expected:<3> but was:<0>, test_3(java_testcases.junit.LCS_LENGTH_Test): expected:<3> but was:<0>, test_5(java_testcases.junit.LCS_LENGTH_Test): expected:<7> but was:<0>, test_4(java_testcases.junit.LCS_LENGTH_Test): expected:<3> but was:<0>, test_1(java_testcases.junit.LCS_LENGTH_Test): expected:<4> but was:<0>, test_0(java_testcases.junit.LCS_LENGTH_Test): expected:<2> but was:<0>]
07:53:27.336 tests.output - Failing tests with true: 
[test_7(java_testcases.junit.LCS_LENGTH_Test): expected:<3> but was:<2>, test_6(java_testcases.junit.LCS_LENGTH_Test): expected:<6> but was:<1>, test_8(java_testcases.junit.LCS_LENGTH_Test): expected:<3> but was:<1>, test_3(java_testcases.junit.LCS_LENGTH_Test): expected:<3> but was:<1>, test_5(java_testcases.junit.LCS_LENGTH_Test): expected:<7> but was:<1>, test_4(java_testcases.junit.LCS_LENGTH_Test): expected:<3> but was:<1>, test_1(java_testcases.junit.LCS_LENGTH_Test): expected:<4> but was:<1>, test_0(java_testcases.junit.LCS_LENGTH_Test): expected:<2> but was:<1>]
07:53:27.336 f.i.l.r.n.synth.SMTNopolSynthesizer - Not enough specifications: 0. A trivial patch is "true" or "false", please write new tests specifying SourceLocation java_programs.LCS_LENGTH:31.
07:53:27.336 fr.inria.lille.repair.nopol.NoPol - statement #18
07:53:27.336 fr.inria.lille.repair.nopol.NoPol - Analysing SourceLocation java_programs.LCS_LENGTH:23 which is executed by 9 tests
07:53:27.395 fr.inria.lille.repair.nopol.NoPol - looking with class fr.inria.lille.repair.nopol.spoon.smt.ConditionalAdder
07:53:27.863 tests.output - Failing tests with false: 
[test_7(java_testcases.junit.LCS_LENGTH_Test): null, test_6(java_testcases.junit.LCS_LENGTH_Test): null, test_8(java_testcases.junit.LCS_LENGTH_Test): null, test_3(java_testcases.junit.LCS_LENGTH_Test): null, test_5(java_testcases.junit.LCS_LENGTH_Test): null, test_4(java_testcases.junit.LCS_LENGTH_Test): null, test_1(java_testcases.junit.LCS_LENGTH_Test): null, test_0(java_testcases.junit.LCS_LENGTH_Test): null]
07:53:27.863 tests.output - Failing tests with true: 
[test_7(java_testcases.junit.LCS_LENGTH_Test): expected:<3> but was:<2>, test_6(java_testcases.junit.LCS_LENGTH_Test): expected:<6> but was:<1>, test_8(java_testcases.junit.LCS_LENGTH_Test): expected:<3> but was:<1>, test_3(java_testcases.junit.LCS_LENGTH_Test): expected:<3> but was:<1>, test_5(java_testcases.junit.LCS_LENGTH_Test): expected:<7> but was:<1>, test_4(java_testcases.junit.LCS_LENGTH_Test): expected:<3> but was:<1>, test_1(java_testcases.junit.LCS_LENGTH_Test): expected:<4> but was:<1>, test_0(java_testcases.junit.LCS_LENGTH_Test): expected:<2> but was:<1>]
07:53:27.863 f.i.l.r.n.synth.SMTNopolSynthesizer - Not enough specifications: 0. A trivial patch is "true" or "false", please write new tests specifying SourceLocation java_programs.LCS_LENGTH:23.
07:53:27.864 fr.inria.lille.repair.nopol.NoPol - statement #19
07:53:27.864 fr.inria.lille.repair.nopol.NoPol - Analysing SourceLocation java_programs.LCS_LENGTH:22 which is executed by 9 tests
07:53:27.931 fr.inria.lille.repair.nopol.NoPol - looking with class fr.inria.lille.repair.nopol.spoon.smt.ConditionalAdder
07:53:28.437 tests.output - Failing tests with false: 
[test_7(java_testcases.junit.LCS_LENGTH_Test): null, test_6(java_testcases.junit.LCS_LENGTH_Test): null, test_8(java_testcases.junit.LCS_LENGTH_Test): null, test_3(java_testcases.junit.LCS_LENGTH_Test): null, test_5(java_testcases.junit.LCS_LENGTH_Test): null, test_4(java_testcases.junit.LCS_LENGTH_Test): null, test_1(java_testcases.junit.LCS_LENGTH_Test): null, test_0(java_testcases.junit.LCS_LENGTH_Test): null]
07:53:28.437 tests.output - Failing tests with true: 
[test_7(java_testcases.junit.LCS_LENGTH_Test): expected:<3> but was:<2>, test_6(java_testcases.junit.LCS_LENGTH_Test): expected:<6> but was:<1>, test_8(java_testcases.junit.LCS_LENGTH_Test): expected:<3> but was:<1>, test_3(java_testcases.junit.LCS_LENGTH_Test): expected:<3> but was:<1>, test_5(java_testcases.junit.LCS_LENGTH_Test): expected:<7> but was:<1>, test_4(java_testcases.junit.LCS_LENGTH_Test): expected:<3> but was:<1>, test_1(java_testcases.junit.LCS_LENGTH_Test): expected:<4> but was:<1>, test_0(java_testcases.junit.LCS_LENGTH_Test): expected:<2> but was:<1>]
07:53:28.437 f.i.l.r.n.synth.SMTNopolSynthesizer - Not enough specifications: 0. A trivial patch is "true" or "false", please write new tests specifying SourceLocation java_programs.LCS_LENGTH:22.
07:53:28.438 fr.inria.lille.repair.nopol.NoPol - statement #20
07:53:28.438 fr.inria.lille.repair.nopol.NoPol - Analysing SourceLocation java_programs.LCS_LENGTH:21 which is executed by 9 tests
07:53:28.516 fr.inria.lille.repair.nopol.NoPol - statement #21
07:53:28.516 fr.inria.lille.repair.nopol.NoPol - Analysing SourceLocation java_programs.LCS_LENGTH:20 which is executed by 9 tests
07:53:28.587 fr.inria.lille.repair.nopol.NoPol - looking with class fr.inria.lille.repair.nopol.spoon.smt.ConditionalAdder
07:53:28.831 tests.output - Failing tests with false: 
[test_7(java_testcases.junit.LCS_LENGTH_Test): null, test_6(java_testcases.junit.LCS_LENGTH_Test): null, test_8(java_testcases.junit.LCS_LENGTH_Test): null, test_3(java_testcases.junit.LCS_LENGTH_Test): null, test_5(java_testcases.junit.LCS_LENGTH_Test): null, test_4(java_testcases.junit.LCS_LENGTH_Test): null, test_1(java_testcases.junit.LCS_LENGTH_Test): null, test_0(java_testcases.junit.LCS_LENGTH_Test): null]
07:53:28.831 tests.output - Failing tests with true: 
[test_7(java_testcases.junit.LCS_LENGTH_Test): expected:<3> but was:<2>, test_6(java_testcases.junit.LCS_LENGTH_Test): expected:<6> but was:<1>, test_8(java_testcases.junit.LCS_LENGTH_Test): expected:<3> but was:<1>, test_3(java_testcases.junit.LCS_LENGTH_Test): expected:<3> but was:<1>, test_5(java_testcases.junit.LCS_LENGTH_Test): expected:<7> but was:<1>, test_4(java_testcases.junit.LCS_LENGTH_Test): expected:<3> but was:<1>, test_1(java_testcases.junit.LCS_LENGTH_Test): expected:<4> but was:<1>, test_0(java_testcases.junit.LCS_LENGTH_Test): expected:<2> but was:<1>]
07:53:28.831 f.i.l.r.n.synth.SMTNopolSynthesizer - Not enough specifications: 0. A trivial patch is "true" or "false", please write new tests specifying SourceLocation java_programs.LCS_LENGTH:20.
07:53:28.831 fr.inria.lille.repair.nopol.NoPol - statement #22
07:53:28.831 fr.inria.lille.repair.nopol.NoPol - Analysing SourceLocation java_programs.LCS_LENGTH:17 which is executed by 9 tests
07:53:28.887 fr.inria.lille.repair.nopol.NoPol - statement #23
07:53:28.888 fr.inria.lille.repair.nopol.NoPol - Analysing SourceLocation java_programs.LCS_LENGTH:43 which is executed by 6 tests
07:53:28.942 fr.inria.lille.repair.nopol.NoPol - looking with class fr.inria.lille.repair.nopol.spoon.smt.ConditionalAdder
07:53:29.176 tests.output - Failing tests with false: 
[test_7(java_testcases.junit.LCS_LENGTH_Test): expected:<3> but was:<2>, test_6(java_testcases.junit.LCS_LENGTH_Test): expected:<6> but was:<1>, test_8(java_testcases.junit.LCS_LENGTH_Test): expected:<3> but was:<1>, test_3(java_testcases.junit.LCS_LENGTH_Test): expected:<3> but was:<1>, test_5(java_testcases.junit.LCS_LENGTH_Test): expected:<7> but was:<1>, test_4(java_testcases.junit.LCS_LENGTH_Test): expected:<3> but was:<1>, test_1(java_testcases.junit.LCS_LENGTH_Test): expected:<4> but was:<1>, test_0(java_testcases.junit.LCS_LENGTH_Test): expected:<2> but was:<1>]
07:53:29.176 tests.output - Failing tests with true: 
[test_7(java_testcases.junit.LCS_LENGTH_Test): expected:<3> but was:<2>, test_6(java_testcases.junit.LCS_LENGTH_Test): expected:<6> but was:<1>, test_8(java_testcases.junit.LCS_LENGTH_Test): expected:<3> but was:<1>, test_3(java_testcases.junit.LCS_LENGTH_Test): expected:<3> but was:<1>, test_5(java_testcases.junit.LCS_LENGTH_Test): expected:<7> but was:<1>, test_4(java_testcases.junit.LCS_LENGTH_Test): expected:<3> but was:<1>, test_1(java_testcases.junit.LCS_LENGTH_Test): expected:<4> but was:<1>, test_0(java_testcases.junit.LCS_LENGTH_Test): expected:<2> but was:<1>]
07:53:29.176 f.i.l.r.n.synth.SMTNopolSynthesizer - Not enough specifications: 0. A trivial patch is "true" or "false", please write new tests specifying SourceLocation java_programs.LCS_LENGTH:43.
07:53:29.181 fr.inria.lille.repair.nopol.NoPol - statement #24
07:53:29.181 fr.inria.lille.repair.nopol.NoPol - Analysing SourceLocation java_programs.LCS_LENGTH:42 which is executed by 6 tests
07:53:29.252 fr.inria.lille.repair.nopol.NoPol - looking with class fr.inria.lille.repair.nopol.spoon.smt.ConditionalAdder
07:53:29.585 tests.output - Failing tests with false: 
[test_7(java_testcases.junit.LCS_LENGTH_Test): expected:<3> but was:<2>, test_6(java_testcases.junit.LCS_LENGTH_Test): expected:<6> but was:<1>, test_8(java_testcases.junit.LCS_LENGTH_Test): expected:<3> but was:<1>, test_3(java_testcases.junit.LCS_LENGTH_Test): expected:<3> but was:<1>, test_5(java_testcases.junit.LCS_LENGTH_Test): expected:<7> but was:<1>, test_4(java_testcases.junit.LCS_LENGTH_Test): expected:<3> but was:<1>, test_1(java_testcases.junit.LCS_LENGTH_Test): expected:<4> but was:<1>, test_0(java_testcases.junit.LCS_LENGTH_Test): expected:<2> but was:<1>]
07:53:29.585 tests.output - Failing tests with true: 
[test_7(java_testcases.junit.LCS_LENGTH_Test): expected:<3> but was:<2>, test_6(java_testcases.junit.LCS_LENGTH_Test): expected:<6> but was:<1>, test_8(java_testcases.junit.LCS_LENGTH_Test): expected:<3> but was:<1>, test_3(java_testcases.junit.LCS_LENGTH_Test): expected:<3> but was:<1>, test_5(java_testcases.junit.LCS_LENGTH_Test): expected:<7> but was:<1>, test_4(java_testcases.junit.LCS_LENGTH_Test): expected:<3> but was:<1>, test_1(java_testcases.junit.LCS_LENGTH_Test): expected:<4> but was:<1>, test_0(java_testcases.junit.LCS_LENGTH_Test): expected:<2> but was:<1>]
07:53:29.585 f.i.l.r.n.synth.SMTNopolSynthesizer - Not enough specifications: 0. A trivial patch is "true" or "false", please write new tests specifying SourceLocation java_programs.LCS_LENGTH:42.
07:53:29.585 fr.inria.lille.repair.nopol.NoPol - statement #25
07:53:29.585 fr.inria.lille.repair.nopol.NoPol - Analysing SourceLocation java_programs.LCS_LENGTH:41 which is executed by 6 tests
07:53:29.630 fr.inria.lille.repair.nopol.NoPol - ----INFORMATION----
07:53:29.652 fr.inria.lille.repair.nopol.NoPol - Nb classes : 3
07:53:29.652 fr.inria.lille.repair.nopol.NoPol - Nb methods : 9
07:53:29.652 fr.inria.lille.repair.nopol.NoPol - Nb Statements Analyzed : 19
07:53:29.653 fr.inria.lille.repair.nopol.NoPol - Nb Statements with Angelic Value Found : 0
07:53:29.653 fr.inria.lille.repair.nopol.NoPol - Nb inputs in SMT : 0
07:53:29.654 fr.inria.lille.repair.nopol.NoPol - Nb SMT level: 0
07:53:29.654 fr.inria.lille.repair.nopol.NoPol - Nb variables in SMT : 0
07:53:29.654 fr.inria.lille.repair.nopol.NoPol - NoPol Execution time : 14377ms
07:53:29.654 fr.inria.lille.repair.nopol.NoPol - 
