10:00:43.151 fr.inria.lille.repair.nopol.NoPol - Source files: [src/main/java]
10:00:43.154 fr.inria.lille.repair.nopol.NoPol - Classpath: [file:/users2/cpca56132020/moliveira/folders/Nopol_QUIXBUGS_KTH/Nopol_QuixBugs_KTH_/target/classes/, file:/users2/cpca56132020/moliveira/folders/Nopol_QUIXBUGS_KTH/Nopol_QuixBugs_KTH_/target/test-classes/, file:/users2/cpca56132020/moliveira/.m2/repository/junit/junit/4.11/junit-4.11.jar, file:/users2/cpca56132020/moliveira/.m2/repository/org/hamcrest/hamcrest-core/1.3/hamcrest-core-1.3.jar, file:/users2/cpca56132020/moliveira/RepairThemAll/script/../repair_tools/nopol.jar]
10:00:43.154 fr.inria.lille.repair.nopol.NoPol - Statement type: PRE_THEN_COND
10:00:43.154 fr.inria.lille.repair.nopol.NoPol - Args: [java_testcases.junit.KTH_Test]
10:00:43.156 fr.inria.lille.repair.nopol.NoPol - Config: Config{synthesisDepth=3, collectStaticMethods=true, collectStaticFields=false, collectLiterals=false, onlyOneSynthesisResult=true, sortExpressions=true, maxLineInvocationPerTest=250, timeoutMethodInvocation=2000, dataCollectionTimeoutInSecondForSynthesis=900, addWeight=0.19478, subWeight=0.04554, mulWeight=0.0102, divWeight=0.00613, andWeight=0.10597, orWeight=0.05708, eqWeight=0.22798, nEqWeight=0.0, lessEqWeight=0.0255, lessWeight=0.0947, methodCallWeight=0.1, fieldAccessWeight=0.08099, constantWeight=0.14232, variableWeight=0.05195, mode=REPAIR, type=PRE_THEN_COND, synthesis=SMT, oracle=ANGELIC, solver=Z3, solverPath='/users2/cpca56132020/moliveira/RepairThemAll/script/../libs/z3/build/z3', projectSources=[src/main/java], projectClasspath='[Ljava.net.URL;@16c0663d', projectTests=[java_testcases.junit.KTH_Test], complianceLevel=8, outputFolder=., json=true}
10:00:43.157 fr.inria.lille.repair.nopol.NoPol - Available processors (cores): 1
10:00:43.160 fr.inria.lille.repair.nopol.NoPol - Free memory: 968 MB
10:00:43.160 fr.inria.lille.repair.nopol.NoPol - Maximum memory: 3 GB
10:00:43.160 fr.inria.lille.repair.nopol.NoPol - Total memory available to JVM: 989 MB
10:00:43.160 fr.inria.lille.repair.nopol.NoPol - Java version: 1.8.0_272
10:00:43.166 fr.inria.lille.repair.nopol.NoPol - JAVA_HOME: /usr/lib/jvm/java-1.8.0-openjdk/bin
10:00:43.166 fr.inria.lille.repair.nopol.NoPol - PATH: /usr/lib/jvm/java-1.8.0-openjdk/bin:/users2/cpca56132020/moliveira/deps/Maven/apache-maven/bin:/users2/cpca56132020/moliveira/deps/Gradle/gradle-6.8.3/bin:/usr/condabin:/usr/local/bin:/usr/bin:/usr/local/sbin:/usr/sbin:/users2/cpca56132020/moliveira/.local/bin:/users2/cpca56132020/moliveira/bin
10:00:50.056 fr.inria.lille.repair.nopol.NoPol - statement #1
10:00:50.058 fr.inria.lille.repair.nopol.NoPol - Analysing SourceLocation java_programs.KTH:25 which is executed by 4 tests
10:00:50.227 fr.inria.lille.repair.nopol.NoPol - looking with class fr.inria.lille.repair.nopol.spoon.smt.ConditionalAdder
10:00:50.971 x.java.compiler.DynamicClassCompiler - [Compilation errors]
KTH.java:47: error: missing return statement
    }
    ^
10:00:50.981 f.i.l.r.n.s.ConstraintModelBuilder - Unable to compile the change: 
public class KTH {
    public static java.lang.Integer kth(java.util.ArrayList<java.lang.Integer> arr, int k) {
        int pivot = arr.get(0);
        java.util.ArrayList<java.lang.Integer> below;
        java.util.ArrayList<java.lang.Integer> above;
        below = new java.util.ArrayList<java.lang.Integer>(arr.size());
        above = new java.util.ArrayList<java.lang.Integer>(arr.size());
        for (java.lang.Integer x : arr) {
            if (x < pivot) {
                below.add(x);
            } else
                if (x > pivot) {
                    above.add(x);
                }

        }
        int num_less = below.size();
        int num_lessoreq = arr.size() - above.size();
        if (k < num_less) {
            return java_programs.KTH.kth(below, k);
        } else
            if (k >= num_lessoreq) {
                boolean spoonDefaultValue = false;
                try {
                    spoonDefaultValue = true;
                } catch (java.lang.Exception __NopolProcessorException) {
                }
                boolean runtimeAngelicValue = fr.inria.lille.repair.nopol.synth.AngelicExecution.angelicValue(spoonDefaultValue);
                if (fr.inria.lille.commons.trace.RuntimeValues.instance(0).isEnabled()) {
                    fr.inria.lille.commons.trace.RuntimeValues.instance(0).collectionStarts();
                    try{fr.inria.lille.commons.trace.RuntimeValues.instance(0).collectInput("arr",arr);} catch (Exception ex1) {ex1.printStackTrace();};
                    try{fr.inria.lille.commons.trace.RuntimeValues.instance(0).collectInput("pivot",pivot);} catch (Exception ex1) {ex1.printStackTrace();};
                    try{fr.inria.lille.commons.trace.RuntimeValues.instance(0).collectInput("k",k);} catch (Exception ex1) {ex1.printStackTrace();};
                    try{fr.inria.lille.commons.trace.RuntimeValues.instance(0).collectInput("num_less",num_less);} catch (Exception ex1) {ex1.printStackTrace();};
                    try{fr.inria.lille.commons.trace.RuntimeValues.instance(0).collectInput("num_lessoreq",num_lessoreq);} catch (Exception ex1) {ex1.printStackTrace();};
                    fr.inria.lille.commons.trace.RuntimeValues.instance(0).collectOutput(runtimeAngelicValue);
                    fr.inria.lille.commons.trace.RuntimeValues.instance(0).collectionEnds();
                }
                if (runtimeAngelicValue)
                    return java_programs.KTH.kth(above, k);

            } else {
                return pivot;
            }

    }
}
10:00:50.993 fr.inria.lille.repair.nopol.NoPol - Error ExecutionException java.util.concurrent.ExecutionException: xxl.java.compiler.DynamicCompilationException: Aborting: dynamic compilation failed
10:00:50.993 fr.inria.lille.repair.nopol.NoPol - statement #2
10:00:50.994 fr.inria.lille.repair.nopol.NoPol - Analysing SourceLocation java_programs.KTH:16 which is executed by 6 tests
10:00:51.066 fr.inria.lille.repair.nopol.NoPol - looking with class fr.inria.lille.repair.nopol.spoon.smt.ConditionalAdder
10:00:51.414 tests.output - Failing tests with false: 
[test_1(java_testcases.junit.KTH_Test): expected:<7> but was:<3>, test_0(java_testcases.junit.KTH_Test): expected:<5> but was:<1>, test_5(java_testcases.junit.KTH_Test): expected:<6> but was:<2>, test_6(java_testcases.junit.KTH_Test): expected:<322> but was:<45>]
10:00:51.414 tests.output - Failing tests with true: 
[test_1(java_testcases.junit.KTH_Test): Index: 0, Size: 0, test_0(java_testcases.junit.KTH_Test): Index: 0, Size: 0, test_5(java_testcases.junit.KTH_Test): Index: 0, Size: 0, test_6(java_testcases.junit.KTH_Test): Index: 0, Size: 0]
10:00:51.419 f.i.l.r.n.synth.SMTNopolSynthesizer - Not enough specifications: 0. A trivial patch is "true" or "false", please write new tests specifying SourceLocation java_programs.KTH:16.
10:00:51.420 fr.inria.lille.repair.nopol.NoPol - statement #3
10:00:51.420 fr.inria.lille.repair.nopol.NoPol - Analysing SourceLocation java_programs.KTH:24 which is executed by 7 tests
10:00:51.494 fr.inria.lille.repair.nopol.NoPol - looking with class fr.inria.lille.repair.nopol.spoon.smt.ConditionalAdder
10:00:51.929 x.java.compiler.DynamicClassCompiler - [Compilation errors]
KTH.java:46: error: missing return statement
    }
    ^
10:00:51.932 f.i.l.r.n.s.ConstraintModelBuilder - Unable to compile the change: 
public class KTH {
    public static java.lang.Integer kth(java.util.ArrayList<java.lang.Integer> arr, int k) {
        int pivot = arr.get(0);
        java.util.ArrayList<java.lang.Integer> below;
        java.util.ArrayList<java.lang.Integer> above;
        below = new java.util.ArrayList<java.lang.Integer>(arr.size());
        above = new java.util.ArrayList<java.lang.Integer>(arr.size());
        for (java.lang.Integer x : arr) {
            if (x < pivot) {
                below.add(x);
            } else
                if (x > pivot) {
                    above.add(x);
                }

        }
        int num_less = below.size();
        int num_lessoreq = arr.size() - above.size();
        if (k < num_less) {
            return java_programs.KTH.kth(below, k);
        } else {
            boolean spoonDefaultValue = false;
            try {
                spoonDefaultValue = true;
            } catch (java.lang.Exception __NopolProcessorException) {
            }
            boolean runtimeAngelicValue = fr.inria.lille.repair.nopol.synth.AngelicExecution.angelicValue(spoonDefaultValue);
            if (fr.inria.lille.commons.trace.RuntimeValues.instance(2).isEnabled()) {
                fr.inria.lille.commons.trace.RuntimeValues.instance(2).collectionStarts();
                try{fr.inria.lille.commons.trace.RuntimeValues.instance(2).collectInput("arr",arr);} catch (Exception ex1) {ex1.printStackTrace();};
                try{fr.inria.lille.commons.trace.RuntimeValues.instance(2).collectInput("pivot",pivot);} catch (Exception ex1) {ex1.printStackTrace();};
                try{fr.inria.lille.commons.trace.RuntimeValues.instance(2).collectInput("k",k);} catch (Exception ex1) {ex1.printStackTrace();};
                try{fr.inria.lille.commons.trace.RuntimeValues.instance(2).collectInput("num_less",num_less);} catch (Exception ex1) {ex1.printStackTrace();};
                try{fr.inria.lille.commons.trace.RuntimeValues.instance(2).collectInput("k >= num_lessoreq",k >= num_lessoreq);} catch (Exception ex1) {ex1.printStackTrace();};
                try{fr.inria.lille.commons.trace.RuntimeValues.instance(2).collectInput("num_lessoreq",num_lessoreq);} catch (Exception ex1) {ex1.printStackTrace();};
                fr.inria.lille.commons.trace.RuntimeValues.instance(2).collectOutput(runtimeAngelicValue);
                fr.inria.lille.commons.trace.RuntimeValues.instance(2).collectionEnds();
            }
            if (runtimeAngelicValue) if (k >= num_lessoreq) {
                return java_programs.KTH.kth(above, k);
            } else {
                return pivot;
            }
        }
    }
}
10:00:51.934 fr.inria.lille.repair.nopol.NoPol - Error ExecutionException java.util.concurrent.ExecutionException: xxl.java.compiler.DynamicCompilationException: Aborting: dynamic compilation failed
10:00:51.934 fr.inria.lille.repair.nopol.NoPol - looking with class fr.inria.lille.repair.nopol.spoon.smt.ConditionalReplacer
10:00:52.194 tests.output - Failing tests with false: 
[test_1(java_testcases.junit.KTH_Test): expected:<7> but was:<3>, test_0(java_testcases.junit.KTH_Test): expected:<5> but was:<1>, test_5(java_testcases.junit.KTH_Test): expected:<6> but was:<2>, test_6(java_testcases.junit.KTH_Test): expected:<322> but was:<45>]
10:00:52.194 tests.output - Failing tests with true: 
[test_1(java_testcases.junit.KTH_Test): Index: 0, Size: 0, test_0(java_testcases.junit.KTH_Test): Index: 0, Size: 0, test_5(java_testcases.junit.KTH_Test): Index: 0, Size: 0, test_6(java_testcases.junit.KTH_Test): Index: 0, Size: 0]
10:00:52.194 f.i.l.r.n.synth.SMTNopolSynthesizer - Not enough specifications: 0. A trivial patch is "true" or "false", please write new tests specifying SourceLocation java_programs.KTH:24.
10:00:52.194 fr.inria.lille.repair.nopol.NoPol - statement #4
10:00:52.194 fr.inria.lille.repair.nopol.NoPol - Analysing SourceLocation java_programs.KTH:22 which is executed by 7 tests
10:00:52.266 fr.inria.lille.repair.nopol.NoPol - looking with class fr.inria.lille.repair.nopol.spoon.smt.ConditionalReplacer
10:00:52.523 tests.output - Failing tests with false: 
[test_1(java_testcases.junit.KTH_Test): Index: 0, Size: 0, test_0(java_testcases.junit.KTH_Test): Index: 0, Size: 0, test_5(java_testcases.junit.KTH_Test): expected:<6> but was:<45>, test_6(java_testcases.junit.KTH_Test): Index: 0, Size: 0]
10:00:52.523 tests.output - Failing tests with true: 
[test_1(java_testcases.junit.KTH_Test): Index: 0, Size: 0, test_0(java_testcases.junit.KTH_Test): Index: 0, Size: 0, test_5(java_testcases.junit.KTH_Test): Index: 0, Size: 0, test_6(java_testcases.junit.KTH_Test): Index: 0, Size: 0]
10:00:52.523 f.i.l.r.n.synth.SMTNopolSynthesizer - Not enough specifications: 0. A trivial patch is "true" or "false", please write new tests specifying SourceLocation java_programs.KTH:22.
10:00:52.523 fr.inria.lille.repair.nopol.NoPol - statement #5
10:00:52.523 fr.inria.lille.repair.nopol.NoPol - Analysing SourceLocation java_programs.KTH:21 which is executed by 7 tests
10:00:52.585 fr.inria.lille.repair.nopol.NoPol - statement #6
10:00:52.585 fr.inria.lille.repair.nopol.NoPol - Analysing SourceLocation java_programs.KTH:20 which is executed by 7 tests
10:00:52.672 fr.inria.lille.repair.nopol.NoPol - statement #7
10:00:52.672 fr.inria.lille.repair.nopol.NoPol - Analysing SourceLocation java_programs.KTH:18 which is executed by 7 tests
10:00:52.744 fr.inria.lille.repair.nopol.NoPol - statement #8
10:00:52.744 fr.inria.lille.repair.nopol.NoPol - Analysing SourceLocation java_programs.KTH:15 which is executed by 7 tests
10:00:52.814 fr.inria.lille.repair.nopol.NoPol - looking with class fr.inria.lille.repair.nopol.spoon.smt.ConditionalAdder
10:00:53.061 tests.output - Failing tests with false: 
[test_1(java_testcases.junit.KTH_Test): expected:<7> but was:<3>, test_0(java_testcases.junit.KTH_Test): expected:<5> but was:<1>, test_5(java_testcases.junit.KTH_Test): expected:<6> but was:<2>, test_6(java_testcases.junit.KTH_Test): expected:<322> but was:<45>]
10:00:53.061 tests.output - Failing tests with true: 
[test_1(java_testcases.junit.KTH_Test): Index: 0, Size: 0, test_0(java_testcases.junit.KTH_Test): Index: 0, Size: 0, test_5(java_testcases.junit.KTH_Test): Index: 0, Size: 0, test_6(java_testcases.junit.KTH_Test): Index: 0, Size: 0]
10:00:53.061 f.i.l.r.n.synth.SMTNopolSynthesizer - Not enough specifications: 0. A trivial patch is "true" or "false", please write new tests specifying SourceLocation java_programs.KTH:15.
10:00:53.063 fr.inria.lille.repair.nopol.NoPol - looking with class fr.inria.lille.repair.nopol.spoon.smt.ConditionalReplacer
10:01:02.651 tests.output - Failing tests with false: 
[test_1(java_testcases.junit.KTH_Test): expected:<7> but was:<3>, test_0(java_testcases.junit.KTH_Test): expected:<5> but was:<1>, test_5(java_testcases.junit.KTH_Test): expected:<6> but was:<2>, test_6(java_testcases.junit.KTH_Test): expected:<322> but was:<45>]
10:01:02.651 tests.output - Failing tests with true: 
[test_1(java_testcases.junit.KTH_Test): null, test_0(java_testcases.junit.KTH_Test): test timed out after 3000 milliseconds, test_5(java_testcases.junit.KTH_Test): test timed out after 3000 milliseconds, test_6(java_testcases.junit.KTH_Test): test timed out after 3000 milliseconds]
10:01:02.651 f.i.l.r.n.synth.SMTNopolSynthesizer - Not enough specifications: 0. A trivial patch is "true" or "false", please write new tests specifying SourceLocation java_programs.KTH:15.
10:01:02.652 fr.inria.lille.repair.nopol.NoPol - statement #9
10:01:02.652 fr.inria.lille.repair.nopol.NoPol - Analysing SourceLocation java_programs.KTH:13 which is executed by 7 tests
10:01:02.788 fr.inria.lille.repair.nopol.NoPol - looking with class fr.inria.lille.repair.nopol.spoon.smt.ConditionalAdder
10:01:04.069 tests.output - Failing tests with false: 
[test_1(java_testcases.junit.KTH_Test): expected:<7> but was:<3>, test_0(java_testcases.junit.KTH_Test): expected:<5> but was:<1>, test_5(java_testcases.junit.KTH_Test): expected:<6> but was:<45>, test_6(java_testcases.junit.KTH_Test): expected:<322> but was:<45>]
10:01:04.070 tests.output - Failing tests with true: 
[test_1(java_testcases.junit.KTH_Test): Index: 0, Size: 0, test_0(java_testcases.junit.KTH_Test): Index: 0, Size: 0, test_5(java_testcases.junit.KTH_Test): Index: 0, Size: 0, test_6(java_testcases.junit.KTH_Test): Index: 0, Size: 0]
10:01:04.070 f.i.l.r.n.synth.SMTNopolSynthesizer - Not enough specifications: 0. A trivial patch is "true" or "false", please write new tests specifying SourceLocation java_programs.KTH:13.
10:01:04.071 fr.inria.lille.repair.nopol.NoPol - looking with class fr.inria.lille.repair.nopol.spoon.smt.ConditionalReplacer
10:01:14.443 tests.output - Failing tests with false: 
[test_1(java_testcases.junit.KTH_Test): Index: 0, Size: 0, test_0(java_testcases.junit.KTH_Test): Index: 0, Size: 0, test_5(java_testcases.junit.KTH_Test): expected:<6> but was:<45>, test_6(java_testcases.junit.KTH_Test): Index: 0, Size: 0]
10:01:14.444 tests.output - Failing tests with true: 
[test_1(java_testcases.junit.KTH_Test): null, test_0(java_testcases.junit.KTH_Test): test timed out after 3000 milliseconds, test_5(java_testcases.junit.KTH_Test): test timed out after 3000 milliseconds, test_6(java_testcases.junit.KTH_Test): test timed out after 3000 milliseconds]
10:01:14.444 f.i.l.r.n.synth.SMTNopolSynthesizer - Not enough specifications: 0. A trivial patch is "true" or "false", please write new tests specifying SourceLocation java_programs.KTH:13.
10:01:14.444 fr.inria.lille.repair.nopol.NoPol - statement #10
10:01:14.444 fr.inria.lille.repair.nopol.NoPol - Analysing SourceLocation java_programs.KTH:12 which is executed by 7 tests
10:01:14.705 fr.inria.lille.repair.nopol.NoPol - looking with class fr.inria.lille.repair.nopol.spoon.smt.ConditionalAdder
10:01:16.639 tests.output - Failing tests with false: 
[test_1(java_testcases.junit.KTH_Test): expected:<7> but was:<3>, test_0(java_testcases.junit.KTH_Test): expected:<5> but was:<1>, test_5(java_testcases.junit.KTH_Test): expected:<6> but was:<45>, test_6(java_testcases.junit.KTH_Test): expected:<322> but was:<45>]
10:01:16.640 tests.output - Failing tests with true: 
[test_1(java_testcases.junit.KTH_Test): Index: 0, Size: 0, test_0(java_testcases.junit.KTH_Test): Index: 0, Size: 0, test_5(java_testcases.junit.KTH_Test): Index: 0, Size: 0, test_6(java_testcases.junit.KTH_Test): Index: 0, Size: 0]
10:01:16.640 f.i.l.r.n.synth.SMTNopolSynthesizer - Not enough specifications: 0. A trivial patch is "true" or "false", please write new tests specifying SourceLocation java_programs.KTH:12.
10:01:16.640 fr.inria.lille.repair.nopol.NoPol - statement #11
10:01:16.640 fr.inria.lille.repair.nopol.NoPol - Analysing SourceLocation java_programs.KTH:11 which is executed by 7 tests
10:01:16.908 fr.inria.lille.repair.nopol.NoPol - looking with class fr.inria.lille.repair.nopol.spoon.smt.ConditionalAdder
10:01:18.211 x.java.compiler.DynamicClassCompiler - [Compilation errors]
KTH.java:30: error: variable above might not have been initialized
                    above.add(x);
                    ^
KTH.java:35: error: variable above might not have been initialized
        int num_lessoreq = arr.size() - above.size();
                                        ^
10:01:18.231 f.i.l.r.n.s.ConstraintModelBuilder - Unable to compile the change: 
public class KTH {
    public static java.lang.Integer kth(java.util.ArrayList<java.lang.Integer> arr, int k) {
        int pivot = arr.get(0);
        java.util.ArrayList<java.lang.Integer> below;
        java.util.ArrayList<java.lang.Integer> above;
        below = new java.util.ArrayList<java.lang.Integer>(arr.size());
        boolean spoonDefaultValue = false;
        try {
            spoonDefaultValue = true;
        } catch (java.lang.Exception __NopolProcessorException) {
        }
        boolean runtimeAngelicValue = fr.inria.lille.repair.nopol.synth.AngelicExecution.angelicValue(spoonDefaultValue);
        if (fr.inria.lille.commons.trace.RuntimeValues.instance(10).isEnabled()) {
            fr.inria.lille.commons.trace.RuntimeValues.instance(10).collectionStarts();
            try{fr.inria.lille.commons.trace.RuntimeValues.instance(10).collectInput("arr",arr);} catch (Exception ex1) {ex1.printStackTrace();};
            try{fr.inria.lille.commons.trace.RuntimeValues.instance(10).collectInput("pivot",pivot);} catch (Exception ex1) {ex1.printStackTrace();};
            try{fr.inria.lille.commons.trace.RuntimeValues.instance(10).collectInput("k",k);} catch (Exception ex1) {ex1.printStackTrace();};
            fr.inria.lille.commons.trace.RuntimeValues.instance(10).collectOutput(runtimeAngelicValue);
            fr.inria.lille.commons.trace.RuntimeValues.instance(10).collectionEnds();
        }
        if (runtimeAngelicValue)
            above = new java.util.ArrayList<java.lang.Integer>(arr.size());

        for (java.lang.Integer x : arr) {
            if (x < pivot) {
                below.add(x);
            } else
                if (x > pivot) {
                    above.add(x);
                }

        }
        int num_less = below.size();
        int num_lessoreq = arr.size() - above.size();
        if (k < num_less) {
            return java_programs.KTH.kth(below, k);
        } else
            if (k >= num_lessoreq) {
                return java_programs.KTH.kth(above, k);
            } else {
                return pivot;
            }

    }
}
10:01:18.245 fr.inria.lille.repair.nopol.NoPol - Error ExecutionException java.util.concurrent.ExecutionException: xxl.java.compiler.DynamicCompilationException: Aborting: dynamic compilation failed
10:01:18.245 fr.inria.lille.repair.nopol.NoPol - statement #12
10:01:18.245 fr.inria.lille.repair.nopol.NoPol - Analysing SourceLocation java_programs.KTH:10 which is executed by 7 tests
10:01:18.421 fr.inria.lille.repair.nopol.NoPol - looking with class fr.inria.lille.repair.nopol.spoon.smt.ConditionalAdder
10:01:19.702 x.java.compiler.DynamicClassCompiler - [Compilation errors]
KTH.java:27: error: variable below might not have been initialized
                below.add(x);
                ^
KTH.java:34: error: variable below might not have been initialized
        int num_less = below.size();
                       ^
10:01:19.742 f.i.l.r.n.s.ConstraintModelBuilder - Unable to compile the change: 
public class KTH {
    public static java.lang.Integer kth(java.util.ArrayList<java.lang.Integer> arr, int k) {
        int pivot = arr.get(0);
        java.util.ArrayList<java.lang.Integer> below;
        java.util.ArrayList<java.lang.Integer> above;
        boolean spoonDefaultValue = false;
        try {
            spoonDefaultValue = true;
        } catch (java.lang.Exception __NopolProcessorException) {
        }
        boolean runtimeAngelicValue = fr.inria.lille.repair.nopol.synth.AngelicExecution.angelicValue(spoonDefaultValue);
        if (fr.inria.lille.commons.trace.RuntimeValues.instance(11).isEnabled()) {
            fr.inria.lille.commons.trace.RuntimeValues.instance(11).collectionStarts();
            try{fr.inria.lille.commons.trace.RuntimeValues.instance(11).collectInput("arr",arr);} catch (Exception ex1) {ex1.printStackTrace();};
            try{fr.inria.lille.commons.trace.RuntimeValues.instance(11).collectInput("pivot",pivot);} catch (Exception ex1) {ex1.printStackTrace();};
            try{fr.inria.lille.commons.trace.RuntimeValues.instance(11).collectInput("k",k);} catch (Exception ex1) {ex1.printStackTrace();};
            fr.inria.lille.commons.trace.RuntimeValues.instance(11).collectOutput(runtimeAngelicValue);
            fr.inria.lille.commons.trace.RuntimeValues.instance(11).collectionEnds();
        }
        if (runtimeAngelicValue)
            below = new java.util.ArrayList<java.lang.Integer>(arr.size());

        above = new java.util.ArrayList<java.lang.Integer>(arr.size());
        for (java.lang.Integer x : arr) {
            if (x < pivot) {
                below.add(x);
            } else
                if (x > pivot) {
                    above.add(x);
                }

        }
        int num_less = below.size();
        int num_lessoreq = arr.size() - above.size();
        if (k < num_less) {
            return java_programs.KTH.kth(below, k);
        } else
            if (k >= num_lessoreq) {
                return java_programs.KTH.kth(above, k);
            } else {
                return pivot;
            }

    }
}
10:01:19.745 fr.inria.lille.repair.nopol.NoPol - Error ExecutionException java.util.concurrent.ExecutionException: xxl.java.compiler.DynamicCompilationException: Aborting: dynamic compilation failed
10:01:19.745 fr.inria.lille.repair.nopol.NoPol - statement #13
10:01:19.745 fr.inria.lille.repair.nopol.NoPol - Analysing SourceLocation java_programs.KTH:8 which is executed by 7 tests
10:01:19.911 fr.inria.lille.repair.nopol.NoPol - statement #14
10:01:19.911 fr.inria.lille.repair.nopol.NoPol - Analysing SourceLocation java_programs.KTH:14 which is executed by 5 tests
10:01:20.157 fr.inria.lille.repair.nopol.NoPol - looking with class fr.inria.lille.repair.nopol.spoon.smt.ConditionalAdder
10:01:21.779 tests.output - Failing tests with false: 
[test_1(java_testcases.junit.KTH_Test): Index: 0, Size: 0, test_0(java_testcases.junit.KTH_Test): Index: 0, Size: 0, test_5(java_testcases.junit.KTH_Test): expected:<6> but was:<45>, test_6(java_testcases.junit.KTH_Test): Index: 0, Size: 0]
10:01:21.779 tests.output - Failing tests with true: 
[test_1(java_testcases.junit.KTH_Test): Index: 0, Size: 0, test_0(java_testcases.junit.KTH_Test): Index: 0, Size: 0, test_5(java_testcases.junit.KTH_Test): Index: 0, Size: 0, test_6(java_testcases.junit.KTH_Test): Index: 0, Size: 0]
10:01:21.780 f.i.l.r.n.synth.SMTNopolSynthesizer - Not enough specifications: 0. A trivial patch is "true" or "false", please write new tests specifying SourceLocation java_programs.KTH:14.
10:01:21.780 fr.inria.lille.repair.nopol.NoPol - statement #15
10:01:21.780 fr.inria.lille.repair.nopol.NoPol - Analysing SourceLocation java_programs.KTH:23 which is executed by 1 tests
10:01:21.945 fr.inria.lille.repair.nopol.NoPol - looking with class fr.inria.lille.repair.nopol.spoon.smt.ConditionalAdder
10:01:22.600 x.java.compiler.DynamicClassCompiler - [Compilation errors]
KTH.java:47: error: missing return statement
    }
    ^
10:01:22.622 f.i.l.r.n.s.ConstraintModelBuilder - Unable to compile the change: 
public class KTH {
    public static java.lang.Integer kth(java.util.ArrayList<java.lang.Integer> arr, int k) {
        int pivot = arr.get(0);
        java.util.ArrayList<java.lang.Integer> below;
        java.util.ArrayList<java.lang.Integer> above;
        below = new java.util.ArrayList<java.lang.Integer>(arr.size());
        above = new java.util.ArrayList<java.lang.Integer>(arr.size());
        for (java.lang.Integer x : arr) {
            if (x < pivot) {
                below.add(x);
            } else
                if (x > pivot) {
                    above.add(x);
                }

        }
        int num_less = below.size();
        int num_lessoreq = arr.size() - above.size();
        if (k < num_less) {
            boolean spoonDefaultValue = false;
            try {
                spoonDefaultValue = true;
            } catch (java.lang.Exception __NopolProcessorException) {
            }
            boolean runtimeAngelicValue = fr.inria.lille.repair.nopol.synth.AngelicExecution.angelicValue(spoonDefaultValue);
            if (fr.inria.lille.commons.trace.RuntimeValues.instance(13).isEnabled()) {
                fr.inria.lille.commons.trace.RuntimeValues.instance(13).collectionStarts();
                try{fr.inria.lille.commons.trace.RuntimeValues.instance(13).collectInput("arr",arr);} catch (Exception ex1) {ex1.printStackTrace();};
                try{fr.inria.lille.commons.trace.RuntimeValues.instance(13).collectInput("pivot",pivot);} catch (Exception ex1) {ex1.printStackTrace();};
                try{fr.inria.lille.commons.trace.RuntimeValues.instance(13).collectInput("k",k);} catch (Exception ex1) {ex1.printStackTrace();};
                try{fr.inria.lille.commons.trace.RuntimeValues.instance(13).collectInput("num_less",num_less);} catch (Exception ex1) {ex1.printStackTrace();};
                try{fr.inria.lille.commons.trace.RuntimeValues.instance(13).collectInput("num_lessoreq",num_lessoreq);} catch (Exception ex1) {ex1.printStackTrace();};
                fr.inria.lille.commons.trace.RuntimeValues.instance(13).collectOutput(runtimeAngelicValue);
                fr.inria.lille.commons.trace.RuntimeValues.instance(13).collectionEnds();
            }
            if (runtimeAngelicValue)
                return java_programs.KTH.kth(below, k);

        } else
            if (k >= num_lessoreq) {
                return java_programs.KTH.kth(above, k);
            } else {
                return pivot;
            }

    }
}
10:01:22.622 fr.inria.lille.repair.nopol.NoPol - Error ExecutionException java.util.concurrent.ExecutionException: xxl.java.compiler.DynamicCompilationException: Aborting: dynamic compilation failed
10:01:22.622 fr.inria.lille.repair.nopol.NoPol - ----INFORMATION----
10:01:22.657 fr.inria.lille.repair.nopol.NoPol - Nb classes : 3
10:01:22.657 fr.inria.lille.repair.nopol.NoPol - Nb methods : 9
10:01:22.657 fr.inria.lille.repair.nopol.NoPol - Nb Statements Analyzed : 14
10:01:22.657 fr.inria.lille.repair.nopol.NoPol - Nb Statements with Angelic Value Found : 0
10:01:22.657 fr.inria.lille.repair.nopol.NoPol - Nb inputs in SMT : 0
10:01:22.670 fr.inria.lille.repair.nopol.NoPol - Nb SMT level: 0
10:01:22.670 fr.inria.lille.repair.nopol.NoPol - Nb variables in SMT : 0
10:01:22.670 fr.inria.lille.repair.nopol.NoPol - NoPol Execution time : 39472ms
10:01:22.670 fr.inria.lille.repair.nopol.NoPol - 
