07:53:14.502 fr.inria.lille.repair.nopol.NoPol - Source files: [src/main/java]
07:53:14.504 fr.inria.lille.repair.nopol.NoPol - Classpath: [file:/users2/cpca56132020/moliveira/folders/Nopol_QUIXBUGS_FLATTEN/Nopol_QuixBugs_FLATTEN_/target/classes/, file:/users2/cpca56132020/moliveira/folders/Nopol_QUIXBUGS_FLATTEN/Nopol_QuixBugs_FLATTEN_/target/test-classes/, file:/users2/cpca56132020/moliveira/.m2/repository/junit/junit/4.11/junit-4.11.jar, file:/users2/cpca56132020/moliveira/.m2/repository/org/hamcrest/hamcrest-core/1.3/hamcrest-core-1.3.jar, file:/users2/cpca56132020/moliveira/RepairThemAll/script/../repair_tools/nopol.jar]
07:53:14.504 fr.inria.lille.repair.nopol.NoPol - Statement type: PRE_THEN_COND
07:53:14.505 fr.inria.lille.repair.nopol.NoPol - Args: [java_testcases.junit.FLATTEN_Test]
07:53:14.507 fr.inria.lille.repair.nopol.NoPol - Config: Config{synthesisDepth=3, collectStaticMethods=true, collectStaticFields=false, collectLiterals=false, onlyOneSynthesisResult=true, sortExpressions=true, maxLineInvocationPerTest=250, timeoutMethodInvocation=2000, dataCollectionTimeoutInSecondForSynthesis=900, addWeight=0.19478, subWeight=0.04554, mulWeight=0.0102, divWeight=0.00613, andWeight=0.10597, orWeight=0.05708, eqWeight=0.22798, nEqWeight=0.0, lessEqWeight=0.0255, lessWeight=0.0947, methodCallWeight=0.1, fieldAccessWeight=0.08099, constantWeight=0.14232, variableWeight=0.05195, mode=REPAIR, type=PRE_THEN_COND, synthesis=SMT, oracle=ANGELIC, solver=Z3, solverPath='/users2/cpca56132020/moliveira/RepairThemAll/script/../libs/z3/build/z3', projectSources=[src/main/java], projectClasspath='[Ljava.net.URL;@16c0663d', projectTests=[java_testcases.junit.FLATTEN_Test], complianceLevel=8, outputFolder=., json=true}
07:53:14.507 fr.inria.lille.repair.nopol.NoPol - Available processors (cores): 1
07:53:14.510 fr.inria.lille.repair.nopol.NoPol - Free memory: 968 MB
07:53:14.510 fr.inria.lille.repair.nopol.NoPol - Maximum memory: 3 GB
07:53:14.510 fr.inria.lille.repair.nopol.NoPol - Total memory available to JVM: 989 MB
07:53:14.510 fr.inria.lille.repair.nopol.NoPol - Java version: 1.8.0_282
07:53:14.514 fr.inria.lille.repair.nopol.NoPol - JAVA_HOME: /users2/cpca56132020/moliveira/deps/jdk-8/bin
07:53:14.514 fr.inria.lille.repair.nopol.NoPol - PATH: /users2/cpca56132020/moliveira/deps/jdk-8/bin:/users2/cpca56132020/moliveira/deps/Maven/apache-maven/bin:/users2/cpca56132020/moliveira/deps/Gradle/gradle-6.8.3/bin:/usr/condabin:/usr/local/bin:/usr/bin:/usr/local/sbin:/usr/sbin:/users2/cpca56132020/moliveira/.local/bin:/users2/cpca56132020/moliveira/bin
07:53:29.510 fr.inria.lille.repair.nopol.NoPol - statement #1
07:53:29.513 fr.inria.lille.repair.nopol.NoPol - Analysing SourceLocation java_programs.FLATTEN:26 which is executed by 6 tests
07:53:29.696 fr.inria.lille.repair.nopol.NoPol - looking with class fr.inria.lille.repair.nopol.spoon.smt.ConditionalAdder
07:53:30.436 x.java.compiler.DynamicClassCompiler - [Compilation errors]
FLATTEN.java:32: error: missing return statement
    }
    ^
Note: FLATTEN.java uses unchecked or unsafe operations.
Note: Recompile with -Xlint:unchecked for details.
07:53:30.440 f.i.l.r.n.s.ConstraintModelBuilder - Unable to compile the change: 
public class FLATTEN {
    public static java.lang.Object flatten(java.lang.Object arr) {
        if (arr instanceof java.util.ArrayList) {
            java.util.ArrayList narr = ((java.util.ArrayList) (arr));
            java.util.ArrayList result = new java.util.ArrayList(50);
            for (java.lang.Object x : narr) {
                if (x instanceof java.util.ArrayList) {
                    result.addAll(((java.util.ArrayList) (java_programs.FLATTEN.flatten(x))));
                } else {
                    result.add(java_programs.FLATTEN.flatten(x));
                }
            }
            return result;
        } else {
            boolean spoonDefaultValue = false;
            try {
                spoonDefaultValue = true;
            } catch (java.lang.Exception __NopolProcessorException) {
            }
            boolean runtimeAngelicValue = fr.inria.lille.repair.nopol.synth.AngelicExecution.angelicValue(spoonDefaultValue);
            if (fr.inria.lille.commons.trace.RuntimeValues.instance(0).isEnabled()) {
                fr.inria.lille.commons.trace.RuntimeValues.instance(0).collectionStarts();
                try{fr.inria.lille.commons.trace.RuntimeValues.instance(0).collectInput("arr",arr);} catch (Exception ex1) {ex1.printStackTrace();};
                fr.inria.lille.commons.trace.RuntimeValues.instance(0).collectOutput(runtimeAngelicValue);
                fr.inria.lille.commons.trace.RuntimeValues.instance(0).collectionEnds();
            }
            if (runtimeAngelicValue)
                return java_programs.FLATTEN.flatten(arr);

        }
    }
}
07:53:30.440 fr.inria.lille.repair.nopol.NoPol - Error ExecutionException java.util.concurrent.ExecutionException: xxl.java.compiler.DynamicCompilationException: Aborting: dynamic compilation failed
07:53:30.440 fr.inria.lille.repair.nopol.NoPol - statement #2
07:53:30.441 fr.inria.lille.repair.nopol.NoPol - Analysing SourceLocation java_programs.FLATTEN:21 which is executed by 6 tests
07:53:30.503 fr.inria.lille.repair.nopol.NoPol - looking with class fr.inria.lille.repair.nopol.spoon.smt.ConditionalAdder
07:53:30.974 tests.output - Failing tests with false: 
[test_2(java_testcases.junit.FLATTEN_Test): expected:<[[1,1]]> but was:<[[]]>, test_0(java_testcases.junit.FLATTEN_Test): expected:<[[1,2,3,4,5]]> but was:<[[]]>, test_6(java_testcases.junit.FLATTEN_Test): expected:<[[a,b,c,d,e]]> but was:<[[]]>, test_5(java_testcases.junit.FLATTEN_Test): expected:<[[moe,curly,larry]]> but was:<[[]]>, test_4(java_testcases.junit.FLATTEN_Test): expected:<[[1,4,6]]> but was:<[[]]>, test_3(java_testcases.junit.FLATTEN_Test): expected:<[[1,2,3,4]]> but was:<[[]]>]
07:53:30.974 tests.output - Failing tests with true: 
[test_2(java_testcases.junit.FLATTEN_Test): null, test_0(java_testcases.junit.FLATTEN_Test): null, test_6(java_testcases.junit.FLATTEN_Test): null, test_5(java_testcases.junit.FLATTEN_Test): null, test_4(java_testcases.junit.FLATTEN_Test): null, test_3(java_testcases.junit.FLATTEN_Test): null]
07:53:30.974 f.i.l.r.n.synth.SMTNopolSynthesizer - Not enough specifications: 0. A trivial patch is "true" or "false", please write new tests specifying SourceLocation java_programs.FLATTEN:21.
07:53:30.975 fr.inria.lille.repair.nopol.NoPol - statement #3
07:53:30.975 fr.inria.lille.repair.nopol.NoPol - Analysing SourceLocation java_programs.FLATTEN:18 which is executed by 7 tests
07:53:31.025 fr.inria.lille.repair.nopol.NoPol - looking with class fr.inria.lille.repair.nopol.spoon.smt.ConditionalAdder
07:53:31.324 tests.output - Failing tests with false: 
[test_2(java_testcases.junit.FLATTEN_Test): expected:<[[1,1]]> but was:<[[]]>, test_0(java_testcases.junit.FLATTEN_Test): expected:<[[1,2,3,4,5]]> but was:<[[]]>, test_6(java_testcases.junit.FLATTEN_Test): expected:<[[a,b,c,d,e]]> but was:<[[]]>, test_5(java_testcases.junit.FLATTEN_Test): expected:<[[moe,curly,larry]]> but was:<[[]]>, test_4(java_testcases.junit.FLATTEN_Test): expected:<[[1,4,6]]> but was:<[[]]>, test_3(java_testcases.junit.FLATTEN_Test): expected:<[[1,2,3,4]]> but was:<[[]]>]
07:53:31.324 tests.output - Failing tests with true: 
[test_2(java_testcases.junit.FLATTEN_Test): null, test_0(java_testcases.junit.FLATTEN_Test): null, test_6(java_testcases.junit.FLATTEN_Test): null, test_5(java_testcases.junit.FLATTEN_Test): null, test_4(java_testcases.junit.FLATTEN_Test): null, test_3(java_testcases.junit.FLATTEN_Test): null]
07:53:31.324 f.i.l.r.n.synth.SMTNopolSynthesizer - Not enough specifications: 0. A trivial patch is "true" or "false", please write new tests specifying SourceLocation java_programs.FLATTEN:18.
07:53:31.324 fr.inria.lille.repair.nopol.NoPol - looking with class fr.inria.lille.repair.nopol.spoon.smt.ConditionalReplacer
07:53:31.668 tests.output - Failing tests with false: 
[test_2(java_testcases.junit.FLATTEN_Test): null, test_0(java_testcases.junit.FLATTEN_Test): null, test_6(java_testcases.junit.FLATTEN_Test): null, test_5(java_testcases.junit.FLATTEN_Test): null, test_4(java_testcases.junit.FLATTEN_Test): null, test_3(java_testcases.junit.FLATTEN_Test): null]
07:53:31.668 tests.output - Failing tests with true: 
[test_2(java_testcases.junit.FLATTEN_Test): null, test_0(java_testcases.junit.FLATTEN_Test): null, test_6(java_testcases.junit.FLATTEN_Test): null, test_5(java_testcases.junit.FLATTEN_Test): null, test_4(java_testcases.junit.FLATTEN_Test): null, test_3(java_testcases.junit.FLATTEN_Test): null]
07:53:31.668 f.i.l.r.n.synth.SMTNopolSynthesizer - Not enough specifications: 0. A trivial patch is "true" or "false", please write new tests specifying SourceLocation java_programs.FLATTEN:18.
07:53:31.668 fr.inria.lille.repair.nopol.NoPol - statement #4
07:53:31.669 fr.inria.lille.repair.nopol.NoPol - Analysing SourceLocation java_programs.FLATTEN:17 which is executed by 7 tests
07:53:31.722 fr.inria.lille.repair.nopol.NoPol - looking with class fr.inria.lille.repair.nopol.spoon.smt.ConditionalAdder
07:53:32.415 tests.output - Failing tests with false: 
[test_2(java_testcases.junit.FLATTEN_Test): expected:<[[1,1]]> but was:<[[]]>, test_0(java_testcases.junit.FLATTEN_Test): expected:<[[1,2,3,4,5]]> but was:<[[]]>, test_6(java_testcases.junit.FLATTEN_Test): expected:<[[a,b,c,d,e]]> but was:<[[]]>, test_5(java_testcases.junit.FLATTEN_Test): expected:<[[moe,curly,larry]]> but was:<[[]]>, test_4(java_testcases.junit.FLATTEN_Test): expected:<[[1,4,6]]> but was:<[[]]>, test_3(java_testcases.junit.FLATTEN_Test): expected:<[[1,2,3,4]]> but was:<[[]]>]
07:53:32.415 tests.output - Failing tests with true: 
[test_2(java_testcases.junit.FLATTEN_Test): null, test_0(java_testcases.junit.FLATTEN_Test): null, test_6(java_testcases.junit.FLATTEN_Test): null, test_5(java_testcases.junit.FLATTEN_Test): null, test_4(java_testcases.junit.FLATTEN_Test): null, test_3(java_testcases.junit.FLATTEN_Test): null]
07:53:32.415 f.i.l.r.n.synth.SMTNopolSynthesizer - Not enough specifications: 0. A trivial patch is "true" or "false", please write new tests specifying SourceLocation java_programs.FLATTEN:17.
07:53:32.416 fr.inria.lille.repair.nopol.NoPol - statement #5
07:53:32.416 fr.inria.lille.repair.nopol.NoPol - Analysing SourceLocation java_programs.FLATTEN:16 which is executed by 7 tests
07:53:32.472 fr.inria.lille.repair.nopol.NoPol - statement #6
07:53:32.472 fr.inria.lille.repair.nopol.NoPol - Analysing SourceLocation java_programs.FLATTEN:15 which is executed by 7 tests
07:53:32.526 fr.inria.lille.repair.nopol.NoPol - statement #7
07:53:32.526 fr.inria.lille.repair.nopol.NoPol - Analysing SourceLocation java_programs.FLATTEN:14 which is executed by 7 tests
07:53:32.582 fr.inria.lille.repair.nopol.NoPol - looking with class fr.inria.lille.repair.nopol.spoon.smt.ConditionalReplacer
07:54:06.918 tests.output - Failing tests with false: 
[test_2(java_testcases.junit.FLATTEN_Test): null, test_0(java_testcases.junit.FLATTEN_Test): test timed out after 3000 milliseconds, test_6(java_testcases.junit.FLATTEN_Test): test timed out after 3000 milliseconds, test_5(java_testcases.junit.FLATTEN_Test): test timed out after 3000 milliseconds, test_4(java_testcases.junit.FLATTEN_Test): test timed out after 3000 milliseconds, test_3(java_testcases.junit.FLATTEN_Test): test timed out after 3000 milliseconds]
07:54:06.918 tests.output - Failing tests with true: 
[test_2(java_testcases.junit.FLATTEN_Test): test timed out after 3000 milliseconds, test_0(java_testcases.junit.FLATTEN_Test): test timed out after 3000 milliseconds, test_6(java_testcases.junit.FLATTEN_Test): test timed out after 3000 milliseconds, test_5(java_testcases.junit.FLATTEN_Test): test timed out after 3000 milliseconds, test_4(java_testcases.junit.FLATTEN_Test): test timed out after 3000 milliseconds, test_3(java_testcases.junit.FLATTEN_Test): test timed out after 3000 milliseconds]
07:54:06.918 f.i.l.r.n.synth.SMTNopolSynthesizer - Not enough specifications: 0. A trivial patch is "true" or "false", please write new tests specifying SourceLocation java_programs.FLATTEN:14.
07:54:06.919 fr.inria.lille.repair.nopol.NoPol - statement #8
07:54:06.919 fr.inria.lille.repair.nopol.NoPol - Analysing SourceLocation java_programs.FLATTEN:19 which is executed by 3 tests
07:54:07.242 fr.inria.lille.repair.nopol.NoPol - looking with class fr.inria.lille.repair.nopol.spoon.smt.ConditionalAdder
07:54:10.857 tests.output - Failing tests with false: 
[test_2(java_testcases.junit.FLATTEN_Test): null, test_0(java_testcases.junit.FLATTEN_Test): null, test_6(java_testcases.junit.FLATTEN_Test): null, test_5(java_testcases.junit.FLATTEN_Test): null, test_4(java_testcases.junit.FLATTEN_Test): null, test_3(java_testcases.junit.FLATTEN_Test): null]
07:54:10.858 tests.output - Failing tests with true: 
[test_2(java_testcases.junit.FLATTEN_Test): null, test_0(java_testcases.junit.FLATTEN_Test): null, test_6(java_testcases.junit.FLATTEN_Test): null, test_5(java_testcases.junit.FLATTEN_Test): null, test_4(java_testcases.junit.FLATTEN_Test): null, test_3(java_testcases.junit.FLATTEN_Test): null]
07:54:10.858 f.i.l.r.n.synth.SMTNopolSynthesizer - Not enough specifications: 0. A trivial patch is "true" or "false", please write new tests specifying SourceLocation java_programs.FLATTEN:19.
07:54:10.858 fr.inria.lille.repair.nopol.NoPol - statement #9
07:54:10.859 fr.inria.lille.repair.nopol.NoPol - Analysing SourceLocation java_programs.FLATTEN:24 which is executed by 2 tests
07:54:11.113 fr.inria.lille.repair.nopol.NoPol - looking with class fr.inria.lille.repair.nopol.spoon.smt.ConditionalAdder
07:54:12.595 x.java.compiler.DynamicClassCompiler - [Compilation errors]
FLATTEN.java:34: error: missing return statement
    }
    ^
Note: FLATTEN.java uses unchecked or unsafe operations.
Note: Recompile with -Xlint:unchecked for details.
07:54:12.598 f.i.l.r.n.s.ConstraintModelBuilder - Unable to compile the change: 
public class FLATTEN {
    public static java.lang.Object flatten(java.lang.Object arr) {
        if (arr instanceof java.util.ArrayList) {
            java.util.ArrayList narr = ((java.util.ArrayList) (arr));
            java.util.ArrayList result = new java.util.ArrayList(50);
            for (java.lang.Object x : narr) {
                if (x instanceof java.util.ArrayList) {
                    result.addAll(((java.util.ArrayList) (java_programs.FLATTEN.flatten(x))));
                } else {
                    result.add(java_programs.FLATTEN.flatten(x));
                }
            }
            boolean spoonDefaultValue = false;
            try {
                spoonDefaultValue = true;
            } catch (java.lang.Exception __NopolProcessorException) {
            }
            boolean runtimeAngelicValue = fr.inria.lille.repair.nopol.synth.AngelicExecution.angelicValue(spoonDefaultValue);
            if (fr.inria.lille.commons.trace.RuntimeValues.instance(7).isEnabled()) {
                fr.inria.lille.commons.trace.RuntimeValues.instance(7).collectionStarts();
                try{fr.inria.lille.commons.trace.RuntimeValues.instance(7).collectInput("narr",narr);} catch (Exception ex1) {ex1.printStackTrace();};
                try{fr.inria.lille.commons.trace.RuntimeValues.instance(7).collectInput("result",result);} catch (Exception ex1) {ex1.printStackTrace();};
                try{fr.inria.lille.commons.trace.RuntimeValues.instance(7).collectInput("arr",arr);} catch (Exception ex1) {ex1.printStackTrace();};
                fr.inria.lille.commons.trace.RuntimeValues.instance(7).collectOutput(runtimeAngelicValue);
                fr.inria.lille.commons.trace.RuntimeValues.instance(7).collectionEnds();
            }
            if (runtimeAngelicValue)
                return result;

        } else {
            return java_programs.FLATTEN.flatten(arr);
        }
    }
}
07:54:12.599 fr.inria.lille.repair.nopol.NoPol - Error ExecutionException java.util.concurrent.ExecutionException: xxl.java.compiler.DynamicCompilationException: Aborting: dynamic compilation failed
07:54:12.599 fr.inria.lille.repair.nopol.NoPol - statement #10
07:54:12.599 fr.inria.lille.repair.nopol.NoPol - Analysing SourceLocation java_programs.FLATTEN:23 which is executed by 2 tests
07:54:12.851 fr.inria.lille.repair.nopol.NoPol - ----INFORMATION----
07:54:12.908 fr.inria.lille.repair.nopol.NoPol - Nb classes : 3
07:54:12.908 fr.inria.lille.repair.nopol.NoPol - Nb methods : 9
07:54:12.908 fr.inria.lille.repair.nopol.NoPol - Nb Statements Analyzed : 8
07:54:12.908 fr.inria.lille.repair.nopol.NoPol - Nb Statements with Angelic Value Found : 0
07:54:12.908 fr.inria.lille.repair.nopol.NoPol - Nb inputs in SMT : 0
07:54:12.909 fr.inria.lille.repair.nopol.NoPol - Nb SMT level: 0
07:54:12.909 fr.inria.lille.repair.nopol.NoPol - Nb variables in SMT : 0
07:54:12.909 fr.inria.lille.repair.nopol.NoPol - NoPol Execution time : 58351ms
07:54:12.909 fr.inria.lille.repair.nopol.NoPol - 
