cd /users2/cpca56132020/moliveira/folders/Nopol_QUIXBUGS_LCS_LENGTH/Nopol_QuixBugs_LCS_LENGTH_;
export JAVA_TOOL_OPTIONS="-Dfile.encoding=UTF8 -Duser.language=en-US -Duser.country=US -Duser.language=en";
TZ="America/New_York"; export TZ;
export PATH="/usr/lib/jvm/java-1.8.0-openjdk/bin:$PATH";
export JAVA_HOME="/usr/lib/jvm/java-1.8.0-openjdk/bin";
time java -Xmx4g -Xms1g -cp /users2/cpca56132020/moliveira/RepairThemAll/script/../repair_tools/nopol.jar:/usr/lib/jvm/java-1.8.0-openjdk/bin/../lib/tools.jar fr.inria.lille.repair.Main \
	--mode repair \
	--type pre_then_cond \
	--oracle angelic \
	--synthesis smt \
	--flocal gzoltar \
	--json \
	--solver z3 \
	--solver-path /users2/cpca56132020/moliveira/RepairThemAll/script/../libs/z3/build/z3 \
	--complianceLevel 8 \
	--source src/main/java \
	--classpath "target/classes:target/test-classes:/users2/cpca56132020/moliveira/.m2/repository/junit/junit/4.11/junit-4.11.jar:/users2/cpca56132020/moliveira/.m2/repository/org/hamcrest/hamcrest-core/1.3/hamcrest-core-1.3.jar:/users2/cpca56132020/moliveira/RepairThemAll/script/../repair_tools/nopol.jar";
	echo "\n\nNode: `hostname`\n";
	echo "\n\nDate: `date`\n";
Picked up JAVA_TOOL_OPTIONS: -Dfile.encoding=UTF8 -Duser.language=en-US -Duser.country=US -Duser.language=en
10:00:43.370 [main] INFO  fr.inria.lille.repair.nopol.NoPol - Source files: [src/main/java]
10:00:43.377 [main] INFO  fr.inria.lille.repair.nopol.NoPol - Classpath: [file:/users2/cpca56132020/moliveira/folders/Nopol_QUIXBUGS_LCS_LENGTH/Nopol_QuixBugs_LCS_LENGTH_/target/classes/, file:/users2/cpca56132020/moliveira/folders/Nopol_QUIXBUGS_LCS_LENGTH/Nopol_QuixBugs_LCS_LENGTH_/target/test-classes/, file:/users2/cpca56132020/moliveira/.m2/repository/junit/junit/4.11/junit-4.11.jar, file:/users2/cpca56132020/moliveira/.m2/repository/org/hamcrest/hamcrest-core/1.3/hamcrest-core-1.3.jar, file:/users2/cpca56132020/moliveira/RepairThemAll/script/../repair_tools/nopol.jar]
10:00:43.378 [main] INFO  fr.inria.lille.repair.nopol.NoPol - Statement type: PRE_THEN_COND
10:00:43.378 [main] INFO  fr.inria.lille.repair.nopol.NoPol - Args: [java_testcases.junit.LCS_LENGTH_Test]
10:00:43.380 [main] INFO  fr.inria.lille.repair.nopol.NoPol - Config: Config{synthesisDepth=3, collectStaticMethods=true, collectStaticFields=false, collectLiterals=false, onlyOneSynthesisResult=true, sortExpressions=true, maxLineInvocationPerTest=250, timeoutMethodInvocation=2000, dataCollectionTimeoutInSecondForSynthesis=900, addWeight=0.19478, subWeight=0.04554, mulWeight=0.0102, divWeight=0.00613, andWeight=0.10597, orWeight=0.05708, eqWeight=0.22798, nEqWeight=0.0, lessEqWeight=0.0255, lessWeight=0.0947, methodCallWeight=0.1, fieldAccessWeight=0.08099, constantWeight=0.14232, variableWeight=0.05195, mode=REPAIR, type=PRE_THEN_COND, synthesis=SMT, oracle=ANGELIC, solver=Z3, solverPath='/users2/cpca56132020/moliveira/RepairThemAll/script/../libs/z3/build/z3', projectSources=[src/main/java], projectClasspath='[Ljava.net.URL;@16c0663d', projectTests=[java_testcases.junit.LCS_LENGTH_Test], complianceLevel=8, outputFolder=., json=true}
10:00:43.381 [main] INFO  fr.inria.lille.repair.nopol.NoPol - Available processors (cores): 1
10:00:43.384 [main] INFO  fr.inria.lille.repair.nopol.NoPol - Free memory: 968 MB
10:00:43.384 [main] INFO  fr.inria.lille.repair.nopol.NoPol - Maximum memory: 3 GB
10:00:43.384 [main] INFO  fr.inria.lille.repair.nopol.NoPol - Total memory available to JVM: 989 MB
10:00:43.384 [main] INFO  fr.inria.lille.repair.nopol.NoPol - Java version: 1.8.0_272
10:00:43.390 [main] INFO  fr.inria.lille.repair.nopol.NoPol - JAVA_HOME: /usr/lib/jvm/java-1.8.0-openjdk/bin
10:00:43.391 [main] INFO  fr.inria.lille.repair.nopol.NoPol - PATH: /usr/lib/jvm/java-1.8.0-openjdk/bin:/users2/cpca56132020/moliveira/deps/Maven/apache-maven/bin:/users2/cpca56132020/moliveira/deps/Gradle/gradle-6.8.3/bin:/usr/condabin:/usr/local/bin:/usr/bin:/usr/local/sbin:/usr/sbin:/users2/cpca56132020/moliveira/.local/bin:/users2/cpca56132020/moliveira/bin
10:00:50.061 [pool-2-thread-1] DEBUG fr.inria.lille.repair.nopol.NoPol - statement #1
10:00:50.064 [pool-2-thread-1] DEBUG fr.inria.lille.repair.nopol.NoPol - Analysing SourceLocation java_programs.LCS_LENGTH:40 which is executed by 8 tests
684284618
10:00:50.308 [pool-2-thread-1] DEBUG fr.inria.lille.repair.nopol.NoPol - statement #2
10:00:50.308 [pool-2-thread-1] DEBUG fr.inria.lille.repair.nopol.NoPol - Analysing SourceLocation java_programs.LCS_LENGTH:39 which is executed by 8 tests
684284618
10:00:50.433 [pool-2-thread-1] DEBUG fr.inria.lille.repair.nopol.NoPol - looking with class fr.inria.lille.repair.nopol.spoon.smt.ConditionalAdder
10:00:51.833 [pool-3-thread-1] DEBUG tests.output - Failing tests with false: 
[test_7(java_testcases.junit.LCS_LENGTH_Test): expected:<3> but was:<2>, test_6(java_testcases.junit.LCS_LENGTH_Test): expected:<6> but was:<1>, test_8(java_testcases.junit.LCS_LENGTH_Test): expected:<3> but was:<1>, test_3(java_testcases.junit.LCS_LENGTH_Test): expected:<3> but was:<1>, test_5(java_testcases.junit.LCS_LENGTH_Test): expected:<7> but was:<1>, test_4(java_testcases.junit.LCS_LENGTH_Test): expected:<3> but was:<1>, test_1(java_testcases.junit.LCS_LENGTH_Test): expected:<4> but was:<1>, test_0(java_testcases.junit.LCS_LENGTH_Test): expected:<2> but was:<1>]
10:00:51.833 [pool-3-thread-1] DEBUG tests.output - Failing tests with true: 
[test_7(java_testcases.junit.LCS_LENGTH_Test): expected:<3> but was:<2>, test_6(java_testcases.junit.LCS_LENGTH_Test): expected:<6> but was:<1>, test_8(java_testcases.junit.LCS_LENGTH_Test): expected:<3> but was:<1>, test_3(java_testcases.junit.LCS_LENGTH_Test): expected:<3> but was:<1>, test_5(java_testcases.junit.LCS_LENGTH_Test): expected:<7> but was:<1>, test_4(java_testcases.junit.LCS_LENGTH_Test): expected:<3> but was:<1>, test_1(java_testcases.junit.LCS_LENGTH_Test): expected:<4> but was:<1>, test_0(java_testcases.junit.LCS_LENGTH_Test): expected:<2> but was:<1>]
10:00:51.833 [pool-3-thread-1] INFO  f.i.l.r.n.synth.SMTNopolSynthesizer - Not enough specifications: 0. A trivial patch is "true" or "false", please write new tests specifying SourceLocation java_programs.LCS_LENGTH:39.
10:00:51.834 [pool-2-thread-1] DEBUG fr.inria.lille.repair.nopol.NoPol - statement #3
10:00:51.834 [pool-2-thread-1] DEBUG fr.inria.lille.repair.nopol.NoPol - Analysing SourceLocation java_programs.LCS_LENGTH:38 which is executed by 8 tests
684284618
10:00:51.932 [pool-2-thread-1] DEBUG fr.inria.lille.repair.nopol.NoPol - looking with class fr.inria.lille.repair.nopol.spoon.smt.ConditionalAdder
10:00:52.790 [pool-21-thread-1] DEBUG tests.output - Failing tests with false: 
[test_7(java_testcases.junit.LCS_LENGTH_Test): expected:<3> but was:<1>, test_6(java_testcases.junit.LCS_LENGTH_Test): expected:<6> but was:<0>, test_8(java_testcases.junit.LCS_LENGTH_Test): expected:<3> but was:<0>, test_3(java_testcases.junit.LCS_LENGTH_Test): expected:<3> but was:<1>, test_5(java_testcases.junit.LCS_LENGTH_Test): expected:<7> but was:<1>, test_4(java_testcases.junit.LCS_LENGTH_Test): expected:<3> but was:<1>, test_1(java_testcases.junit.LCS_LENGTH_Test): expected:<4> but was:<1>, test_0(java_testcases.junit.LCS_LENGTH_Test): expected:<2> but was:<1>]
10:00:52.790 [pool-21-thread-1] DEBUG tests.output - Failing tests with true: 
[test_7(java_testcases.junit.LCS_LENGTH_Test): expected:<3> but was:<2>, test_6(java_testcases.junit.LCS_LENGTH_Test): expected:<6> but was:<1>, test_8(java_testcases.junit.LCS_LENGTH_Test): expected:<3> but was:<1>, test_3(java_testcases.junit.LCS_LENGTH_Test): expected:<3> but was:<1>, test_5(java_testcases.junit.LCS_LENGTH_Test): expected:<7> but was:<1>, test_4(java_testcases.junit.LCS_LENGTH_Test): expected:<3> but was:<1>, test_1(java_testcases.junit.LCS_LENGTH_Test): expected:<4> but was:<1>, test_0(java_testcases.junit.LCS_LENGTH_Test): expected:<2> but was:<1>]
10:00:52.790 [pool-21-thread-1] INFO  f.i.l.r.n.synth.SMTNopolSynthesizer - Not enough specifications: 0. A trivial patch is "true" or "false", please write new tests specifying SourceLocation java_programs.LCS_LENGTH:38.
10:00:52.790 [pool-2-thread-1] DEBUG fr.inria.lille.repair.nopol.NoPol - statement #4
10:00:52.791 [pool-2-thread-1] DEBUG fr.inria.lille.repair.nopol.NoPol - Analysing SourceLocation java_programs.LCS_LENGTH:37 which is executed by 8 tests
684284618
10:00:52.868 [pool-2-thread-1] DEBUG fr.inria.lille.repair.nopol.NoPol - statement #5
10:00:52.881 [pool-2-thread-1] DEBUG fr.inria.lille.repair.nopol.NoPol - Analysing SourceLocation java_programs.LCS_LENGTH:36 which is executed by 8 tests
684284618
10:00:52.954 [pool-2-thread-1] DEBUG fr.inria.lille.repair.nopol.NoPol - statement #6
10:00:52.954 [pool-2-thread-1] DEBUG fr.inria.lille.repair.nopol.NoPol - Analysing SourceLocation java_programs.LCS_LENGTH:35 which is executed by 8 tests
684284618
10:00:53.063 [pool-2-thread-1] DEBUG fr.inria.lille.repair.nopol.NoPol - looking with class fr.inria.lille.repair.nopol.spoon.smt.ConditionalAdder
10:00:53.517 [pool-39-thread-1] DEBUG tests.output - Failing tests with false: 
[test_7(java_testcases.junit.LCS_LENGTH_Test): expected:<3> but was:<0>, test_6(java_testcases.junit.LCS_LENGTH_Test): expected:<6> but was:<0>, test_8(java_testcases.junit.LCS_LENGTH_Test): expected:<3> but was:<0>, test_3(java_testcases.junit.LCS_LENGTH_Test): expected:<3> but was:<0>, test_5(java_testcases.junit.LCS_LENGTH_Test): expected:<7> but was:<0>, test_4(java_testcases.junit.LCS_LENGTH_Test): expected:<3> but was:<0>, test_1(java_testcases.junit.LCS_LENGTH_Test): expected:<4> but was:<0>, test_0(java_testcases.junit.LCS_LENGTH_Test): expected:<2> but was:<0>]
10:00:53.517 [pool-39-thread-1] DEBUG tests.output - Failing tests with true: 
[test_7(java_testcases.junit.LCS_LENGTH_Test): expected:<3> but was:<2>, test_6(java_testcases.junit.LCS_LENGTH_Test): expected:<6> but was:<1>, test_8(java_testcases.junit.LCS_LENGTH_Test): expected:<3> but was:<1>, test_3(java_testcases.junit.LCS_LENGTH_Test): expected:<3> but was:<1>, test_5(java_testcases.junit.LCS_LENGTH_Test): expected:<7> but was:<1>, test_4(java_testcases.junit.LCS_LENGTH_Test): expected:<3> but was:<1>, test_1(java_testcases.junit.LCS_LENGTH_Test): expected:<4> but was:<1>, test_0(java_testcases.junit.LCS_LENGTH_Test): expected:<2> but was:<1>]
10:00:53.519 [pool-39-thread-1] INFO  f.i.l.r.n.synth.SMTNopolSynthesizer - Not enough specifications: 0. A trivial patch is "true" or "false", please write new tests specifying SourceLocation java_programs.LCS_LENGTH:35.
10:00:53.519 [pool-2-thread-1] DEBUG fr.inria.lille.repair.nopol.NoPol - looking with class fr.inria.lille.repair.nopol.spoon.smt.ConditionalReplacer
10:00:53.863 [pool-57-thread-1] DEBUG tests.output - Failing tests with false: 
[test_7(java_testcases.junit.LCS_LENGTH_Test): expected:<3> but was:<1>, test_6(java_testcases.junit.LCS_LENGTH_Test): expected:<6> but was:<1>, test_8(java_testcases.junit.LCS_LENGTH_Test): expected:<3> but was:<1>, test_3(java_testcases.junit.LCS_LENGTH_Test): expected:<3> but was:<1>, test_5(java_testcases.junit.LCS_LENGTH_Test): expected:<7> but was:<1>, test_4(java_testcases.junit.LCS_LENGTH_Test): expected:<3> but was:<1>, test_1(java_testcases.junit.LCS_LENGTH_Test): expected:<4> but was:<1>, test_0(java_testcases.junit.LCS_LENGTH_Test): expected:<2> but was:<1>]
10:00:53.864 [pool-57-thread-1] DEBUG tests.output - Failing tests with true: 
[test_7(java_testcases.junit.LCS_LENGTH_Test): null, test_6(java_testcases.junit.LCS_LENGTH_Test): expected:<6> but was:<1>, test_8(java_testcases.junit.LCS_LENGTH_Test): expected:<3> but was:<1>, test_3(java_testcases.junit.LCS_LENGTH_Test): null, test_5(java_testcases.junit.LCS_LENGTH_Test): null, test_4(java_testcases.junit.LCS_LENGTH_Test): null, test_1(java_testcases.junit.LCS_LENGTH_Test): null, test_0(java_testcases.junit.LCS_LENGTH_Test): null]
10:00:53.864 [pool-57-thread-1] INFO  f.i.l.r.n.synth.SMTNopolSynthesizer - Not enough specifications: 0. A trivial patch is "true" or "false", please write new tests specifying SourceLocation java_programs.LCS_LENGTH:35.
10:00:53.864 [pool-2-thread-1] DEBUG fr.inria.lille.repair.nopol.NoPol - statement #7
10:00:53.864 [pool-2-thread-1] DEBUG fr.inria.lille.repair.nopol.NoPol - Analysing SourceLocation java_programs.LCS_LENGTH:33 which is executed by 8 tests
684284618
10:00:53.963 [pool-2-thread-1] DEBUG fr.inria.lille.repair.nopol.NoPol - looking with class fr.inria.lille.repair.nopol.spoon.smt.ConditionalAdder
10:00:54.436 [pool-75-thread-1] DEBUG tests.output - Failing tests with false: 
[test_7(java_testcases.junit.LCS_LENGTH_Test): expected:<3> but was:<0>, test_6(java_testcases.junit.LCS_LENGTH_Test): expected:<6> but was:<0>, test_8(java_testcases.junit.LCS_LENGTH_Test): expected:<3> but was:<0>, test_3(java_testcases.junit.LCS_LENGTH_Test): expected:<3> but was:<0>, test_5(java_testcases.junit.LCS_LENGTH_Test): expected:<7> but was:<0>, test_4(java_testcases.junit.LCS_LENGTH_Test): expected:<3> but was:<0>, test_1(java_testcases.junit.LCS_LENGTH_Test): expected:<4> but was:<0>, test_0(java_testcases.junit.LCS_LENGTH_Test): expected:<2> but was:<0>]
10:00:54.437 [pool-75-thread-1] DEBUG tests.output - Failing tests with true: 
[test_7(java_testcases.junit.LCS_LENGTH_Test): expected:<3> but was:<2>, test_6(java_testcases.junit.LCS_LENGTH_Test): expected:<6> but was:<1>, test_8(java_testcases.junit.LCS_LENGTH_Test): expected:<3> but was:<1>, test_3(java_testcases.junit.LCS_LENGTH_Test): expected:<3> but was:<1>, test_5(java_testcases.junit.LCS_LENGTH_Test): expected:<7> but was:<1>, test_4(java_testcases.junit.LCS_LENGTH_Test): expected:<3> but was:<1>, test_1(java_testcases.junit.LCS_LENGTH_Test): expected:<4> but was:<1>, test_0(java_testcases.junit.LCS_LENGTH_Test): expected:<2> but was:<1>]
10:00:54.437 [pool-75-thread-1] INFO  f.i.l.r.n.synth.SMTNopolSynthesizer - Not enough specifications: 0. A trivial patch is "true" or "false", please write new tests specifying SourceLocation java_programs.LCS_LENGTH:33.
10:00:54.437 [pool-2-thread-1] DEBUG fr.inria.lille.repair.nopol.NoPol - looking with class fr.inria.lille.repair.nopol.spoon.smt.ConditionalReplacer
10:00:54.784 [pool-93-thread-1] DEBUG tests.output - Failing tests with false: 
[test_7(java_testcases.junit.LCS_LENGTH_Test): expected:<3> but was:<0>, test_6(java_testcases.junit.LCS_LENGTH_Test): expected:<6> but was:<0>, test_8(java_testcases.junit.LCS_LENGTH_Test): expected:<3> but was:<0>, test_3(java_testcases.junit.LCS_LENGTH_Test): expected:<3> but was:<0>, test_5(java_testcases.junit.LCS_LENGTH_Test): expected:<7> but was:<0>, test_4(java_testcases.junit.LCS_LENGTH_Test): expected:<3> but was:<0>, test_1(java_testcases.junit.LCS_LENGTH_Test): expected:<4> but was:<0>, test_0(java_testcases.junit.LCS_LENGTH_Test): expected:<2> but was:<0>]
10:00:54.784 [pool-93-thread-1] DEBUG tests.output - Failing tests with true: 
[test_7(java_testcases.junit.LCS_LENGTH_Test): expected:<3> but was:<6>, test_6(java_testcases.junit.LCS_LENGTH_Test): expected:<6> but was:<9>, test_8(java_testcases.junit.LCS_LENGTH_Test): expected:<3> but was:<11>, test_4(java_testcases.junit.LCS_LENGTH_Test): expected:<3> but was:<6>, test_0(java_testcases.junit.LCS_LENGTH_Test): expected:<2> but was:<5>]
10:00:54.784 [pool-93-thread-1] INFO  f.i.l.r.n.synth.SMTNopolSynthesizer - Not enough specifications: 0. A trivial patch is "true" or "false", please write new tests specifying SourceLocation java_programs.LCS_LENGTH:33.
10:00:54.785 [pool-2-thread-1] DEBUG fr.inria.lille.repair.nopol.NoPol - statement #8
10:00:54.785 [pool-2-thread-1] DEBUG fr.inria.lille.repair.nopol.NoPol - Analysing SourceLocation java_programs.LCS_LENGTH:26 which is executed by 8 tests
684284618
10:00:54.853 [pool-2-thread-1] DEBUG fr.inria.lille.repair.nopol.NoPol - looking with class fr.inria.lille.repair.nopol.spoon.smt.ConditionalAdder
10:00:55.328 [pool-111-thread-1] DEBUG tests.output - Failing tests with false: 
[test_7(java_testcases.junit.LCS_LENGTH_Test): expected:<3> but was:<2>, test_6(java_testcases.junit.LCS_LENGTH_Test): expected:<6> but was:<1>, test_8(java_testcases.junit.LCS_LENGTH_Test): expected:<3> but was:<1>, test_3(java_testcases.junit.LCS_LENGTH_Test): expected:<3> but was:<1>, test_5(java_testcases.junit.LCS_LENGTH_Test): expected:<7> but was:<1>, test_4(java_testcases.junit.LCS_LENGTH_Test): expected:<3> but was:<1>, test_1(java_testcases.junit.LCS_LENGTH_Test): expected:<4> but was:<1>, test_0(java_testcases.junit.LCS_LENGTH_Test): expected:<2> but was:<1>]
10:00:55.329 [pool-111-thread-1] DEBUG tests.output - Failing tests with true: 
[test_7(java_testcases.junit.LCS_LENGTH_Test): expected:<3> but was:<2>, test_6(java_testcases.junit.LCS_LENGTH_Test): expected:<6> but was:<1>, test_8(java_testcases.junit.LCS_LENGTH_Test): expected:<3> but was:<1>, test_3(java_testcases.junit.LCS_LENGTH_Test): expected:<3> but was:<1>, test_5(java_testcases.junit.LCS_LENGTH_Test): expected:<7> but was:<1>, test_4(java_testcases.junit.LCS_LENGTH_Test): expected:<3> but was:<1>, test_1(java_testcases.junit.LCS_LENGTH_Test): expected:<4> but was:<1>, test_0(java_testcases.junit.LCS_LENGTH_Test): expected:<2> but was:<1>]
10:00:55.329 [pool-111-thread-1] INFO  f.i.l.r.n.synth.SMTNopolSynthesizer - Not enough specifications: 0. A trivial patch is "true" or "false", please write new tests specifying SourceLocation java_programs.LCS_LENGTH:26.
10:00:55.329 [pool-2-thread-1] DEBUG fr.inria.lille.repair.nopol.NoPol - statement #9
10:00:55.329 [pool-2-thread-1] DEBUG fr.inria.lille.repair.nopol.NoPol - Analysing SourceLocation java_programs.LCS_LENGTH:25 which is executed by 8 tests
684284618
10:00:55.400 [pool-2-thread-1] DEBUG fr.inria.lille.repair.nopol.NoPol - looking with class fr.inria.lille.repair.nopol.spoon.smt.ConditionalAdder
10:00:55.661 [pool-129-thread-1] DEBUG tests.output - Failing tests with false: 
[test_7(java_testcases.junit.LCS_LENGTH_Test): null, test_6(java_testcases.junit.LCS_LENGTH_Test): null, test_8(java_testcases.junit.LCS_LENGTH_Test): null, test_3(java_testcases.junit.LCS_LENGTH_Test): null, test_5(java_testcases.junit.LCS_LENGTH_Test): null, test_4(java_testcases.junit.LCS_LENGTH_Test): null, test_1(java_testcases.junit.LCS_LENGTH_Test): null, test_0(java_testcases.junit.LCS_LENGTH_Test): null]
10:00:55.661 [pool-129-thread-1] DEBUG tests.output - Failing tests with true: 
[test_7(java_testcases.junit.LCS_LENGTH_Test): expected:<3> but was:<2>, test_6(java_testcases.junit.LCS_LENGTH_Test): expected:<6> but was:<1>, test_8(java_testcases.junit.LCS_LENGTH_Test): expected:<3> but was:<1>, test_3(java_testcases.junit.LCS_LENGTH_Test): expected:<3> but was:<1>, test_5(java_testcases.junit.LCS_LENGTH_Test): expected:<7> but was:<1>, test_4(java_testcases.junit.LCS_LENGTH_Test): expected:<3> but was:<1>, test_1(java_testcases.junit.LCS_LENGTH_Test): expected:<4> but was:<1>, test_0(java_testcases.junit.LCS_LENGTH_Test): expected:<2> but was:<1>]
10:00:55.661 [pool-129-thread-1] INFO  f.i.l.r.n.synth.SMTNopolSynthesizer - Not enough specifications: 0. A trivial patch is "true" or "false", please write new tests specifying SourceLocation java_programs.LCS_LENGTH:25.
10:00:55.662 [pool-2-thread-1] DEBUG fr.inria.lille.repair.nopol.NoPol - statement #10
10:00:55.662 [pool-2-thread-1] DEBUG fr.inria.lille.repair.nopol.NoPol - Analysing SourceLocation java_programs.LCS_LENGTH:24 which is executed by 8 tests
684284618
10:00:55.743 [pool-2-thread-1] DEBUG fr.inria.lille.repair.nopol.NoPol - statement #11
10:00:55.743 [pool-2-thread-1] DEBUG fr.inria.lille.repair.nopol.NoPol - Analysing SourceLocation java_programs.LCS_LENGTH:54 which is executed by 9 tests
684284618
10:00:55.815 [pool-2-thread-1] DEBUG fr.inria.lille.repair.nopol.NoPol - looking with class fr.inria.lille.repair.nopol.spoon.smt.ConditionalAdder
10:00:56.039 [pool-147-thread-1] ERROR x.java.compiler.DynamicClassCompiler - [Compilation errors]
LCS_LENGTH.java:56: error: missing return statement
    }
    ^
10:00:56.046 [pool-147-thread-1] ERROR f.i.l.r.n.s.ConstraintModelBuilder - Unable to compile the change: 
public class LCS_LENGTH {
    public static java.lang.Integer lcs_length(java.lang.String s, java.lang.String t) {
        java.util.Map<java.lang.Integer, java.util.Map<java.lang.Integer, java.lang.Integer>> dp = new java.util.HashMap<java.lang.Integer, java.util.Map<java.lang.Integer, java.lang.Integer>>();
        for (int i = 0; i < s.length(); i++) {
            java.util.Map<java.lang.Integer, java.lang.Integer> initialize = new java.util.HashMap<java.lang.Integer, java.lang.Integer>();
            dp.put(i, initialize);
            for (int j = 0; j < t.length(); j++) {
                java.util.Map<java.lang.Integer, java.lang.Integer> internal_map = dp.get(i);
                internal_map.put(j, 0);
                dp.put(i, internal_map);
            }
        }
        for (int i = 0; i < s.length(); i++) {
            for (int j = 0; j < t.length(); j++) {
                if (s.charAt(i) == t.charAt(j)) {
                    if (dp.containsKey(i - 1)) {
                        java.util.Map<java.lang.Integer, java.lang.Integer> internal_map = dp.get(i);
                        int insert_value = dp.get(i - 1).get(j) + 1;
                        internal_map.put(j, insert_value);
                        dp.put(i, internal_map);
                    } else {
                        java.util.Map<java.lang.Integer, java.lang.Integer> internal_map = dp.get(i);
                        internal_map.put(j, 1);
                        dp.put(i, internal_map);
                    }
                }
            }
        }
        if (!dp.isEmpty()) {
            java.util.List<java.lang.Integer> ret_list = new java.util.ArrayList<java.lang.Integer>();
            for (int i = 0; i < s.length(); i++) {
                ret_list.add(!dp.get(i).isEmpty() ? java.util.Collections.max(dp.get(i).values()) : 0);
            }
            boolean spoonDefaultValue = false;
            try {
                spoonDefaultValue = true;
            } catch (java.lang.Exception __NopolProcessorException) {
            }
            boolean runtimeAngelicValue = fr.inria.lille.repair.nopol.synth.AngelicExecution.angelicValue(spoonDefaultValue);
            if (fr.inria.lille.commons.trace.RuntimeValues.instance(8).isEnabled()) {
                fr.inria.lille.commons.trace.RuntimeValues.instance(8).collectionStarts();
                try{fr.inria.lille.commons.trace.RuntimeValues.instance(8).collectInput("s",s);} catch (Exception ex1) {ex1.printStackTrace();};
                try{fr.inria.lille.commons.trace.RuntimeValues.instance(8).collectInput("dp",dp);} catch (Exception ex1) {ex1.printStackTrace();};
                try{fr.inria.lille.commons.trace.RuntimeValues.instance(8).collectInput("t",t);} catch (Exception ex1) {ex1.printStackTrace();};
                try{fr.inria.lille.commons.trace.RuntimeValues.instance(8).collectInput("ret_list",ret_list);} catch (Exception ex1) {ex1.printStackTrace();};
                fr.inria.lille.commons.trace.RuntimeValues.instance(8).collectOutput(runtimeAngelicValue);
                fr.inria.lille.commons.trace.RuntimeValues.instance(8).collectionEnds();
            }
            if (runtimeAngelicValue)
                return java.util.Collections.max(ret_list);

        } else {
            return 0;
        }
    }
}
10:00:56.059 [pool-2-thread-1] ERROR fr.inria.lille.repair.nopol.NoPol - Error ExecutionException java.util.concurrent.ExecutionException: xxl.java.compiler.DynamicCompilationException: Aborting: dynamic compilation failed
10:00:56.059 [pool-2-thread-1] DEBUG fr.inria.lille.repair.nopol.NoPol - statement #12
10:00:56.060 [pool-2-thread-1] DEBUG fr.inria.lille.repair.nopol.NoPol - Analysing SourceLocation java_programs.LCS_LENGTH:52 which is executed by 9 tests
684284618
10:00:56.126 [pool-2-thread-1] DEBUG fr.inria.lille.repair.nopol.NoPol - looking with class fr.inria.lille.repair.nopol.spoon.smt.ConditionalAdder
10:00:56.438 [pool-149-thread-1] DEBUG tests.output - Failing tests with false: 
[test_7(java_testcases.junit.LCS_LENGTH_Test): null, test_6(java_testcases.junit.LCS_LENGTH_Test): null, test_8(java_testcases.junit.LCS_LENGTH_Test): null, test_3(java_testcases.junit.LCS_LENGTH_Test): null, test_5(java_testcases.junit.LCS_LENGTH_Test): null, test_4(java_testcases.junit.LCS_LENGTH_Test): null, test_1(java_testcases.junit.LCS_LENGTH_Test): null, test_0(java_testcases.junit.LCS_LENGTH_Test): null]
10:00:56.438 [pool-149-thread-1] DEBUG tests.output - Failing tests with true: 
[test_7(java_testcases.junit.LCS_LENGTH_Test): expected:<3> but was:<2>, test_6(java_testcases.junit.LCS_LENGTH_Test): expected:<6> but was:<1>, test_8(java_testcases.junit.LCS_LENGTH_Test): expected:<3> but was:<1>, test_3(java_testcases.junit.LCS_LENGTH_Test): expected:<3> but was:<1>, test_5(java_testcases.junit.LCS_LENGTH_Test): expected:<7> but was:<1>, test_4(java_testcases.junit.LCS_LENGTH_Test): expected:<3> but was:<1>, test_1(java_testcases.junit.LCS_LENGTH_Test): expected:<4> but was:<1>, test_0(java_testcases.junit.LCS_LENGTH_Test): expected:<2> but was:<1>]
10:00:56.438 [pool-149-thread-1] INFO  f.i.l.r.n.synth.SMTNopolSynthesizer - Not enough specifications: 0. A trivial patch is "true" or "false", please write new tests specifying SourceLocation java_programs.LCS_LENGTH:52.
10:00:56.438 [pool-2-thread-1] DEBUG fr.inria.lille.repair.nopol.NoPol - statement #13
10:00:56.438 [pool-2-thread-1] DEBUG fr.inria.lille.repair.nopol.NoPol - Analysing SourceLocation java_programs.LCS_LENGTH:51 which is executed by 9 tests
684284618
10:00:56.519 [pool-2-thread-1] DEBUG fr.inria.lille.repair.nopol.NoPol - looking with class fr.inria.lille.repair.nopol.spoon.smt.ConditionalAdder
10:00:57.152 [pool-167-thread-1] DEBUG tests.output - Failing tests with false: 
[test_7(java_testcases.junit.LCS_LENGTH_Test): null, test_6(java_testcases.junit.LCS_LENGTH_Test): null, test_8(java_testcases.junit.LCS_LENGTH_Test): null, test_3(java_testcases.junit.LCS_LENGTH_Test): null, test_5(java_testcases.junit.LCS_LENGTH_Test): null, test_4(java_testcases.junit.LCS_LENGTH_Test): null, test_1(java_testcases.junit.LCS_LENGTH_Test): null, test_0(java_testcases.junit.LCS_LENGTH_Test): null]
10:00:57.152 [pool-167-thread-1] DEBUG tests.output - Failing tests with true: 
[test_7(java_testcases.junit.LCS_LENGTH_Test): expected:<3> but was:<2>, test_6(java_testcases.junit.LCS_LENGTH_Test): expected:<6> but was:<1>, test_8(java_testcases.junit.LCS_LENGTH_Test): expected:<3> but was:<1>, test_3(java_testcases.junit.LCS_LENGTH_Test): expected:<3> but was:<1>, test_5(java_testcases.junit.LCS_LENGTH_Test): expected:<7> but was:<1>, test_4(java_testcases.junit.LCS_LENGTH_Test): expected:<3> but was:<1>, test_1(java_testcases.junit.LCS_LENGTH_Test): expected:<4> but was:<1>, test_0(java_testcases.junit.LCS_LENGTH_Test): expected:<2> but was:<1>]
10:00:57.152 [pool-167-thread-1] INFO  f.i.l.r.n.synth.SMTNopolSynthesizer - Not enough specifications: 0. A trivial patch is "true" or "false", please write new tests specifying SourceLocation java_programs.LCS_LENGTH:51.
10:00:57.153 [pool-2-thread-1] DEBUG fr.inria.lille.repair.nopol.NoPol - statement #14
10:00:57.153 [pool-2-thread-1] DEBUG fr.inria.lille.repair.nopol.NoPol - Analysing SourceLocation java_programs.LCS_LENGTH:50 which is executed by 9 tests
684284618
10:00:57.270 [pool-2-thread-1] DEBUG fr.inria.lille.repair.nopol.NoPol - statement #15
10:00:57.271 [pool-2-thread-1] DEBUG fr.inria.lille.repair.nopol.NoPol - Analysing SourceLocation java_programs.LCS_LENGTH:49 which is executed by 9 tests
684284618
10:00:57.372 [pool-2-thread-1] DEBUG fr.inria.lille.repair.nopol.NoPol - looking with class fr.inria.lille.repair.nopol.spoon.smt.ConditionalReplacer
10:00:57.729 [pool-185-thread-1] DEBUG tests.output - Failing tests with false: 
[test_7(java_testcases.junit.LCS_LENGTH_Test): expected:<3> but was:<0>, test_6(java_testcases.junit.LCS_LENGTH_Test): expected:<6> but was:<0>, test_8(java_testcases.junit.LCS_LENGTH_Test): expected:<3> but was:<0>, test_3(java_testcases.junit.LCS_LENGTH_Test): expected:<3> but was:<0>, test_5(java_testcases.junit.LCS_LENGTH_Test): expected:<7> but was:<0>, test_4(java_testcases.junit.LCS_LENGTH_Test): expected:<3> but was:<0>, test_1(java_testcases.junit.LCS_LENGTH_Test): expected:<4> but was:<0>, test_0(java_testcases.junit.LCS_LENGTH_Test): expected:<2> but was:<0>]
10:00:57.729 [pool-185-thread-1] DEBUG tests.output - Failing tests with true: 
[test_7(java_testcases.junit.LCS_LENGTH_Test): expected:<3> but was:<2>, test_6(java_testcases.junit.LCS_LENGTH_Test): expected:<6> but was:<1>, test_8(java_testcases.junit.LCS_LENGTH_Test): expected:<3> but was:<1>, test_3(java_testcases.junit.LCS_LENGTH_Test): expected:<3> but was:<1>, test_5(java_testcases.junit.LCS_LENGTH_Test): expected:<7> but was:<1>, test_4(java_testcases.junit.LCS_LENGTH_Test): expected:<3> but was:<1>, test_1(java_testcases.junit.LCS_LENGTH_Test): expected:<4> but was:<1>, test_0(java_testcases.junit.LCS_LENGTH_Test): expected:<2> but was:<1>]
10:00:57.729 [pool-185-thread-1] INFO  f.i.l.r.n.synth.SMTNopolSynthesizer - Not enough specifications: 0. A trivial patch is "true" or "false", please write new tests specifying SourceLocation java_programs.LCS_LENGTH:49.
10:00:57.729 [pool-2-thread-1] DEBUG fr.inria.lille.repair.nopol.NoPol - statement #16
10:00:57.729 [pool-2-thread-1] DEBUG fr.inria.lille.repair.nopol.NoPol - Analysing SourceLocation java_programs.LCS_LENGTH:32 which is executed by 9 tests
684284618
10:00:57.806 [pool-2-thread-1] DEBUG fr.inria.lille.repair.nopol.NoPol - looking with class fr.inria.lille.repair.nopol.spoon.smt.ConditionalAdder
10:00:58.456 [pool-203-thread-1] DEBUG tests.output - Failing tests with false: 
[test_7(java_testcases.junit.LCS_LENGTH_Test): expected:<3> but was:<0>, test_6(java_testcases.junit.LCS_LENGTH_Test): expected:<6> but was:<0>, test_8(java_testcases.junit.LCS_LENGTH_Test): expected:<3> but was:<0>, test_3(java_testcases.junit.LCS_LENGTH_Test): expected:<3> but was:<0>, test_5(java_testcases.junit.LCS_LENGTH_Test): expected:<7> but was:<0>, test_4(java_testcases.junit.LCS_LENGTH_Test): expected:<3> but was:<0>, test_1(java_testcases.junit.LCS_LENGTH_Test): expected:<4> but was:<0>, test_0(java_testcases.junit.LCS_LENGTH_Test): expected:<2> but was:<0>]
10:00:58.456 [pool-203-thread-1] DEBUG tests.output - Failing tests with true: 
[test_7(java_testcases.junit.LCS_LENGTH_Test): expected:<3> but was:<2>, test_6(java_testcases.junit.LCS_LENGTH_Test): expected:<6> but was:<1>, test_8(java_testcases.junit.LCS_LENGTH_Test): expected:<3> but was:<1>, test_3(java_testcases.junit.LCS_LENGTH_Test): expected:<3> but was:<1>, test_5(java_testcases.junit.LCS_LENGTH_Test): expected:<7> but was:<1>, test_4(java_testcases.junit.LCS_LENGTH_Test): expected:<3> but was:<1>, test_1(java_testcases.junit.LCS_LENGTH_Test): expected:<4> but was:<1>, test_0(java_testcases.junit.LCS_LENGTH_Test): expected:<2> but was:<1>]
10:00:58.456 [pool-203-thread-1] INFO  f.i.l.r.n.synth.SMTNopolSynthesizer - Not enough specifications: 0. A trivial patch is "true" or "false", please write new tests specifying SourceLocation java_programs.LCS_LENGTH:32.
10:00:58.457 [pool-2-thread-1] DEBUG fr.inria.lille.repair.nopol.NoPol - statement #17
10:00:58.457 [pool-2-thread-1] DEBUG fr.inria.lille.repair.nopol.NoPol - Analysing SourceLocation java_programs.LCS_LENGTH:31 which is executed by 9 tests
684284618
10:00:58.519 [pool-2-thread-1] DEBUG fr.inria.lille.repair.nopol.NoPol - looking with class fr.inria.lille.repair.nopol.spoon.smt.ConditionalAdder
10:00:58.874 [pool-221-thread-1] DEBUG tests.output - Failing tests with false: 
[test_7(java_testcases.junit.LCS_LENGTH_Test): expected:<3> but was:<0>, test_6(java_testcases.junit.LCS_LENGTH_Test): expected:<6> but was:<0>, test_8(java_testcases.junit.LCS_LENGTH_Test): expected:<3> but was:<0>, test_3(java_testcases.junit.LCS_LENGTH_Test): expected:<3> but was:<0>, test_5(java_testcases.junit.LCS_LENGTH_Test): expected:<7> but was:<0>, test_4(java_testcases.junit.LCS_LENGTH_Test): expected:<3> but was:<0>, test_1(java_testcases.junit.LCS_LENGTH_Test): expected:<4> but was:<0>, test_0(java_testcases.junit.LCS_LENGTH_Test): expected:<2> but was:<0>]
10:00:58.875 [pool-221-thread-1] DEBUG tests.output - Failing tests with true: 
[test_7(java_testcases.junit.LCS_LENGTH_Test): expected:<3> but was:<2>, test_6(java_testcases.junit.LCS_LENGTH_Test): expected:<6> but was:<1>, test_8(java_testcases.junit.LCS_LENGTH_Test): expected:<3> but was:<1>, test_3(java_testcases.junit.LCS_LENGTH_Test): expected:<3> but was:<1>, test_5(java_testcases.junit.LCS_LENGTH_Test): expected:<7> but was:<1>, test_4(java_testcases.junit.LCS_LENGTH_Test): expected:<3> but was:<1>, test_1(java_testcases.junit.LCS_LENGTH_Test): expected:<4> but was:<1>, test_0(java_testcases.junit.LCS_LENGTH_Test): expected:<2> but was:<1>]
10:00:58.875 [pool-221-thread-1] INFO  f.i.l.r.n.synth.SMTNopolSynthesizer - Not enough specifications: 0. A trivial patch is "true" or "false", please write new tests specifying SourceLocation java_programs.LCS_LENGTH:31.
10:00:58.876 [pool-2-thread-1] DEBUG fr.inria.lille.repair.nopol.NoPol - statement #18
10:00:58.876 [pool-2-thread-1] DEBUG fr.inria.lille.repair.nopol.NoPol - Analysing SourceLocation java_programs.LCS_LENGTH:23 which is executed by 9 tests
684284618
10:00:58.963 [pool-2-thread-1] DEBUG fr.inria.lille.repair.nopol.NoPol - looking with class fr.inria.lille.repair.nopol.spoon.smt.ConditionalAdder
10:00:59.316 [pool-239-thread-1] DEBUG tests.output - Failing tests with false: 
[test_7(java_testcases.junit.LCS_LENGTH_Test): null, test_6(java_testcases.junit.LCS_LENGTH_Test): null, test_8(java_testcases.junit.LCS_LENGTH_Test): null, test_3(java_testcases.junit.LCS_LENGTH_Test): null, test_5(java_testcases.junit.LCS_LENGTH_Test): null, test_4(java_testcases.junit.LCS_LENGTH_Test): null, test_1(java_testcases.junit.LCS_LENGTH_Test): null, test_0(java_testcases.junit.LCS_LENGTH_Test): null]
10:00:59.316 [pool-239-thread-1] DEBUG tests.output - Failing tests with true: 
[test_7(java_testcases.junit.LCS_LENGTH_Test): expected:<3> but was:<2>, test_6(java_testcases.junit.LCS_LENGTH_Test): expected:<6> but was:<1>, test_8(java_testcases.junit.LCS_LENGTH_Test): expected:<3> but was:<1>, test_3(java_testcases.junit.LCS_LENGTH_Test): expected:<3> but was:<1>, test_5(java_testcases.junit.LCS_LENGTH_Test): expected:<7> but was:<1>, test_4(java_testcases.junit.LCS_LENGTH_Test): expected:<3> but was:<1>, test_1(java_testcases.junit.LCS_LENGTH_Test): expected:<4> but was:<1>, test_0(java_testcases.junit.LCS_LENGTH_Test): expected:<2> but was:<1>]
10:00:59.316 [pool-239-thread-1] INFO  f.i.l.r.n.synth.SMTNopolSynthesizer - Not enough specifications: 0. A trivial patch is "true" or "false", please write new tests specifying SourceLocation java_programs.LCS_LENGTH:23.
10:00:59.316 [pool-2-thread-1] DEBUG fr.inria.lille.repair.nopol.NoPol - statement #19
10:00:59.316 [pool-2-thread-1] DEBUG fr.inria.lille.repair.nopol.NoPol - Analysing SourceLocation java_programs.LCS_LENGTH:22 which is executed by 9 tests
684284618
10:00:59.372 [pool-2-thread-1] DEBUG fr.inria.lille.repair.nopol.NoPol - looking with class fr.inria.lille.repair.nopol.spoon.smt.ConditionalAdder
10:00:59.753 [pool-257-thread-1] DEBUG tests.output - Failing tests with false: 
[test_7(java_testcases.junit.LCS_LENGTH_Test): null, test_6(java_testcases.junit.LCS_LENGTH_Test): null, test_8(java_testcases.junit.LCS_LENGTH_Test): null, test_3(java_testcases.junit.LCS_LENGTH_Test): null, test_5(java_testcases.junit.LCS_LENGTH_Test): null, test_4(java_testcases.junit.LCS_LENGTH_Test): null, test_1(java_testcases.junit.LCS_LENGTH_Test): null, test_0(java_testcases.junit.LCS_LENGTH_Test): null]
10:00:59.753 [pool-257-thread-1] DEBUG tests.output - Failing tests with true: 
[test_7(java_testcases.junit.LCS_LENGTH_Test): expected:<3> but was:<2>, test_6(java_testcases.junit.LCS_LENGTH_Test): expected:<6> but was:<1>, test_8(java_testcases.junit.LCS_LENGTH_Test): expected:<3> but was:<1>, test_3(java_testcases.junit.LCS_LENGTH_Test): expected:<3> but was:<1>, test_5(java_testcases.junit.LCS_LENGTH_Test): expected:<7> but was:<1>, test_4(java_testcases.junit.LCS_LENGTH_Test): expected:<3> but was:<1>, test_1(java_testcases.junit.LCS_LENGTH_Test): expected:<4> but was:<1>, test_0(java_testcases.junit.LCS_LENGTH_Test): expected:<2> but was:<1>]
10:00:59.753 [pool-257-thread-1] INFO  f.i.l.r.n.synth.SMTNopolSynthesizer - Not enough specifications: 0. A trivial patch is "true" or "false", please write new tests specifying SourceLocation java_programs.LCS_LENGTH:22.
10:00:59.754 [pool-2-thread-1] DEBUG fr.inria.lille.repair.nopol.NoPol - statement #20
10:00:59.755 [pool-2-thread-1] DEBUG fr.inria.lille.repair.nopol.NoPol - Analysing SourceLocation java_programs.LCS_LENGTH:21 which is executed by 9 tests
684284618
10:00:59.845 [pool-2-thread-1] DEBUG fr.inria.lille.repair.nopol.NoPol - statement #21
10:00:59.845 [pool-2-thread-1] DEBUG fr.inria.lille.repair.nopol.NoPol - Analysing SourceLocation java_programs.LCS_LENGTH:20 which is executed by 9 tests
684284618
10:00:59.921 [pool-2-thread-1] DEBUG fr.inria.lille.repair.nopol.NoPol - looking with class fr.inria.lille.repair.nopol.spoon.smt.ConditionalAdder
10:01:00.183 [pool-275-thread-1] DEBUG tests.output - Failing tests with false: 
[test_7(java_testcases.junit.LCS_LENGTH_Test): null, test_6(java_testcases.junit.LCS_LENGTH_Test): null, test_8(java_testcases.junit.LCS_LENGTH_Test): null, test_3(java_testcases.junit.LCS_LENGTH_Test): null, test_5(java_testcases.junit.LCS_LENGTH_Test): null, test_4(java_testcases.junit.LCS_LENGTH_Test): null, test_1(java_testcases.junit.LCS_LENGTH_Test): null, test_0(java_testcases.junit.LCS_LENGTH_Test): null]
10:01:00.183 [pool-275-thread-1] DEBUG tests.output - Failing tests with true: 
[test_7(java_testcases.junit.LCS_LENGTH_Test): expected:<3> but was:<2>, test_6(java_testcases.junit.LCS_LENGTH_Test): expected:<6> but was:<1>, test_8(java_testcases.junit.LCS_LENGTH_Test): expected:<3> but was:<1>, test_3(java_testcases.junit.LCS_LENGTH_Test): expected:<3> but was:<1>, test_5(java_testcases.junit.LCS_LENGTH_Test): expected:<7> but was:<1>, test_4(java_testcases.junit.LCS_LENGTH_Test): expected:<3> but was:<1>, test_1(java_testcases.junit.LCS_LENGTH_Test): expected:<4> but was:<1>, test_0(java_testcases.junit.LCS_LENGTH_Test): expected:<2> but was:<1>]
10:01:00.183 [pool-275-thread-1] INFO  f.i.l.r.n.synth.SMTNopolSynthesizer - Not enough specifications: 0. A trivial patch is "true" or "false", please write new tests specifying SourceLocation java_programs.LCS_LENGTH:20.
10:01:00.183 [pool-2-thread-1] DEBUG fr.inria.lille.repair.nopol.NoPol - statement #22
10:01:00.183 [pool-2-thread-1] DEBUG fr.inria.lille.repair.nopol.NoPol - Analysing SourceLocation java_programs.LCS_LENGTH:17 which is executed by 9 tests
684284618
10:01:00.257 [pool-2-thread-1] DEBUG fr.inria.lille.repair.nopol.NoPol - statement #23
10:01:00.257 [pool-2-thread-1] DEBUG fr.inria.lille.repair.nopol.NoPol - Analysing SourceLocation java_programs.LCS_LENGTH:43 which is executed by 6 tests
684284618
10:01:00.302 [pool-2-thread-1] DEBUG fr.inria.lille.repair.nopol.NoPol - looking with class fr.inria.lille.repair.nopol.spoon.smt.ConditionalAdder
10:01:00.848 [pool-293-thread-1] DEBUG tests.output - Failing tests with false: 
[test_7(java_testcases.junit.LCS_LENGTH_Test): expected:<3> but was:<2>, test_6(java_testcases.junit.LCS_LENGTH_Test): expected:<6> but was:<1>, test_8(java_testcases.junit.LCS_LENGTH_Test): expected:<3> but was:<1>, test_3(java_testcases.junit.LCS_LENGTH_Test): expected:<3> but was:<1>, test_5(java_testcases.junit.LCS_LENGTH_Test): expected:<7> but was:<1>, test_4(java_testcases.junit.LCS_LENGTH_Test): expected:<3> but was:<1>, test_1(java_testcases.junit.LCS_LENGTH_Test): expected:<4> but was:<1>, test_0(java_testcases.junit.LCS_LENGTH_Test): expected:<2> but was:<1>]
10:01:00.848 [pool-293-thread-1] DEBUG tests.output - Failing tests with true: 
[test_7(java_testcases.junit.LCS_LENGTH_Test): expected:<3> but was:<2>, test_6(java_testcases.junit.LCS_LENGTH_Test): expected:<6> but was:<1>, test_8(java_testcases.junit.LCS_LENGTH_Test): expected:<3> but was:<1>, test_3(java_testcases.junit.LCS_LENGTH_Test): expected:<3> but was:<1>, test_5(java_testcases.junit.LCS_LENGTH_Test): expected:<7> but was:<1>, test_4(java_testcases.junit.LCS_LENGTH_Test): expected:<3> but was:<1>, test_1(java_testcases.junit.LCS_LENGTH_Test): expected:<4> but was:<1>, test_0(java_testcases.junit.LCS_LENGTH_Test): expected:<2> but was:<1>]
10:01:00.848 [pool-293-thread-1] INFO  f.i.l.r.n.synth.SMTNopolSynthesizer - Not enough specifications: 0. A trivial patch is "true" or "false", please write new tests specifying SourceLocation java_programs.LCS_LENGTH:43.
10:01:00.849 [pool-2-thread-1] DEBUG fr.inria.lille.repair.nopol.NoPol - statement #24
10:01:00.849 [pool-2-thread-1] DEBUG fr.inria.lille.repair.nopol.NoPol - Analysing SourceLocation java_programs.LCS_LENGTH:42 which is executed by 6 tests
684284618
10:01:00.919 [pool-2-thread-1] DEBUG fr.inria.lille.repair.nopol.NoPol - looking with class fr.inria.lille.repair.nopol.spoon.smt.ConditionalAdder
10:01:01.222 [pool-311-thread-1] DEBUG tests.output - Failing tests with false: 
[test_7(java_testcases.junit.LCS_LENGTH_Test): expected:<3> but was:<2>, test_6(java_testcases.junit.LCS_LENGTH_Test): expected:<6> but was:<1>, test_8(java_testcases.junit.LCS_LENGTH_Test): expected:<3> but was:<1>, test_3(java_testcases.junit.LCS_LENGTH_Test): expected:<3> but was:<1>, test_5(java_testcases.junit.LCS_LENGTH_Test): expected:<7> but was:<1>, test_4(java_testcases.junit.LCS_LENGTH_Test): expected:<3> but was:<1>, test_1(java_testcases.junit.LCS_LENGTH_Test): expected:<4> but was:<1>, test_0(java_testcases.junit.LCS_LENGTH_Test): expected:<2> but was:<1>]
10:01:01.223 [pool-311-thread-1] DEBUG tests.output - Failing tests with true: 
[test_7(java_testcases.junit.LCS_LENGTH_Test): expected:<3> but was:<2>, test_6(java_testcases.junit.LCS_LENGTH_Test): expected:<6> but was:<1>, test_8(java_testcases.junit.LCS_LENGTH_Test): expected:<3> but was:<1>, test_3(java_testcases.junit.LCS_LENGTH_Test): expected:<3> but was:<1>, test_5(java_testcases.junit.LCS_LENGTH_Test): expected:<7> but was:<1>, test_4(java_testcases.junit.LCS_LENGTH_Test): expected:<3> but was:<1>, test_1(java_testcases.junit.LCS_LENGTH_Test): expected:<4> but was:<1>, test_0(java_testcases.junit.LCS_LENGTH_Test): expected:<2> but was:<1>]
10:01:01.223 [pool-311-thread-1] INFO  f.i.l.r.n.synth.SMTNopolSynthesizer - Not enough specifications: 0. A trivial patch is "true" or "false", please write new tests specifying SourceLocation java_programs.LCS_LENGTH:42.
10:01:01.223 [pool-2-thread-1] DEBUG fr.inria.lille.repair.nopol.NoPol - statement #25
10:01:01.223 [pool-2-thread-1] DEBUG fr.inria.lille.repair.nopol.NoPol - Analysing SourceLocation java_programs.LCS_LENGTH:41 which is executed by 6 tests
684284618
10:01:01.267 [pool-2-thread-1] INFO  fr.inria.lille.repair.nopol.NoPol - ----INFORMATION----
10:01:01.300 [pool-2-thread-1] INFO  fr.inria.lille.repair.nopol.NoPol - Nb classes : 3
10:01:01.300 [pool-2-thread-1] INFO  fr.inria.lille.repair.nopol.NoPol - Nb methods : 9
10:01:01.300 [pool-2-thread-1] INFO  fr.inria.lille.repair.nopol.NoPol - Nb Statements Analyzed : 19
10:01:01.301 [pool-2-thread-1] INFO  fr.inria.lille.repair.nopol.NoPol - Nb Statements with Angelic Value Found : 0
10:01:01.301 [pool-2-thread-1] INFO  fr.inria.lille.repair.nopol.NoPol - Nb inputs in SMT : 0
10:01:01.302 [pool-2-thread-1] INFO  fr.inria.lille.repair.nopol.NoPol - Nb SMT level: 0
10:01:01.302 [pool-2-thread-1] INFO  fr.inria.lille.repair.nopol.NoPol - Nb variables in SMT : 0
10:01:01.302 [pool-2-thread-1] INFO  fr.inria.lille.repair.nopol.NoPol - NoPol Execution time : 17899ms
10:01:01.302 [pool-2-thread-1] INFO  fr.inria.lille.repair.nopol.NoPol - 
NO_ANGELIC_VALUE

real	0m18.641s
user	0m13.802s
sys	0m4.226s
\n\nNode: hpc060.ncg.ingrid.pt\n
\n\nDate: Sat Apr  3 10:01:01 EDT 2021\n
